<?xml version="1.0" encoding="UTF-8"?>
<testsuites name="AccountsHealthCheck" time="181" tests="5" failures="1" errors="0">
   <testsuite name="AccountsHealthCheck" tests="5" failures="1" errors="0" time="181" timestamp="2018-09-22 10:16:17" hostname="dast - WS-124157L.wz.hasbro.com" id="Test Suites/AccountsHealthCheck">
      <properties>
         <property name="deviceName" value=""/>
         <property name="devicePlatform" value=""/>
         <property name="logFolder" value="C:\\WZ\\New folder\\AccountsHealthCheck\\AccountsHealthCheck\\Reports\\AccountsHealthCheck\\20180922_101610"/>
         <property name="logFiles" value="C:\\WZ\\New folder\\AccountsHealthCheck\\AccountsHealthCheck\\Reports\\AccountsHealthCheck\\20180922_101610\\execution0.log"/>
         <property name="attachments" value="C:\\WZ\\New folder\\AccountsHealthCheck\\AccountsHealthCheck\\Reports\\AccountsHealthCheck\\20180922_101610\\1537636599606.png, C:\\WZ\\New folder\\AccountsHealthCheck\\AccountsHealthCheck\\Reports\\AccountsHealthCheck\\20180922_101610\\1537636631191.png, C:\\WZ\\New folder\\AccountsHealthCheck\\AccountsHealthCheck\\Reports\\AccountsHealthCheck\\20180922_101610\\1537636650972.png, C:\\WZ\\New folder\\AccountsHealthCheck\\AccountsHealthCheck\\Reports\\AccountsHealthCheck\\20180922_101610\\1537636722858.png, C:\\WZ\\New folder\\AccountsHealthCheck\\AccountsHealthCheck\\Reports\\AccountsHealthCheck\\20180922_101610\\1537636744747.png"/>
         <property name="hostName" value="dast - WS-124157L.wz.hasbro.com"/>
         <property name="os" value="Windows 10 64bit"/>
         <property name="katalonVersion" value="5.7.1.1"/>
         <property name="browser" value="Chrome 69.0.3497.100"/>
         <property name="hostAddress" value="192.168.56.1"/>
         <property name="sessionId" value="057f8eefb7204949375fdda383254920"/>
         <property name="seleniumVersion" value="3.7.1"/>
         <property name="proxyInformation" value="ProxyInformation{proxyOption=NO_PROXY, proxyServerType=HTTP, password=, proxyServerAddress=, proxyServerPort=0}"/>
         <property name="platform" value="Windows 10"/>
      </properties>
      <testcase name="Test Cases/AccCreateNonCoppaAccount/AccCreateNonCoppaAccount" classname="Test Cases/AccCreateNonCoppaAccount/AccCreateNonCoppaAccount" status="PASSED">
         <system-out><![CDATA[2018-09-22 10:16:18 - [TEST_CASE][PASSED] - Test Cases/AccCreateNonCoppaAccount/AccCreateNonCoppaAccount: Test Cases/AccCreateNonCoppaAccount/AccCreateNonCoppaAccount

2018-09-22 10:16:19 - [TEST_STEP][PASSED] - openBrowser: Browser is opened with url: 'https://webr12accounts.wizards.com/'

2018-09-22 10:16:26 - [MESSAGE][PASSED] - Browser is opened with url: 'https://webr12accounts.wizards.com/'

2018-09-22 10:16:26 - [TEST_STEP][PASSED] - maximizeWindow: Current window maximized

2018-09-22 10:16:27 - [MESSAGE][PASSED] - Current window maximized

2018-09-22 10:16:27 - [TEST_STEP][PASSED] - Statement - driver = com.kms.katalon.core.webui.driver.DriverFactory.getWebDriver(): null

2018-09-22 10:16:27 - [TEST_STEP][PASSED] - Statement - baseUrl = "https://webr12accounts.wizards.com/": null

2018-09-22 10:16:27 - [TEST_STEP][PASSED] - Statement - selenium = new com.thoughtworks.selenium.webdriven.WebDriverBackedSelenium(driver, baseUrl): null

2018-09-22 10:16:27 - [TEST_STEP][PASSED] - Statement - selenium.open("https://webr12accounts.wizards.com/"): null

2018-09-22 10:16:29 - [TEST_STEP][PASSED] - waitForPageLoad: Wait for page load successfully

2018-09-22 10:16:29 - [MESSAGE][PASSED] - Wait for page load successfully

2018-09-22 10:16:29 - [TEST_STEP][PASSED] - delay: Delayed 10 second(s)

2018-09-22 10:16:39 - [MESSAGE][PASSED] - Delayed 10 second(s)

2018-09-22 10:16:39 - [TEST_STEP][PASSED] - Statement - selenium.click("id=join"): null

2018-09-22 10:16:39 - [TEST_STEP][PASSED] - switchToFrame: Switched to iframe: 'Object Repository/AccCreateNonCoppaAccount/iframe_wotcAccountWidgetModalIframe'

2018-09-22 10:16:39 - [TEST_STEP][PASSED] - switchToWindowIndex: Unable to switch to window with index: 'TestObject - 'Object Repository/AccCreateNonCoppaAccount/iframe_wotcAccountWidgetModalIframe'' (Root cause: java.lang.NumberFormatException: For input string: "TestObject - 'Object Repository/AccCreateNonCoppaAccount/iframe_wotcAccountWidgetModalIframe'")

2018-09-22 10:16:40 - [MESSAGE][WARNING] - Unable to switch to window with index: 'TestObject - 'Object Repository/AccCreateNonCoppaAccount/iframe_wotcAccountWidgetModalIframe'' (Root cause: java.lang.NumberFormatException: For input string: "TestObject - 'Object Repository/AccCreateNonCoppaAccount/iframe_wotcAccountWidgetModalIframe'")
[[ATTACHMENT|C:\\WZ\\New folder\\AccountsHealthCheck\\AccountsHealthCheck\\Reports\\AccountsHealthCheck\\20180922_101610\\1537636599606.png]]

2018-09-22 10:16:40 - [TEST_STEP][PASSED] - delay: Delayed 8 second(s)

2018-09-22 10:16:48 - [MESSAGE][PASSED] - Delayed 8 second(s)

2018-09-22 10:16:48 - [TEST_STEP][PASSED] - waitForPageLoad: Wait for page load successfully

2018-09-22 10:16:48 - [MESSAGE][PASSED] - Wait for page load successfully

2018-09-22 10:16:48 - [TEST_STEP][PASSED] - Statement - selenium.type("id=firstname", "sdss"): null

2018-09-22 10:16:48 - [TEST_STEP][PASSED] - Statement - selenium.type("id=lastname", "test"): null

2018-09-22 10:16:48 - [TEST_STEP][PASSED] - Statement - selenium.click("id=dob_Year"): null

2018-09-22 10:16:48 - [TEST_STEP][PASSED] - Statement - selenium.select("id=dob_Year", "label=2003"): null

2018-09-22 10:16:48 - [TEST_STEP][PASSED] - Statement - selenium.click("id=dob_Year"): null

2018-09-22 10:16:48 - [TEST_STEP][PASSED] - Statement - selenium.click("id=dob_Month"): null

2018-09-22 10:16:49 - [TEST_STEP][PASSED] - Statement - selenium.select("id=dob_Month", "label=12"): null

2018-09-22 10:16:49 - [TEST_STEP][PASSED] - Statement - selenium.click("id=dob_Month"): null

2018-09-22 10:16:49 - [TEST_STEP][PASSED] - Statement - selenium.click("id=dob_Day"): null

2018-09-22 10:16:49 - [TEST_STEP][PASSED] - Statement - selenium.select("id=dob_Day", "label=18"): null

2018-09-22 10:16:49 - [TEST_STEP][PASSED] - Statement - selenium.click("id=dob_Day"): null

2018-09-22 10:16:49 - [TEST_STEP][PASSED] - Statement - selenium.click("id=email"): null

2018-09-22 10:16:50 - [TEST_STEP][PASSED] - Statement - selenium.type("id=email", org.apache.commons.lang.RandomStringUtils.randomNumeric(5) + com.kms.katalon.core.testdata.TestDataFactory.findTestData(InputData).getValue(2, 1)): Reading excel file with source file 'C:\WZ\New folder\AccountsHealthCheck\AccountsHealthCheck\Data Files\InputEmail.xlsx' and sheet name 'Sheet1'

2018-09-22 10:16:50 - [TEST_STEP][PASSED] - Statement - selenium.click("id=username"): null

2018-09-22 10:16:51 - [TEST_STEP][PASSED] - Statement - selenium.type("id=username", org.apache.commons.lang.RandomStringUtils.randomNumeric(5) + com.kms.katalon.core.testdata.TestDataFactory.findTestData(InputData).getValue(3, 1)): Reading excel file with source file 'C:\WZ\New folder\AccountsHealthCheck\AccountsHealthCheck\Data Files\InputEmail.xlsx' and sheet name 'Sheet1'

2018-09-22 10:16:51 - [TEST_STEP][PASSED] - Statement - selenium.type("id=password", "Password1!"): null

2018-09-22 10:16:51 - [TEST_STEP][PASSED] - Statement - selenium.type("id=confirmPassword", "Password1!"): null

2018-09-22 10:16:51 - [TEST_STEP][PASSED] - Statement - selenium.type("id=joinCaptchaAnswer", "TEST"): null

2018-09-22 10:16:51 - [TEST_STEP][PASSED] - Statement - selenium.click("id=next"): null

2018-09-22 10:16:52 - [TEST_STEP][PASSED] - delay: Delayed 10 second(s)

2018-09-22 10:17:02 - [MESSAGE][PASSED] - Delayed 10 second(s)

2018-09-22 10:17:02 - [TEST_STEP][PASSED] - closeBrowser: Browser is closed

2018-09-22 10:17:03 - [MESSAGE][PASSED] - Browser is closed]]></system-out>
         <system-err><![CDATA[]]></system-err>
      </testcase>
      <testcase name="Test Cases/AccCreateNonCoppaAccount/squirrelmailNonCoppaAccount" classname="Test Cases/AccCreateNonCoppaAccount/squirrelmailNonCoppaAccount" status="FAILED">
         <failure type="FAILED" message="(Stack trace: com.kms.katalon.core.exception.StepFailedException: Unable to click on object 'Object Repository/AccCreateNonCoppaAccount/Page_SquirrelMail 1.4.8-5.el5.cento/a_Click here to activate your' (Root cause: org.openqa.selenium.WebDriverException: unknown error: unhandled inspector error: {&quot;code&quot;:-32000,&quot;message&quot;:&quot;Cannot find context with specified id&quot;}
  (Session info: chrome=69.0.3497.100)
  (Driver info: chromedriver=2.35.528161 (5b82f2d2aae0ca24b877009200ced9065a772e73),platform=Windows NT 10.0.16299 x86_64) (WARNING: The server did not provide any stacktrace information)
Command duration or timeout: 0 milliseconds
Build info: version: '3.7.1', revision: '8a0099a', time: '2017-11-06T21:07:36.161Z'
System info: host: 'WS-124157L', ip: '192.168.56.1', os.name: 'Windows 10', os.arch: 'amd64', os.version: '10.0', java.version: '1.8.0_181'
Driver info: com.kms.katalon.selenium.driver.CChromeDriver
Capabilities {acceptInsecureCerts: false, acceptSslCerts: false, applicationCacheEnabled: false, browserConnectionEnabled: false, browserName: chrome, chrome: {chromedriverVersion: 2.35.528161 (5b82f2d2aae0ca..., userDataDir: C:\Users\dast\AppData\Local...}, cssSelectorsEnabled: true, databaseEnabled: false, handlesAlerts: true, hasTouchScreen: false, javascriptEnabled: true, locationContextEnabled: true, mobileEmulationEnabled: false, nativeEvents: true, networkConnectionEnabled: false, pageLoadStrategy: normal, platform: XP, platformName: XP, rotatable: false, setWindowRect: true, takesHeapSnapshot: true, takesScreenshot: true, unexpectedAlertBehaviour: , unhandledPromptBehavior: , version: 69.0.3497.100, webStorageEnabled: true}
Session ID: 99bf4007bed609d06c5804fd95bc41f1
*** Element info: {Using=xpath, value=//a[contains(text(),'Click here to activate your new Wizards account')]})
	at com.kms.katalon.core.keyword.internal.KeywordMain.stepFailed(KeywordMain.groovy:36)
	at com.kms.katalon.core.webui.keyword.internal.WebUIKeywordMain.stepFailed(WebUIKeywordMain.groovy:65)
	at com.kms.katalon.core.webui.keyword.internal.WebUIKeywordMain.runKeyword(WebUIKeywordMain.groovy:27)
	at com.kms.katalon.core.webui.keyword.builtin.ClickKeyword.click(ClickKeyword.groovy:86)
	at com.kms.katalon.core.webui.keyword.builtin.ClickKeyword.execute(ClickKeyword.groovy:67)
	at com.kms.katalon.core.keyword.internal.KeywordExecutor.executeKeywordForPlatform(KeywordExecutor.groovy:53)
	at com.kms.katalon.core.webui.keyword.WebUiBuiltInKeywords.click(WebUiBuiltInKeywords.groovy:616)
	at com.kms.katalon.core.webui.keyword.WebUiBuiltInKeywords$click$6.call(Unknown Source)
	at org.codehaus.groovy.runtime.callsite.CallSiteArray.defaultCall(CallSiteArray.java:48)
	at org.codehaus.groovy.runtime.callsite.AbstractCallSite.call(AbstractCallSite.java:113)
	at org.codehaus.groovy.runtime.callsite.AbstractCallSite.call(AbstractCallSite.java:125)
	at Script1537415911675.run(Script1537415911675.groovy:56)
	at com.kms.katalon.core.main.ScriptEngine.run(ScriptEngine.java:183)
	at com.kms.katalon.core.main.ScriptEngine.runScriptAsRawText(ScriptEngine.java:108)
	at com.kms.katalon.core.main.TestCaseExecutor.runScript(TestCaseExecutor.java:294)
	at com.kms.katalon.core.main.TestCaseExecutor.doExecute(TestCaseExecutor.java:285)
	at com.kms.katalon.core.main.TestCaseExecutor.processExecutionPhase(TestCaseExecutor.java:264)
	at com.kms.katalon.core.main.TestCaseExecutor.accessMainPhase(TestCaseExecutor.java:256)
	at com.kms.katalon.core.main.TestCaseExecutor.execute(TestCaseExecutor.java:200)
	at com.kms.katalon.core.main.TestSuiteExecutor.accessTestCaseMainPhase(TestSuiteExecutor.java:129)
	at com.kms.katalon.core.main.TestSuiteExecutor.accessTestSuiteMainPhase(TestSuiteExecutor.java:112)
	at com.kms.katalon.core.main.TestSuiteExecutor.execute(TestSuiteExecutor.java:81)
	at com.kms.katalon.core.main.TestCaseMain.startTestSuite(TestCaseMain.java:142)
	at com.kms.katalon.core.main.TestCaseMain$startTestSuite$0.call(Unknown Source)
	at org.codehaus.groovy.runtime.callsite.CallSiteArray.defaultCall(CallSiteArray.java:48)
	at org.codehaus.groovy.runtime.callsite.AbstractCallSite.call(AbstractCallSite.java:113)
	at org.codehaus.groovy.runtime.callsite.AbstractCallSite.call(AbstractCallSite.java:141)
	at TempTestSuite1537636575218.run(TempTestSuite1537636575218.groovy:36)
	at groovy.lang.GroovyShell.runScriptOrMainOrTestOrRunnable(GroovyShell.java:263)
	at groovy.lang.GroovyShell.run(GroovyShell.java:518)
	at groovy.lang.GroovyShell.run(GroovyShell.java:507)
	at groovy.ui.GroovyMain.processOnce(GroovyMain.java:653)
	at groovy.ui.GroovyMain.run(GroovyMain.java:384)
	at groovy.ui.GroovyMain.process(GroovyMain.java:370)
	at groovy.ui.GroovyMain.processArgs(GroovyMain.java:129)
	at groovy.ui.GroovyMain.main(GroovyMain.java:109)
	at sun.reflect.NativeMethodAccessorImpl.invoke0(Native Method)
	at sun.reflect.NativeMethodAccessorImpl.invoke(NativeMethodAccessorImpl.java:62)
	at sun.reflect.DelegatingMethodAccessorImpl.invoke(DelegatingMethodAccessorImpl.java:43)
	at java.lang.reflect.Method.invoke(Method.java:498)
	at org.codehaus.groovy.tools.GroovyStarter.rootLoader(GroovyStarter.java:109)
	at org.codehaus.groovy.tools.GroovyStarter.main(GroovyStarter.java:131)
)"/>
         <system-out><![CDATA[2018-09-22 10:17:05 - [TEST_CASE][FAILED] - Test Cases/AccCreateNonCoppaAccount/squirrelmailNonCoppaAccount: Test Cases/AccCreateNonCoppaAccount/squirrelmailNonCoppaAccount FAILED because (of) (Stack trace: com.kms.katalon.core.exception.StepFailedException: Unable to click on object 'Object Repository/AccCreateNonCoppaAccount/Page_SquirrelMail 1.4.8-5.el5.cento/a_Click here to activate your' (Root cause: org.openqa.selenium.WebDriverException: unknown error: unhandled inspector error: {"code":-32000,"message":"Cannot find context with specified id"}
  (Session info: chrome=69.0.3497.100)
  (Driver info: chromedriver=2.35.528161 (5b82f2d2aae0ca24b877009200ced9065a772e73),platform=Windows NT 10.0.16299 x86_64) (WARNING: The server did not provide any stacktrace information)
Command duration or timeout: 0 milliseconds
Build info: version: '3.7.1', revision: '8a0099a', time: '2017-11-06T21:07:36.161Z'
System info: host: 'WS-124157L', ip: '192.168.56.1', os.name: 'Windows 10', os.arch: 'amd64', os.version: '10.0', java.version: '1.8.0_181'
Driver info: com.kms.katalon.selenium.driver.CChromeDriver
Capabilities {acceptInsecureCerts: false, acceptSslCerts: false, applicationCacheEnabled: false, browserConnectionEnabled: false, browserName: chrome, chrome: {chromedriverVersion: 2.35.528161 (5b82f2d2aae0ca..., userDataDir: C:\Users\dast\AppData\Local...}, cssSelectorsEnabled: true, databaseEnabled: false, handlesAlerts: true, hasTouchScreen: false, javascriptEnabled: true, locationContextEnabled: true, mobileEmulationEnabled: false, nativeEvents: true, networkConnectionEnabled: false, pageLoadStrategy: normal, platform: XP, platformName: XP, rotatable: false, setWindowRect: true, takesHeapSnapshot: true, takesScreenshot: true, unexpectedAlertBehaviour: , unhandledPromptBehavior: , version: 69.0.3497.100, webStorageEnabled: true}
Session ID: 99bf4007bed609d06c5804fd95bc41f1
*** Element info: {Using=xpath, value=//a[contains(text(),'Click here to activate your new Wizards account')]})
	at com.kms.katalon.core.keyword.internal.KeywordMain.stepFailed(KeywordMain.groovy:36)
	at com.kms.katalon.core.webui.keyword.internal.WebUIKeywordMain.stepFailed(WebUIKeywordMain.groovy:65)
	at com.kms.katalon.core.webui.keyword.internal.WebUIKeywordMain.runKeyword(WebUIKeywordMain.groovy:27)
	at com.kms.katalon.core.webui.keyword.builtin.ClickKeyword.click(ClickKeyword.groovy:86)
	at com.kms.katalon.core.webui.keyword.builtin.ClickKeyword.execute(ClickKeyword.groovy:67)
	at com.kms.katalon.core.keyword.internal.KeywordExecutor.executeKeywordForPlatform(KeywordExecutor.groovy:53)
	at com.kms.katalon.core.webui.keyword.WebUiBuiltInKeywords.click(WebUiBuiltInKeywords.groovy:616)
	at com.kms.katalon.core.webui.keyword.WebUiBuiltInKeywords$click$6.call(Unknown Source)
	at org.codehaus.groovy.runtime.callsite.CallSiteArray.defaultCall(CallSiteArray.java:48)
	at org.codehaus.groovy.runtime.callsite.AbstractCallSite.call(AbstractCallSite.java:113)
	at org.codehaus.groovy.runtime.callsite.AbstractCallSite.call(AbstractCallSite.java:125)
	at Script1537415911675.run(Script1537415911675.groovy:56)
	at com.kms.katalon.core.main.ScriptEngine.run(ScriptEngine.java:183)
	at com.kms.katalon.core.main.ScriptEngine.runScriptAsRawText(ScriptEngine.java:108)
	at com.kms.katalon.core.main.TestCaseExecutor.runScript(TestCaseExecutor.java:294)
	at com.kms.katalon.core.main.TestCaseExecutor.doExecute(TestCaseExecutor.java:285)
	at com.kms.katalon.core.main.TestCaseExecutor.processExecutionPhase(TestCaseExecutor.java:264)
	at com.kms.katalon.core.main.TestCaseExecutor.accessMainPhase(TestCaseExecutor.java:256)
	at com.kms.katalon.core.main.TestCaseExecutor.execute(TestCaseExecutor.java:200)
	at com.kms.katalon.core.main.TestSuiteExecutor.accessTestCaseMainPhase(TestSuiteExecutor.java:129)
	at com.kms.katalon.core.main.TestSuiteExecutor.accessTestSuiteMainPhase(TestSuiteExecutor.java:112)
	at com.kms.katalon.core.main.TestSuiteExecutor.execute(TestSuiteExecutor.java:81)
	at com.kms.katalon.core.main.TestCaseMain.startTestSuite(TestCaseMain.java:142)
	at com.kms.katalon.core.main.TestCaseMain$startTestSuite$0.call(Unknown Source)
	at org.codehaus.groovy.runtime.callsite.CallSiteArray.defaultCall(CallSiteArray.java:48)
	at org.codehaus.groovy.runtime.callsite.AbstractCallSite.call(AbstractCallSite.java:113)
	at org.codehaus.groovy.runtime.callsite.AbstractCallSite.call(AbstractCallSite.java:141)
	at TempTestSuite1537636575218.run(TempTestSuite1537636575218.groovy:36)
	at groovy.lang.GroovyShell.runScriptOrMainOrTestOrRunnable(GroovyShell.java:263)
	at groovy.lang.GroovyShell.run(GroovyShell.java:518)
	at groovy.lang.GroovyShell.run(GroovyShell.java:507)
	at groovy.ui.GroovyMain.processOnce(GroovyMain.java:653)
	at groovy.ui.GroovyMain.run(GroovyMain.java:384)
	at groovy.ui.GroovyMain.process(GroovyMain.java:370)
	at groovy.ui.GroovyMain.processArgs(GroovyMain.java:129)
	at groovy.ui.GroovyMain.main(GroovyMain.java:109)
	at sun.reflect.NativeMethodAccessorImpl.invoke0(Native Method)
	at sun.reflect.NativeMethodAccessorImpl.invoke(NativeMethodAccessorImpl.java:62)
	at sun.reflect.DelegatingMethodAccessorImpl.invoke(DelegatingMethodAccessorImpl.java:43)
	at java.lang.reflect.Method.invoke(Method.java:498)
	at org.codehaus.groovy.tools.GroovyStarter.rootLoader(GroovyStarter.java:109)
	at org.codehaus.groovy.tools.GroovyStarter.main(GroovyStarter.java:131)
)

2018-09-22 10:17:06 - [TEST_STEP][PASSED] - openBrowser: Browser is opened with url: 'http://rntmailtest01/webmail/src/login.php'

2018-09-22 10:17:09 - [MESSAGE][PASSED] - Browser is opened with url: 'http://rntmailtest01/webmail/src/login.php'

2018-09-22 10:17:09 - [TEST_STEP][PASSED] - Statement - driver = com.kms.katalon.core.webui.driver.DriverFactory.getWebDriver(): null

2018-09-22 10:17:09 - [TEST_STEP][PASSED] - Statement - baseUrl = "http://rntmailtest01/webmail/src/login.php": null

2018-09-22 10:17:09 - [TEST_STEP][PASSED] - Statement - selenium = new com.thoughtworks.selenium.webdriven.WebDriverBackedSelenium(driver, baseUrl): null

2018-09-22 10:17:09 - [TEST_STEP][PASSED] - Statement - selenium.open("http://rntmailtest01/webmail/src/login.php"): null

2018-09-22 10:17:09 - [TEST_STEP][PASSED] - Statement - selenium.type("name=login_username", "loadtest"): null

2018-09-22 10:17:09 - [TEST_STEP][PASSED] - Statement - selenium.click("//center/table"): null

2018-09-22 10:17:09 - [TEST_STEP][PASSED] - Statement - selenium.click("name=secretkey"): null

2018-09-22 10:17:09 - [TEST_STEP][PASSED] - Statement - selenium.type("name=secretkey", "Wizz0Wizz"): null

2018-09-22 10:17:10 - [TEST_STEP][PASSED] - Statement - selenium.click("xpath=(.//*[normalize-space(text()) and normalize-space(.)='Password:'])[1]/following::input[4]"): null

2018-09-22 10:17:10 - [TEST_STEP][PASSED] - Statement - selenium.selectFrame("index=1"): null

2018-09-22 10:17:10 - [TEST_STEP][PASSED] - Statement - selenium.click("link=Wizards Account Verification"): null

2018-09-22 10:17:10 - [TEST_STEP][PASSED] - switchToWindowTitle: Switched to window with title: 'SquirrelMail 1.4.8-5.el5.centos.10'

2018-09-22 10:17:11 - [MESSAGE][PASSED] - Switched to window with title: 'SquirrelMail 1.4.8-5.el5.centos.10'

2018-09-22 10:17:11 - [TEST_STEP][FAILED] - click: Unable to click on object 'Object Repository/AccCreateNonCoppaAccount/Page_SquirrelMail 1.4.8-5.el5.cento/a_Click here to activate your' (Root cause: org.openqa.selenium.WebDriverException: unknown error: unhandled inspector error: {"code":-32000,"message":"Cannot find context with specified id"}
  (Session info: chrome=69.0.3497.100)
  (Driver info: chromedriver=2.35.528161 (5b82f2d2aae0ca24b877009200ced9065a772e73),platform=Windows NT 10.0.16299 x86_64) (WARNING: The server did not provide any stacktrace information)
Command duration or timeout: 0 milliseconds
Build info: version: '3.7.1', revision: '8a0099a', time: '2017-11-06T21:07:36.161Z'
System info: host: 'WS-124157L', ip: '192.168.56.1', os.name: 'Windows 10', os.arch: 'amd64', os.version: '10.0', java.version: '1.8.0_181'
Driver info: com.kms.katalon.selenium.driver.CChromeDriver
Capabilities {acceptInsecureCerts: false, acceptSslCerts: false, applicationCacheEnabled: false, browserConnectionEnabled: false, browserName: chrome, chrome: {chromedriverVersion: 2.35.528161 (5b82f2d2aae0ca..., userDataDir: C:\Users\dast\AppData\Local...}, cssSelectorsEnabled: true, databaseEnabled: false, handlesAlerts: true, hasTouchScreen: false, javascriptEnabled: true, locationContextEnabled: true, mobileEmulationEnabled: false, nativeEvents: true, networkConnectionEnabled: false, pageLoadStrategy: normal, platform: XP, platformName: XP, rotatable: false, setWindowRect: true, takesHeapSnapshot: true, takesScreenshot: true, unexpectedAlertBehaviour: , unhandledPromptBehavior: , version: 69.0.3497.100, webStorageEnabled: true}
Session ID: 99bf4007bed609d06c5804fd95bc41f1
*** Element info: {Using=xpath, value=//a[contains(text(),'Click here to activate your new Wizards account')]})

2018-09-22 10:17:11 - [MESSAGE][FAILED] - Unable to click on object 'Object Repository/AccCreateNonCoppaAccount/Page_SquirrelMail 1.4.8-5.el5.cento/a_Click here to activate your' (Root cause: org.openqa.selenium.WebDriverException: unknown error: unhandled inspector error: {"code":-32000,"message":"Cannot find context with specified id"}
  (Session info: chrome=69.0.3497.100)
  (Driver info: chromedriver=2.35.528161 (5b82f2d2aae0ca24b877009200ced9065a772e73),platform=Windows NT 10.0.16299 x86_64) (WARNING: The server did not provide any stacktrace information)
Command duration or timeout: 0 milliseconds
Build info: version: '3.7.1', revision: '8a0099a', time: '2017-11-06T21:07:36.161Z'
System info: host: 'WS-124157L', ip: '192.168.56.1', os.name: 'Windows 10', os.arch: 'amd64', os.version: '10.0', java.version: '1.8.0_181'
Driver info: com.kms.katalon.selenium.driver.CChromeDriver
Capabilities {acceptInsecureCerts: false, acceptSslCerts: false, applicationCacheEnabled: false, browserConnectionEnabled: false, browserName: chrome, chrome: {chromedriverVersion: 2.35.528161 (5b82f2d2aae0ca..., userDataDir: C:\Users\dast\AppData\Local...}, cssSelectorsEnabled: true, databaseEnabled: false, handlesAlerts: true, hasTouchScreen: false, javascriptEnabled: true, locationContextEnabled: true, mobileEmulationEnabled: false, nativeEvents: true, networkConnectionEnabled: false, pageLoadStrategy: normal, platform: XP, platformName: XP, rotatable: false, setWindowRect: true, takesHeapSnapshot: true, takesScreenshot: true, unexpectedAlertBehaviour: , unhandledPromptBehavior: , version: 69.0.3497.100, webStorageEnabled: true}
Session ID: 99bf4007bed609d06c5804fd95bc41f1
*** Element info: {Using=xpath, value=//a[contains(text(),'Click here to activate your new Wizards account')]})
[[ATTACHMENT|C:\\WZ\\New folder\\AccountsHealthCheck\\AccountsHealthCheck\\Reports\\AccountsHealthCheck\\20180922_101610\\1537636631191.png]]]]></system-out>
         <system-err><![CDATA[2018-09-22 10:17:05 - [TEST_CASE][FAILED] - Test Cases/AccCreateNonCoppaAccount/squirrelmailNonCoppaAccount: Test Cases/AccCreateNonCoppaAccount/squirrelmailNonCoppaAccount FAILED because (of) (Stack trace: com.kms.katalon.core.exception.StepFailedException: Unable to click on object 'Object Repository/AccCreateNonCoppaAccount/Page_SquirrelMail 1.4.8-5.el5.cento/a_Click here to activate your' (Root cause: org.openqa.selenium.WebDriverException: unknown error: unhandled inspector error: {"code":-32000,"message":"Cannot find context with specified id"}
  (Session info: chrome=69.0.3497.100)
  (Driver info: chromedriver=2.35.528161 (5b82f2d2aae0ca24b877009200ced9065a772e73),platform=Windows NT 10.0.16299 x86_64) (WARNING: The server did not provide any stacktrace information)
Command duration or timeout: 0 milliseconds
Build info: version: '3.7.1', revision: '8a0099a', time: '2017-11-06T21:07:36.161Z'
System info: host: 'WS-124157L', ip: '192.168.56.1', os.name: 'Windows 10', os.arch: 'amd64', os.version: '10.0', java.version: '1.8.0_181'
Driver info: com.kms.katalon.selenium.driver.CChromeDriver
Capabilities {acceptInsecureCerts: false, acceptSslCerts: false, applicationCacheEnabled: false, browserConnectionEnabled: false, browserName: chrome, chrome: {chromedriverVersion: 2.35.528161 (5b82f2d2aae0ca..., userDataDir: C:\Users\dast\AppData\Local...}, cssSelectorsEnabled: true, databaseEnabled: false, handlesAlerts: true, hasTouchScreen: false, javascriptEnabled: true, locationContextEnabled: true, mobileEmulationEnabled: false, nativeEvents: true, networkConnectionEnabled: false, pageLoadStrategy: normal, platform: XP, platformName: XP, rotatable: false, setWindowRect: true, takesHeapSnapshot: true, takesScreenshot: true, unexpectedAlertBehaviour: , unhandledPromptBehavior: , version: 69.0.3497.100, webStorageEnabled: true}
Session ID: 99bf4007bed609d06c5804fd95bc41f1
*** Element info: {Using=xpath, value=//a[contains(text(),'Click here to activate your new Wizards account')]})
	at com.kms.katalon.core.keyword.internal.KeywordMain.stepFailed(KeywordMain.groovy:36)
	at com.kms.katalon.core.webui.keyword.internal.WebUIKeywordMain.stepFailed(WebUIKeywordMain.groovy:65)
	at com.kms.katalon.core.webui.keyword.internal.WebUIKeywordMain.runKeyword(WebUIKeywordMain.groovy:27)
	at com.kms.katalon.core.webui.keyword.builtin.ClickKeyword.click(ClickKeyword.groovy:86)
	at com.kms.katalon.core.webui.keyword.builtin.ClickKeyword.execute(ClickKeyword.groovy:67)
	at com.kms.katalon.core.keyword.internal.KeywordExecutor.executeKeywordForPlatform(KeywordExecutor.groovy:53)
	at com.kms.katalon.core.webui.keyword.WebUiBuiltInKeywords.click(WebUiBuiltInKeywords.groovy:616)
	at com.kms.katalon.core.webui.keyword.WebUiBuiltInKeywords$click$6.call(Unknown Source)
	at org.codehaus.groovy.runtime.callsite.CallSiteArray.defaultCall(CallSiteArray.java:48)
	at org.codehaus.groovy.runtime.callsite.AbstractCallSite.call(AbstractCallSite.java:113)
	at org.codehaus.groovy.runtime.callsite.AbstractCallSite.call(AbstractCallSite.java:125)
	at Script1537415911675.run(Script1537415911675.groovy:56)
	at com.kms.katalon.core.main.ScriptEngine.run(ScriptEngine.java:183)
	at com.kms.katalon.core.main.ScriptEngine.runScriptAsRawText(ScriptEngine.java:108)
	at com.kms.katalon.core.main.TestCaseExecutor.runScript(TestCaseExecutor.java:294)
	at com.kms.katalon.core.main.TestCaseExecutor.doExecute(TestCaseExecutor.java:285)
	at com.kms.katalon.core.main.TestCaseExecutor.processExecutionPhase(TestCaseExecutor.java:264)
	at com.kms.katalon.core.main.TestCaseExecutor.accessMainPhase(TestCaseExecutor.java:256)
	at com.kms.katalon.core.main.TestCaseExecutor.execute(TestCaseExecutor.java:200)
	at com.kms.katalon.core.main.TestSuiteExecutor.accessTestCaseMainPhase(TestSuiteExecutor.java:129)
	at com.kms.katalon.core.main.TestSuiteExecutor.accessTestSuiteMainPhase(TestSuiteExecutor.java:112)
	at com.kms.katalon.core.main.TestSuiteExecutor.execute(TestSuiteExecutor.java:81)
	at com.kms.katalon.core.main.TestCaseMain.startTestSuite(TestCaseMain.java:142)
	at com.kms.katalon.core.main.TestCaseMain$startTestSuite$0.call(Unknown Source)
	at org.codehaus.groovy.runtime.callsite.CallSiteArray.defaultCall(CallSiteArray.java:48)
	at org.codehaus.groovy.runtime.callsite.AbstractCallSite.call(AbstractCallSite.java:113)
	at org.codehaus.groovy.runtime.callsite.AbstractCallSite.call(AbstractCallSite.java:141)
	at TempTestSuite1537636575218.run(TempTestSuite1537636575218.groovy:36)
	at groovy.lang.GroovyShell.runScriptOrMainOrTestOrRunnable(GroovyShell.java:263)
	at groovy.lang.GroovyShell.run(GroovyShell.java:518)
	at groovy.lang.GroovyShell.run(GroovyShell.java:507)
	at groovy.ui.GroovyMain.processOnce(GroovyMain.java:653)
	at groovy.ui.GroovyMain.run(GroovyMain.java:384)
	at groovy.ui.GroovyMain.process(GroovyMain.java:370)
	at groovy.ui.GroovyMain.processArgs(GroovyMain.java:129)
	at groovy.ui.GroovyMain.main(GroovyMain.java:109)
	at sun.reflect.NativeMethodAccessorImpl.invoke0(Native Method)
	at sun.reflect.NativeMethodAccessorImpl.invoke(NativeMethodAccessorImpl.java:62)
	at sun.reflect.DelegatingMethodAccessorImpl.invoke(DelegatingMethodAccessorImpl.java:43)
	at java.lang.reflect.Method.invoke(Method.java:498)
	at org.codehaus.groovy.tools.GroovyStarter.rootLoader(GroovyStarter.java:109)
	at org.codehaus.groovy.tools.GroovyStarter.main(GroovyStarter.java:131)
)]]></system-err>
      </testcase>
      <testcase name="Test Cases/AccCreateCoppaAccount/AccCreateCoppaAccount" classname="Test Cases/AccCreateCoppaAccount/AccCreateCoppaAccount" status="PASSED">
         <system-out><![CDATA[2018-09-22 10:17:13 - [TEST_CASE][PASSED] - Test Cases/AccCreateCoppaAccount/AccCreateCoppaAccount: Test Cases/AccCreateCoppaAccount/AccCreateCoppaAccount

2018-09-22 10:17:14 - [TEST_STEP][PASSED] - openBrowser: Browser is opened with url: 'https://webr12accounts.wizards.com/'

2018-09-22 10:17:14 - [MESSAGE][WARNING] - A browser is already opened. Closing browser and opening a new one

2018-09-22 10:17:18 - [MESSAGE][PASSED] - Browser is opened with url: 'https://webr12accounts.wizards.com/'

2018-09-22 10:17:18 - [TEST_STEP][PASSED] - maximizeWindow: Current window maximized

2018-09-22 10:17:20 - [MESSAGE][PASSED] - Current window maximized

2018-09-22 10:17:20 - [TEST_STEP][PASSED] - Statement - driver = com.kms.katalon.core.webui.driver.DriverFactory.getWebDriver(): null

2018-09-22 10:17:20 - [TEST_STEP][PASSED] - Statement - baseUrl = "https://webr12accounts.wizards.com/": null

2018-09-22 10:17:20 - [TEST_STEP][PASSED] - Statement - selenium = new com.thoughtworks.selenium.webdriven.WebDriverBackedSelenium(driver, baseUrl): null

2018-09-22 10:17:20 - [TEST_STEP][PASSED] - Statement - selenium.open("https://webr12accounts.wizards.com/"): null

2018-09-22 10:17:20 - [TEST_STEP][PASSED] - waitForPageLoad: Wait for page load successfully

2018-09-22 10:17:20 - [MESSAGE][PASSED] - Wait for page load successfully

2018-09-22 10:17:20 - [TEST_STEP][PASSED] - delay: Delayed 10 second(s)

2018-09-22 10:17:30 - [MESSAGE][PASSED] - Delayed 10 second(s)

2018-09-22 10:17:30 - [TEST_STEP][PASSED] - Statement - selenium.click("id=join"): null

2018-09-22 10:17:30 - [TEST_STEP][PASSED] - switchToFrame: Switched to iframe: 'Object Repository/AccCreateNonCoppaAccount/iframe_wotcAccountWidgetModalIframe'

2018-09-22 10:17:30 - [TEST_STEP][PASSED] - switchToWindowIndex: Unable to switch to window with index: 'TestObject - 'Object Repository/AccCreateNonCoppaAccount/iframe_wotcAccountWidgetModalIframe'' (Root cause: java.lang.NumberFormatException: For input string: "TestObject - 'Object Repository/AccCreateNonCoppaAccount/iframe_wotcAccountWidgetModalIframe'")

2018-09-22 10:17:31 - [MESSAGE][WARNING] - Unable to switch to window with index: 'TestObject - 'Object Repository/AccCreateNonCoppaAccount/iframe_wotcAccountWidgetModalIframe'' (Root cause: java.lang.NumberFormatException: For input string: "TestObject - 'Object Repository/AccCreateNonCoppaAccount/iframe_wotcAccountWidgetModalIframe'")
[[ATTACHMENT|C:\\WZ\\New folder\\AccountsHealthCheck\\AccountsHealthCheck\\Reports\\AccountsHealthCheck\\20180922_101610\\1537636650972.png]]

2018-09-22 10:17:31 - [TEST_STEP][PASSED] - delay: Delayed 8 second(s)

2018-09-22 10:17:39 - [MESSAGE][PASSED] - Delayed 8 second(s)

2018-09-22 10:17:39 - [TEST_STEP][PASSED] - waitForPageLoad: Wait for page load successfully

2018-09-22 10:17:39 - [MESSAGE][PASSED] - Wait for page load successfully

2018-09-22 10:17:39 - [TEST_STEP][PASSED] - Statement - selenium.type("id=firstname", "sdss"): null

2018-09-22 10:17:39 - [TEST_STEP][PASSED] - Statement - selenium.type("id=lastname", "test"): null

2018-09-22 10:17:39 - [TEST_STEP][PASSED] - Statement - selenium.click("id=countryCode"): null

2018-09-22 10:17:40 - [TEST_STEP][PASSED] - Statement - selenium.select("id=countryCode", "label=Austria"): null

2018-09-22 10:17:40 - [TEST_STEP][PASSED] - Statement - selenium.click("id=countryCode"): null

2018-09-22 10:17:40 - [TEST_STEP][PASSED] - Statement - selenium.click("id=dob_Year"): null

2018-09-22 10:17:40 - [TEST_STEP][PASSED] - Statement - selenium.select("id=dob_Year", "label=2005"): null

2018-09-22 10:17:40 - [TEST_STEP][PASSED] - Statement - selenium.click("id=dob_Year"): null

2018-09-22 10:17:40 - [TEST_STEP][PASSED] - Statement - selenium.click("id=dob_Month"): null

2018-09-22 10:17:41 - [TEST_STEP][PASSED] - Statement - selenium.select("id=dob_Month", "label=12"): null

2018-09-22 10:17:41 - [TEST_STEP][PASSED] - Statement - selenium.click("id=dob_Month"): null

2018-09-22 10:17:41 - [TEST_STEP][PASSED] - Statement - selenium.click("id=dob_Day"): null

2018-09-22 10:17:41 - [TEST_STEP][PASSED] - Statement - selenium.select("id=dob_Day", "label=18"): null

2018-09-22 10:17:41 - [TEST_STEP][PASSED] - Statement - selenium.click("id=dob_Day"): null

2018-09-22 10:17:41 - [TEST_STEP][PASSED] - Statement - selenium.click("id=email"): null

2018-09-22 10:17:42 - [TEST_STEP][PASSED] - Statement - var3 = java.lang.String.valueOf(org.apache.commons.lang.RandomStringUtils.randomNumeric(5) + com.kms.katalon.core.testdata.TestDataFactory.findTestData(InputData).getValue(1, 1)): Reading excel file with source file 'C:\WZ\New folder\AccountsHealthCheck\AccountsHealthCheck\Data Files\InputEmail.xlsx' and sheet name 'Sheet1'

2018-09-22 10:17:42 - [TEST_STEP][PASSED] - Statement - GlobalVariable3 = var3: null

2018-09-22 10:17:42 - [TEST_STEP][PASSED] - Statement - file = new java.io.FileInputStream(new java.io.File(C:\WZ\New folder\AccountsHealthCheck\AccountsHealthCheck\Data Files\InputEmail1.xlsx)): null

2018-09-22 10:17:42 - [TEST_STEP][PASSED] - Statement - workbook = new org.apache.poi.xssf.usermodel.XSSFWorkbook(file): null

2018-09-22 10:17:42 - [TEST_STEP][PASSED] - Statement - sheet = workbook.getSheetAt(0): null

2018-09-22 10:17:42 - [TEST_STEP][PASSED] - Statement - Data_fromCell = sheet.getRow(1).getCell(1).getStringCellValue(): null

2018-09-22 10:17:42 - [TEST_STEP][PASSED] - Statement - sheet.getRow(1).createCell(1).setCellValue(GlobalVariable3): null

2018-09-22 10:17:42 - [TEST_STEP][PASSED] - Statement - file.close(): null

2018-09-22 10:17:42 - [TEST_STEP][PASSED] - Statement - outFile = new java.io.FileOutputStream(new java.io.File(C:\WZ\New folder\AccountsHealthCheck\AccountsHealthCheck\Data Files\InputEmail1.xlsx)): null

2018-09-22 10:17:42 - [TEST_STEP][PASSED] - Statement - workbook.write(outFile): null

2018-09-22 10:17:42 - [TEST_STEP][PASSED] - Statement - outFile.close(): null

2018-09-22 10:17:42 - [TEST_STEP][PASSED] - Statement - selenium.type("id=email", GlobalVariable3): null

2018-09-22 10:17:42 - [TEST_STEP][PASSED] - Statement - selenium.click("id=username"): null

2018-09-22 10:17:42 - [TEST_STEP][PASSED] - Statement - var4 = java.lang.String.valueOf(org.apache.commons.lang.RandomStringUtils.randomNumeric(5) + com.kms.katalon.core.testdata.TestDataFactory.findTestData(InputData).getValue(3, 1)): Reading excel file with source file 'C:\WZ\New folder\AccountsHealthCheck\AccountsHealthCheck\Data Files\InputEmail.xlsx' and sheet name 'Sheet1'

2018-09-22 10:17:43 - [TEST_STEP][PASSED] - Statement - GlobalVariable4 = var4: null

2018-09-22 10:17:43 - [TEST_STEP][PASSED] - Statement - selenium.type("id=username", GlobalVariable4): null

2018-09-22 10:17:43 - [TEST_STEP][PASSED] - Statement - selenium.type("id=password", "Password1!"): null

2018-09-22 10:17:43 - [TEST_STEP][PASSED] - Statement - selenium.type("id=confirmPassword", "Password1!"): null

2018-09-22 10:17:43 - [TEST_STEP][PASSED] - Statement - selenium.type("id=joinCaptchaAnswer", "TEST"): null

2018-09-22 10:17:43 - [TEST_STEP][PASSED] - Statement - selenium.click("xpath=(.//*[normalize-space(text()) and normalize-space(.)='A drawing of your favorite Planeswalker'])[2]/following::label[1]"): null

2018-09-22 10:17:43 - [TEST_STEP][PASSED] - Statement - selenium.click("id=next"): null

2018-09-22 10:17:43 - [TEST_STEP][PASSED] - delay: Delayed 10 second(s)

2018-09-22 10:17:53 - [MESSAGE][PASSED] - Delayed 10 second(s)

2018-09-22 10:17:53 - [TEST_STEP][PASSED] - Statement - selenium.click("id=getForm"): null

2018-09-22 10:17:54 - [TEST_STEP][PASSED] - switchToWindowUrl: Switched to window with url: 'http://media.wizards.com/downloads/wizardsaccount/coppawizardsparentalconsentform_en.pdf'

2018-09-22 10:17:55 - [MESSAGE][PASSED] - Switched to window with url: 'http://media.wizards.com/downloads/wizardsaccount/coppawizardsparentalconsentform_en.pdf'

2018-09-22 10:17:55 - [TEST_STEP][PASSED] - delay: Delayed 10 second(s)

2018-09-22 10:18:05 - [MESSAGE][PASSED] - Delayed 10 second(s)

2018-09-22 10:18:05 - [TEST_STEP][PASSED] - closeBrowser: Browser is closed

2018-09-22 10:18:06 - [MESSAGE][PASSED] - Browser is closed]]></system-out>
         <system-err><![CDATA[]]></system-err>
      </testcase>
      <testcase name="Test Cases/AccCreateCoppaAccount/VerifyEscrowStatus" classname="Test Cases/AccCreateCoppaAccount/VerifyEscrowStatus" status="PASSED">
         <system-out><![CDATA[2018-09-22 10:18:09 - [TEST_CASE][PASSED] - Test Cases/AccCreateCoppaAccount/VerifyEscrowStatus: Test Cases/AccCreateCoppaAccount/VerifyEscrowStatus

2018-09-22 10:18:09 - [TEST_STEP][PASSED] - openBrowser: Browser is opened with url: 'https://r12-prime.wz.hasbro.com/search/Escrow'

2018-09-22 10:18:13 - [MESSAGE][PASSED] - Browser is opened with url: 'https://r12-prime.wz.hasbro.com/search/Escrow'

2018-09-22 10:18:13 - [TEST_STEP][PASSED] - Statement - driver = com.kms.katalon.core.webui.driver.DriverFactory.getWebDriver(): null

2018-09-22 10:18:13 - [TEST_STEP][PASSED] - Statement - baseUrl = "https://r12-prime.wz.hasbro.com/search/Escrow": null

2018-09-22 10:18:13 - [TEST_STEP][PASSED] - Statement - selenium = new com.thoughtworks.selenium.webdriven.WebDriverBackedSelenium(driver, baseUrl): null

2018-09-22 10:18:13 - [TEST_STEP][PASSED] - Statement - selenium.open("https://r12-prime.wz.hasbro.com/search/Escrow"): null

2018-09-22 10:18:13 - [TEST_STEP][PASSED] - Statement - selenium.click("id=EscrowEmail"): null

2018-09-22 10:18:14 - [TEST_STEP][PASSED] - Statement - selenium.type("id=EscrowEmail", com.kms.katalon.core.testdata.TestDataFactory.findTestData(EscrowInputData).getValue(2, 1)): Reading excel file with source file 'C:\WZ\New folder\AccountsHealthCheck\AccountsHealthCheck\Data Files\InputEmail1.xlsx' and sheet name 'Sheet1'

2018-09-22 10:18:14 - [TEST_STEP][PASSED] - Statement - selenium.click("id=Escrowsubmit"): null

2018-09-22 10:18:14 - [TEST_STEP][PASSED] - verifyElementVisible: Object 'Object Repository/AccCreateCoppaAccount/Page_Escrow/td_Coppa' is visible

2018-09-22 10:18:14 - [MESSAGE][PASSED] - Object 'Object Repository/AccCreateCoppaAccount/Page_Escrow/td_Coppa' is visible

2018-09-22 10:18:14 - [TEST_STEP][PASSED] - verifyElementText: Actual text and expected text of test object 'Object Repository/AccCreateCoppaAccount/Page_Escrow/td_Coppa' are matched.

2018-09-22 10:18:14 - [MESSAGE][PASSED] - Actual text and expected text of test object 'Object Repository/AccCreateCoppaAccount/Page_Escrow/td_Coppa' are matched.

2018-09-22 10:18:14 - [TEST_STEP][PASSED] - delay: Delayed 10 second(s)

2018-09-22 10:18:24 - [MESSAGE][PASSED] - Delayed 10 second(s)

2018-09-22 10:18:24 - [TEST_STEP][PASSED] - closeBrowser: Browser is closed

2018-09-22 10:18:26 - [MESSAGE][PASSED] - Browser is closed]]></system-out>
         <system-err><![CDATA[]]></system-err>
      </testcase>
      <testcase name="Test Cases/AccLoginValidLoginValidPwd/AccLoginValidLoginValidPwd" classname="Test Cases/AccLoginValidLoginValidPwd/AccLoginValidLoginValidPwd" status="PASSED">
         <system-out><![CDATA[2018-09-22 10:18:28 - [TEST_CASE][PASSED] - Test Cases/AccLoginValidLoginValidPwd/AccLoginValidLoginValidPwd: Test Cases/AccLoginValidLoginValidPwd/AccLoginValidLoginValidPwd

2018-09-22 10:18:28 - [TEST_STEP][PASSED] - openBrowser: Browser is opened with url: ''

2018-09-22 10:18:31 - [MESSAGE][PASSED] - Browser is opened with url: ''

2018-09-22 10:18:31 - [TEST_STEP][PASSED] - navigateToUrl: Navigate to 'https://webr12accounts.wizards.com/' successfully

2018-09-22 10:18:32 - [MESSAGE][PASSED] - Navigate to 'https://webr12accounts.wizards.com/' successfully

2018-09-22 10:18:32 - [TEST_STEP][PASSED] - maximizeWindow: Current window maximized

2018-09-22 10:18:34 - [MESSAGE][PASSED] - Current window maximized

2018-09-22 10:18:34 - [TEST_STEP][PASSED] - click: Object: 'Object Repository/AccLoginValidLoginValidPwd/Page_Create Your Wizards Account/button_Login' is clicked on

2018-09-22 10:18:34 - [MESSAGE][PASSED] - Object: 'Object Repository/AccLoginValidLoginValidPwd/Page_Create Your Wizards Account/button_Login' is clicked on

2018-09-22 10:18:34 - [TEST_STEP][PASSED] - delay: Delayed 8 second(s)

2018-09-22 10:18:42 - [MESSAGE][PASSED] - Delayed 8 second(s)

2018-09-22 10:18:42 - [TEST_STEP][PASSED] - waitForPageLoad: Wait for page load successfully

2018-09-22 10:18:42 - [MESSAGE][PASSED] - Wait for page load successfully

2018-09-22 10:18:42 - [TEST_STEP][PASSED] - switchToFrame: Switched to iframe: 'Object Repository/AccCreateNonCoppaAccount/iframe_wotcAccountWidgetModalIframe'

2018-09-22 10:18:42 - [TEST_STEP][PASSED] - switchToWindowIndex: Unable to switch to window with index: 'TestObject - 'Object Repository/AccCreateNonCoppaAccount/iframe_wotcAccountWidgetModalIframe'' (Root cause: java.lang.NumberFormatException: For input string: "TestObject - 'Object Repository/AccCreateNonCoppaAccount/iframe_wotcAccountWidgetModalIframe'")

2018-09-22 10:18:43 - [MESSAGE][WARNING] - Unable to switch to window with index: 'TestObject - 'Object Repository/AccCreateNonCoppaAccount/iframe_wotcAccountWidgetModalIframe'' (Root cause: java.lang.NumberFormatException: For input string: "TestObject - 'Object Repository/AccCreateNonCoppaAccount/iframe_wotcAccountWidgetModalIframe'")
[[ATTACHMENT|C:\\WZ\\New folder\\AccountsHealthCheck\\AccountsHealthCheck\\Reports\\AccountsHealthCheck\\20180922_101610\\1537636722858.png]]

2018-09-22 10:18:43 - [TEST_STEP][PASSED] - setText: Text '0test726' is set on object 'Object Repository/AccLoginValidLoginValidPwd/Page_Create Your Wizards Account/input_Login ID_username'

2018-09-22 10:18:43 - [MESSAGE][PASSED] - Text '0test726' is set on object 'Object Repository/AccLoginValidLoginValidPwd/Page_Create Your Wizards Account/input_Login ID_username'

2018-09-22 10:18:43 - [TEST_STEP][PASSED] - setEncryptedText: Text ****** has been set on object 'Object Repository/AccLoginValidLoginValidPwd/Page_Create Your Wizards Account/input_Password_password'

2018-09-22 10:18:43 - [MESSAGE][PASSED] - Text ****** has been set on object 'Object Repository/AccLoginValidLoginValidPwd/Page_Create Your Wizards Account/input_Password_password'

2018-09-22 10:18:43 - [TEST_STEP][PASSED] - focus: Object: 'Object Repository/AccLoginValidLoginValidPwd/Page_Create Your Wizards Account/button_Login (1)' is focused

2018-09-22 10:18:44 - [MESSAGE][PASSED] - Object: 'Object Repository/AccLoginValidLoginValidPwd/Page_Create Your Wizards Account/button_Login (1)' is focused

2018-09-22 10:18:44 - [TEST_STEP][PASSED] - click: Object: 'Object Repository/AccLoginValidLoginValidPwd/Page_Create Your Wizards Account/button_Login (1)' is clicked on

2018-09-22 10:18:46 - [MESSAGE][PASSED] - Object: 'Object Repository/AccLoginValidLoginValidPwd/Page_Create Your Wizards Account/button_Login (1)' is clicked on]]></system-out>
         <system-err><![CDATA[]]></system-err>
      </testcase>
      <testcase name="Test Cases/AccLogout/AccLogout" classname="Test Cases/AccLogout/AccLogout" status="PASSED">
         <system-out><![CDATA[2018-09-22 10:18:49 - [TEST_CASE][PASSED] - Test Cases/AccLogout/AccLogout: Test Cases/AccLogout/AccLogout

2018-09-22 10:18:49 - [TEST_STEP][PASSED] - callTestCase: Call Test Case 'Test Cases/AccLoginValidLoginValidPwd/AccLoginValidLoginValidPwd' successfully

2018-09-22 10:18:49 - [TEST_CASE][PASSED] - Test Cases/AccLoginValidLoginValidPwd/AccLoginValidLoginValidPwd: Test Cases/AccLoginValidLoginValidPwd/AccLoginValidLoginValidPwd

2018-09-22 10:18:49 - [TEST_STEP][PASSED] - openBrowser: Browser is opened with url: ''

2018-09-22 10:18:49 - [MESSAGE][WARNING] - A browser is already opened. Closing browser and opening a new one

2018-09-22 10:18:53 - [MESSAGE][PASSED] - Browser is opened with url: ''

2018-09-22 10:18:53 - [TEST_STEP][PASSED] - navigateToUrl: Navigate to 'https://webr12accounts.wizards.com/' successfully

2018-09-22 10:18:54 - [MESSAGE][PASSED] - Navigate to 'https://webr12accounts.wizards.com/' successfully

2018-09-22 10:18:54 - [TEST_STEP][PASSED] - maximizeWindow: Current window maximized

2018-09-22 10:18:56 - [MESSAGE][PASSED] - Current window maximized

2018-09-22 10:18:56 - [TEST_STEP][PASSED] - click: Object: 'Object Repository/AccLoginValidLoginValidPwd/Page_Create Your Wizards Account/button_Login' is clicked on

2018-09-22 10:18:56 - [MESSAGE][PASSED] - Object: 'Object Repository/AccLoginValidLoginValidPwd/Page_Create Your Wizards Account/button_Login' is clicked on

2018-09-22 10:18:56 - [TEST_STEP][PASSED] - delay: Delayed 8 second(s)

2018-09-22 10:19:04 - [MESSAGE][PASSED] - Delayed 8 second(s)

2018-09-22 10:19:04 - [TEST_STEP][PASSED] - waitForPageLoad: Wait for page load successfully

2018-09-22 10:19:04 - [MESSAGE][PASSED] - Wait for page load successfully

2018-09-22 10:19:04 - [TEST_STEP][PASSED] - switchToFrame: Switched to iframe: 'Object Repository/AccCreateNonCoppaAccount/iframe_wotcAccountWidgetModalIframe'

2018-09-22 10:19:04 - [TEST_STEP][PASSED] - switchToWindowIndex: Unable to switch to window with index: 'TestObject - 'Object Repository/AccCreateNonCoppaAccount/iframe_wotcAccountWidgetModalIframe'' (Root cause: java.lang.NumberFormatException: For input string: "TestObject - 'Object Repository/AccCreateNonCoppaAccount/iframe_wotcAccountWidgetModalIframe'")

2018-09-22 10:19:05 - [MESSAGE][WARNING] - Unable to switch to window with index: 'TestObject - 'Object Repository/AccCreateNonCoppaAccount/iframe_wotcAccountWidgetModalIframe'' (Root cause: java.lang.NumberFormatException: For input string: "TestObject - 'Object Repository/AccCreateNonCoppaAccount/iframe_wotcAccountWidgetModalIframe'")
[[ATTACHMENT|C:\\WZ\\New folder\\AccountsHealthCheck\\AccountsHealthCheck\\Reports\\AccountsHealthCheck\\20180922_101610\\1537636744747.png]]

2018-09-22 10:19:05 - [TEST_STEP][PASSED] - setText: Text '0test726' is set on object 'Object Repository/AccLoginValidLoginValidPwd/Page_Create Your Wizards Account/input_Login ID_username'

2018-09-22 10:19:05 - [MESSAGE][PASSED] - Text '0test726' is set on object 'Object Repository/AccLoginValidLoginValidPwd/Page_Create Your Wizards Account/input_Login ID_username'

2018-09-22 10:19:05 - [TEST_STEP][PASSED] - setEncryptedText: Text ****** has been set on object 'Object Repository/AccLoginValidLoginValidPwd/Page_Create Your Wizards Account/input_Password_password'

2018-09-22 10:19:05 - [MESSAGE][PASSED] - Text ****** has been set on object 'Object Repository/AccLoginValidLoginValidPwd/Page_Create Your Wizards Account/input_Password_password'

2018-09-22 10:19:05 - [TEST_STEP][PASSED] - focus: Object: 'Object Repository/AccLoginValidLoginValidPwd/Page_Create Your Wizards Account/button_Login (1)' is focused

2018-09-22 10:19:05 - [MESSAGE][PASSED] - Object: 'Object Repository/AccLoginValidLoginValidPwd/Page_Create Your Wizards Account/button_Login (1)' is focused

2018-09-22 10:19:05 - [TEST_STEP][PASSED] - click: Object: 'Object Repository/AccLoginValidLoginValidPwd/Page_Create Your Wizards Account/button_Login (1)' is clicked on

2018-09-22 10:19:07 - [MESSAGE][PASSED] - Object: 'Object Repository/AccLoginValidLoginValidPwd/Page_Create Your Wizards Account/button_Login (1)' is clicked on

2018-09-22 10:19:07 - [MESSAGE][PASSED] - Call Test Case 'Test Cases/AccLoginValidLoginValidPwd/AccLoginValidLoginValidPwd' successfully

2018-09-22 10:19:07 - [TEST_STEP][PASSED] - click: Object: 'Object Repository/AccLogout/Page_Account Details/span_Sign Out' is clicked on

2018-09-22 10:19:10 - [MESSAGE][PASSED] - Object: 'Object Repository/AccLogout/Page_Account Details/span_Sign Out' is clicked on

2018-09-22 10:19:10 - [TEST_STEP][PASSED] - delay: Delayed 5 second(s)

2018-09-22 10:19:15 - [MESSAGE][PASSED] - Delayed 5 second(s)

2018-09-22 10:19:15 - [TEST_STEP][PASSED] - closeBrowser: Browser is closed

2018-09-22 10:19:17 - [MESSAGE][PASSED] - Browser is closed]]></system-out>
         <system-err><![CDATA[]]></system-err>
      </testcase>
      <system-out><![CDATA[2018-09-22 10:16:17 - [TEST_SUITE][FAILED] - AccountsHealthCheck: Test Cases/AccCreateNonCoppaAccount/squirrelmailNonCoppaAccount FAILED because (of) (Stack trace: com.kms.katalon.core.exception.StepFailedException: Unable to click on object 'Object Repository/AccCreateNonCoppaAccount/Page_SquirrelMail 1.4.8-5.el5.cento/a_Click here to activate your' (Root cause: org.openqa.selenium.WebDriverException: unknown error: unhandled inspector error: {"code":-32000,"message":"Cannot find context with specified id"}
  (Session info: chrome=69.0.3497.100)
  (Driver info: chromedriver=2.35.528161 (5b82f2d2aae0ca24b877009200ced9065a772e73),platform=Windows NT 10.0.16299 x86_64) (WARNING: The server did not provide any stacktrace information)
Command duration or timeout: 0 milliseconds
Build info: version: '3.7.1', revision: '8a0099a', time: '2017-11-06T21:07:36.161Z'
System info: host: 'WS-124157L', ip: '192.168.56.1', os.name: 'Windows 10', os.arch: 'amd64', os.version: '10.0', java.version: '1.8.0_181'
Driver info: com.kms.katalon.selenium.driver.CChromeDriver
Capabilities {acceptInsecureCerts: false, acceptSslCerts: false, applicationCacheEnabled: false, browserConnectionEnabled: false, browserName: chrome, chrome: {chromedriverVersion: 2.35.528161 (5b82f2d2aae0ca..., userDataDir: C:\Users\dast\AppData\Local...}, cssSelectorsEnabled: true, databaseEnabled: false, handlesAlerts: true, hasTouchScreen: false, javascriptEnabled: true, locationContextEnabled: true, mobileEmulationEnabled: false, nativeEvents: true, networkConnectionEnabled: false, pageLoadStrategy: normal, platform: XP, platformName: XP, rotatable: false, setWindowRect: true, takesHeapSnapshot: true, takesScreenshot: true, unexpectedAlertBehaviour: , unhandledPromptBehavior: , version: 69.0.3497.100, webStorageEnabled: true}
Session ID: 99bf4007bed609d06c5804fd95bc41f1
*** Element info: {Using=xpath, value=//a[contains(text(),'Click here to activate your new Wizards account')]})
	at com.kms.katalon.core.keyword.internal.KeywordMain.stepFailed(KeywordMain.groovy:36)
	at com.kms.katalon.core.webui.keyword.internal.WebUIKeywordMain.stepFailed(WebUIKeywordMain.groovy:65)
	at com.kms.katalon.core.webui.keyword.internal.WebUIKeywordMain.runKeyword(WebUIKeywordMain.groovy:27)
	at com.kms.katalon.core.webui.keyword.builtin.ClickKeyword.click(ClickKeyword.groovy:86)
	at com.kms.katalon.core.webui.keyword.builtin.ClickKeyword.execute(ClickKeyword.groovy:67)
	at com.kms.katalon.core.keyword.internal.KeywordExecutor.executeKeywordForPlatform(KeywordExecutor.groovy:53)
	at com.kms.katalon.core.webui.keyword.WebUiBuiltInKeywords.click(WebUiBuiltInKeywords.groovy:616)
	at com.kms.katalon.core.webui.keyword.WebUiBuiltInKeywords$click$6.call(Unknown Source)
	at org.codehaus.groovy.runtime.callsite.CallSiteArray.defaultCall(CallSiteArray.java:48)
	at org.codehaus.groovy.runtime.callsite.AbstractCallSite.call(AbstractCallSite.java:113)
	at org.codehaus.groovy.runtime.callsite.AbstractCallSite.call(AbstractCallSite.java:125)
	at Script1537415911675.run(Script1537415911675.groovy:56)
	at com.kms.katalon.core.main.ScriptEngine.run(ScriptEngine.java:183)
	at com.kms.katalon.core.main.ScriptEngine.runScriptAsRawText(ScriptEngine.java:108)
	at com.kms.katalon.core.main.TestCaseExecutor.runScript(TestCaseExecutor.java:294)
	at com.kms.katalon.core.main.TestCaseExecutor.doExecute(TestCaseExecutor.java:285)
	at com.kms.katalon.core.main.TestCaseExecutor.processExecutionPhase(TestCaseExecutor.java:264)
	at com.kms.katalon.core.main.TestCaseExecutor.accessMainPhase(TestCaseExecutor.java:256)
	at com.kms.katalon.core.main.TestCaseExecutor.execute(TestCaseExecutor.java:200)
	at com.kms.katalon.core.main.TestSuiteExecutor.accessTestCaseMainPhase(TestSuiteExecutor.java:129)
	at com.kms.katalon.core.main.TestSuiteExecutor.accessTestSuiteMainPhase(TestSuiteExecutor.java:112)
	at com.kms.katalon.core.main.TestSuiteExecutor.execute(TestSuiteExecutor.java:81)
	at com.kms.katalon.core.main.TestCaseMain.startTestSuite(TestCaseMain.java:142)
	at com.kms.katalon.core.main.TestCaseMain$startTestSuite$0.call(Unknown Source)
	at org.codehaus.groovy.runtime.callsite.CallSiteArray.defaultCall(CallSiteArray.java:48)
	at org.codehaus.groovy.runtime.callsite.AbstractCallSite.call(AbstractCallSite.java:113)
	at org.codehaus.groovy.runtime.callsite.AbstractCallSite.call(AbstractCallSite.java:141)
	at TempTestSuite1537636575218.run(TempTestSuite1537636575218.groovy:36)
	at groovy.lang.GroovyShell.runScriptOrMainOrTestOrRunnable(GroovyShell.java:263)
	at groovy.lang.GroovyShell.run(GroovyShell.java:518)
	at groovy.lang.GroovyShell.run(GroovyShell.java:507)
	at groovy.ui.GroovyMain.processOnce(GroovyMain.java:653)
	at groovy.ui.GroovyMain.run(GroovyMain.java:384)
	at groovy.ui.GroovyMain.process(GroovyMain.java:370)
	at groovy.ui.GroovyMain.processArgs(GroovyMain.java:129)
	at groovy.ui.GroovyMain.main(GroovyMain.java:109)
	at sun.reflect.NativeMethodAccessorImpl.invoke0(Native Method)
	at sun.reflect.NativeMethodAccessorImpl.invoke(NativeMethodAccessorImpl.java:62)
	at sun.reflect.DelegatingMethodAccessorImpl.invoke(DelegatingMethodAccessorImpl.java:43)
	at java.lang.reflect.Method.invoke(Method.java:498)
	at org.codehaus.groovy.tools.GroovyStarter.rootLoader(GroovyStarter.java:109)
	at org.codehaus.groovy.tools.GroovyStarter.main(GroovyStarter.java:131)
)]]></system-out>
      <system-err><![CDATA[2018-09-22 10:16:17 - [TEST_SUITE][FAILED] - AccountsHealthCheck: Test Cases/AccCreateNonCoppaAccount/squirrelmailNonCoppaAccount FAILED because (of) (Stack trace: com.kms.katalon.core.exception.StepFailedException: Unable to click on object 'Object Repository/AccCreateNonCoppaAccount/Page_SquirrelMail 1.4.8-5.el5.cento/a_Click here to activate your' (Root cause: org.openqa.selenium.WebDriverException: unknown error: unhandled inspector error: {"code":-32000,"message":"Cannot find context with specified id"}
  (Session info: chrome=69.0.3497.100)
  (Driver info: chromedriver=2.35.528161 (5b82f2d2aae0ca24b877009200ced9065a772e73),platform=Windows NT 10.0.16299 x86_64) (WARNING: The server did not provide any stacktrace information)
Command duration or timeout: 0 milliseconds
Build info: version: '3.7.1', revision: '8a0099a', time: '2017-11-06T21:07:36.161Z'
System info: host: 'WS-124157L', ip: '192.168.56.1', os.name: 'Windows 10', os.arch: 'amd64', os.version: '10.0', java.version: '1.8.0_181'
Driver info: com.kms.katalon.selenium.driver.CChromeDriver
Capabilities {acceptInsecureCerts: false, acceptSslCerts: false, applicationCacheEnabled: false, browserConnectionEnabled: false, browserName: chrome, chrome: {chromedriverVersion: 2.35.528161 (5b82f2d2aae0ca..., userDataDir: C:\Users\dast\AppData\Local...}, cssSelectorsEnabled: true, databaseEnabled: false, handlesAlerts: true, hasTouchScreen: false, javascriptEnabled: true, locationContextEnabled: true, mobileEmulationEnabled: false, nativeEvents: true, networkConnectionEnabled: false, pageLoadStrategy: normal, platform: XP, platformName: XP, rotatable: false, setWindowRect: true, takesHeapSnapshot: true, takesScreenshot: true, unexpectedAlertBehaviour: , unhandledPromptBehavior: , version: 69.0.3497.100, webStorageEnabled: true}
Session ID: 99bf4007bed609d06c5804fd95bc41f1
*** Element info: {Using=xpath, value=//a[contains(text(),'Click here to activate your new Wizards account')]})
	at com.kms.katalon.core.keyword.internal.KeywordMain.stepFailed(KeywordMain.groovy:36)
	at com.kms.katalon.core.webui.keyword.internal.WebUIKeywordMain.stepFailed(WebUIKeywordMain.groovy:65)
	at com.kms.katalon.core.webui.keyword.internal.WebUIKeywordMain.runKeyword(WebUIKeywordMain.groovy:27)
	at com.kms.katalon.core.webui.keyword.builtin.ClickKeyword.click(ClickKeyword.groovy:86)
	at com.kms.katalon.core.webui.keyword.builtin.ClickKeyword.execute(ClickKeyword.groovy:67)
	at com.kms.katalon.core.keyword.internal.KeywordExecutor.executeKeywordForPlatform(KeywordExecutor.groovy:53)
	at com.kms.katalon.core.webui.keyword.WebUiBuiltInKeywords.click(WebUiBuiltInKeywords.groovy:616)
	at com.kms.katalon.core.webui.keyword.WebUiBuiltInKeywords$click$6.call(Unknown Source)
	at org.codehaus.groovy.runtime.callsite.CallSiteArray.defaultCall(CallSiteArray.java:48)
	at org.codehaus.groovy.runtime.callsite.AbstractCallSite.call(AbstractCallSite.java:113)
	at org.codehaus.groovy.runtime.callsite.AbstractCallSite.call(AbstractCallSite.java:125)
	at Script1537415911675.run(Script1537415911675.groovy:56)
	at com.kms.katalon.core.main.ScriptEngine.run(ScriptEngine.java:183)
	at com.kms.katalon.core.main.ScriptEngine.runScriptAsRawText(ScriptEngine.java:108)
	at com.kms.katalon.core.main.TestCaseExecutor.runScript(TestCaseExecutor.java:294)
	at com.kms.katalon.core.main.TestCaseExecutor.doExecute(TestCaseExecutor.java:285)
	at com.kms.katalon.core.main.TestCaseExecutor.processExecutionPhase(TestCaseExecutor.java:264)
	at com.kms.katalon.core.main.TestCaseExecutor.accessMainPhase(TestCaseExecutor.java:256)
	at com.kms.katalon.core.main.TestCaseExecutor.execute(TestCaseExecutor.java:200)
	at com.kms.katalon.core.main.TestSuiteExecutor.accessTestCaseMainPhase(TestSuiteExecutor.java:129)
	at com.kms.katalon.core.main.TestSuiteExecutor.accessTestSuiteMainPhase(TestSuiteExecutor.java:112)
	at com.kms.katalon.core.main.TestSuiteExecutor.execute(TestSuiteExecutor.java:81)
	at com.kms.katalon.core.main.TestCaseMain.startTestSuite(TestCaseMain.java:142)
	at com.kms.katalon.core.main.TestCaseMain$startTestSuite$0.call(Unknown Source)
	at org.codehaus.groovy.runtime.callsite.CallSiteArray.defaultCall(CallSiteArray.java:48)
	at org.codehaus.groovy.runtime.callsite.AbstractCallSite.call(AbstractCallSite.java:113)
	at org.codehaus.groovy.runtime.callsite.AbstractCallSite.call(AbstractCallSite.java:141)
	at TempTestSuite1537636575218.run(TempTestSuite1537636575218.groovy:36)
	at groovy.lang.GroovyShell.runScriptOrMainOrTestOrRunnable(GroovyShell.java:263)
	at groovy.lang.GroovyShell.run(GroovyShell.java:518)
	at groovy.lang.GroovyShell.run(GroovyShell.java:507)
	at groovy.ui.GroovyMain.processOnce(GroovyMain.java:653)
	at groovy.ui.GroovyMain.run(GroovyMain.java:384)
	at groovy.ui.GroovyMain.process(GroovyMain.java:370)
	at groovy.ui.GroovyMain.processArgs(GroovyMain.java:129)
	at groovy.ui.GroovyMain.main(GroovyMain.java:109)
	at sun.reflect.NativeMethodAccessorImpl.invoke0(Native Method)
	at sun.reflect.NativeMethodAccessorImpl.invoke(NativeMethodAccessorImpl.java:62)
	at sun.reflect.DelegatingMethodAccessorImpl.invoke(DelegatingMethodAccessorImpl.java:43)
	at java.lang.reflect.Method.invoke(Method.java:498)
	at org.codehaus.groovy.tools.GroovyStarter.rootLoader(GroovyStarter.java:109)
	at org.codehaus.groovy.tools.GroovyStarter.main(GroovyStarter.java:131)
)]]></system-err>
   </testsuite>
</testsuites>
