<?xml version="1.0" encoding="UTF-8"?>
<testsuites name="AccountsHealthCheck" time="76" tests="3" failures="0" errors="0">
   <testsuite name="AccountsHealthCheck" tests="3" failures="0" errors="0" time="76" timestamp="2018-09-20 11:19:27" hostname="dast - WS-124157L.wz.hasbro.com" id="Test Suites/AccountsHealthCheck">
      <properties>
         <property name="deviceName" value=""/>
         <property name="devicePlatform" value=""/>
         <property name="logFolder" value="C:\\WZ\\New folder\\AccountsHealthCheck\\AccountsHealthCheck\\Reports\\AccountsHealthCheck\\20180920_111921"/>
         <property name="logFiles" value="C:\\WZ\\New folder\\AccountsHealthCheck\\AccountsHealthCheck\\Reports\\AccountsHealthCheck\\20180920_111921\\execution0.log"/>
         <property name="attachments" value="C:\\WZ\\New folder\\AccountsHealthCheck\\AccountsHealthCheck\\Reports\\AccountsHealthCheck\\20180920_111921\\1537467588349.png, C:\\WZ\\New folder\\AccountsHealthCheck\\AccountsHealthCheck\\Reports\\AccountsHealthCheck\\20180920_111921\\1537467638591.png"/>
         <property name="hostName" value="dast - WS-124157L.wz.hasbro.com"/>
         <property name="os" value="Windows 10 64bit"/>
         <property name="katalonVersion" value="5.7.1.1"/>
         <property name="browser" value="Chrome 69.0.3497.100"/>
         <property name="hostAddress" value="192.168.56.1"/>
         <property name="sessionId" value="bf769b274771c9a7011970c260dc90e9"/>
         <property name="seleniumVersion" value="3.7.1"/>
         <property name="proxyInformation" value="ProxyInformation{proxyOption=NO_PROXY, proxyServerType=HTTP, password=, proxyServerAddress=, proxyServerPort=0}"/>
         <property name="platform" value="Windows 10"/>
      </properties>
      <testcase name="Test Cases/AccCreateNonCoppaAccount/AccCreateNonCoppaAccount" classname="Test Cases/AccCreateNonCoppaAccount/AccCreateNonCoppaAccount" status="PASSED">
         <system-out><![CDATA[2018-09-20 11:19:28 - [TEST_CASE][PASSED] - Test Cases/AccCreateNonCoppaAccount/AccCreateNonCoppaAccount: Test Cases/AccCreateNonCoppaAccount/AccCreateNonCoppaAccount

2018-09-20 11:19:29 - [TEST_STEP][PASSED] - openBrowser: Browser is opened with url: 'https://webr12accounts.wizards.com/'

2018-09-20 11:19:35 - [MESSAGE][PASSED] - Browser is opened with url: 'https://webr12accounts.wizards.com/'

2018-09-20 11:19:35 - [TEST_STEP][PASSED] - maximizeWindow: Current window maximized

2018-09-20 11:19:36 - [MESSAGE][PASSED] - Current window maximized

2018-09-20 11:19:36 - [TEST_STEP][PASSED] - Statement - driver = com.kms.katalon.core.webui.driver.DriverFactory.getWebDriver(): null

2018-09-20 11:19:36 - [TEST_STEP][PASSED] - Statement - baseUrl = "https://webr12accounts.wizards.com/": null

2018-09-20 11:19:36 - [TEST_STEP][PASSED] - Statement - selenium = new com.thoughtworks.selenium.webdriven.WebDriverBackedSelenium(driver, baseUrl): null

2018-09-20 11:19:36 - [TEST_STEP][PASSED] - Statement - selenium.open("https://webr12accounts.wizards.com/"): null

2018-09-20 11:19:37 - [TEST_STEP][PASSED] - waitForPageLoad: Wait for page load successfully

2018-09-20 11:19:37 - [MESSAGE][PASSED] - Wait for page load successfully

2018-09-20 11:19:37 - [TEST_STEP][PASSED] - delay: Delayed 10 second(s)

2018-09-20 11:19:47 - [MESSAGE][PASSED] - Delayed 10 second(s)

2018-09-20 11:19:47 - [TEST_STEP][PASSED] - Statement - selenium.click("id=join"): null

2018-09-20 11:19:48 - [TEST_STEP][PASSED] - switchToFrame: Switched to iframe: 'Object Repository/AccCreateNonCoppaAccount/iframe_wotcAccountWidgetModalIframe'

2018-09-20 11:19:48 - [TEST_STEP][PASSED] - switchToWindowIndex: Unable to switch to window with index: 'TestObject - 'Object Repository/AccCreateNonCoppaAccount/iframe_wotcAccountWidgetModalIframe'' (Root cause: java.lang.NumberFormatException: For input string: "TestObject - 'Object Repository/AccCreateNonCoppaAccount/iframe_wotcAccountWidgetModalIframe'")

2018-09-20 11:19:49 - [MESSAGE][WARNING] - Unable to switch to window with index: 'TestObject - 'Object Repository/AccCreateNonCoppaAccount/iframe_wotcAccountWidgetModalIframe'' (Root cause: java.lang.NumberFormatException: For input string: "TestObject - 'Object Repository/AccCreateNonCoppaAccount/iframe_wotcAccountWidgetModalIframe'")
[[ATTACHMENT|C:\\WZ\\New folder\\AccountsHealthCheck\\AccountsHealthCheck\\Reports\\AccountsHealthCheck\\20180920_111921\\1537467588349.png]]

2018-09-20 11:19:49 - [TEST_STEP][PASSED] - delay: Delayed 8 second(s)

2018-09-20 11:19:57 - [MESSAGE][PASSED] - Delayed 8 second(s)

2018-09-20 11:19:57 - [TEST_STEP][PASSED] - waitForPageLoad: Wait for page load successfully

2018-09-20 11:19:57 - [MESSAGE][PASSED] - Wait for page load successfully

2018-09-20 11:19:57 - [TEST_STEP][PASSED] - Statement - selenium.type("id=firstname", "sdss"): null

2018-09-20 11:19:57 - [TEST_STEP][PASSED] - Statement - selenium.type("id=lastname", "test"): null

2018-09-20 11:19:57 - [TEST_STEP][PASSED] - Statement - selenium.click("id=dob_Year"): null

2018-09-20 11:19:57 - [TEST_STEP][PASSED] - Statement - selenium.select("id=dob_Year", "label=2003"): null

2018-09-20 11:19:57 - [TEST_STEP][PASSED] - Statement - selenium.click("id=dob_Year"): null

2018-09-20 11:19:58 - [TEST_STEP][PASSED] - Statement - selenium.click("id=dob_Month"): null

2018-09-20 11:19:58 - [TEST_STEP][PASSED] - Statement - selenium.select("id=dob_Month", "label=12"): null

2018-09-20 11:19:58 - [TEST_STEP][PASSED] - Statement - selenium.click("id=dob_Month"): null

2018-09-20 11:19:58 - [TEST_STEP][PASSED] - Statement - selenium.click("id=dob_Day"): null

2018-09-20 11:19:58 - [TEST_STEP][PASSED] - Statement - selenium.select("id=dob_Day", "label=18"): null

2018-09-20 11:19:58 - [TEST_STEP][PASSED] - Statement - selenium.click("id=dob_Day"): null

2018-09-20 11:19:59 - [TEST_STEP][PASSED] - Statement - selenium.click("id=email"): null

2018-09-20 11:19:59 - [TEST_STEP][PASSED] - Statement - selenium.type("id=email", "raymantest905@test.wizards.com"): null

2018-09-20 11:19:59 - [TEST_STEP][PASSED] - Statement - selenium.click("id=username"): null

2018-09-20 11:19:59 - [TEST_STEP][PASSED] - Statement - selenium.type("id=username", "raymantest905"): null

2018-09-20 11:19:59 - [TEST_STEP][PASSED] - Statement - selenium.type("id=password", "Password1!"): null

2018-09-20 11:19:59 - [TEST_STEP][PASSED] - Statement - selenium.type("id=confirmPassword", "Password1!"): null

2018-09-20 11:19:59 - [TEST_STEP][PASSED] - Statement - selenium.type("id=joinCaptchaAnswer", "TEST"): null

2018-09-20 11:19:59 - [TEST_STEP][PASSED] - Statement - selenium.click("id=next"): null

2018-09-20 11:20:00 - [TEST_STEP][PASSED] - delay: Delayed 10 second(s)

2018-09-20 11:20:10 - [MESSAGE][PASSED] - Delayed 10 second(s)

2018-09-20 11:20:10 - [TEST_STEP][PASSED] - closeBrowser: Browser is closed

2018-09-20 11:20:11 - [MESSAGE][PASSED] - Browser is closed]]></system-out>
         <system-err><![CDATA[]]></system-err>
      </testcase>
      <testcase name="Test Cases/AccCreateNonCoppaAccount/squirrelmailNonCoppaAccount" classname="Test Cases/AccCreateNonCoppaAccount/squirrelmailNonCoppaAccount" status="PASSED">
         <system-out><![CDATA[2018-09-20 11:20:14 - [TEST_CASE][PASSED] - Test Cases/AccCreateNonCoppaAccount/squirrelmailNonCoppaAccount: Test Cases/AccCreateNonCoppaAccount/squirrelmailNonCoppaAccount

2018-09-20 11:20:14 - [TEST_STEP][PASSED] - openBrowser: Browser is opened with url: 'http://rntmailtest01/webmail/src/login.php'

2018-09-20 11:20:18 - [MESSAGE][PASSED] - Browser is opened with url: 'http://rntmailtest01/webmail/src/login.php'

2018-09-20 11:20:18 - [TEST_STEP][PASSED] - Statement - driver = com.kms.katalon.core.webui.driver.DriverFactory.getWebDriver(): null

2018-09-20 11:20:18 - [TEST_STEP][PASSED] - Statement - baseUrl = "http://rntmailtest01/webmail/src/login.php": null

2018-09-20 11:20:18 - [TEST_STEP][PASSED] - Statement - selenium = new com.thoughtworks.selenium.webdriven.WebDriverBackedSelenium(driver, baseUrl): null

2018-09-20 11:20:18 - [TEST_STEP][PASSED] - Statement - selenium.open("http://rntmailtest01/webmail/src/login.php"): null

2018-09-20 11:20:18 - [TEST_STEP][PASSED] - Statement - selenium.type("name=login_username", "loadtest"): null

2018-09-20 11:20:18 - [TEST_STEP][PASSED] - Statement - selenium.click("//center/table"): null

2018-09-20 11:20:18 - [TEST_STEP][PASSED] - Statement - selenium.click("name=secretkey"): null

2018-09-20 11:20:19 - [TEST_STEP][PASSED] - Statement - selenium.type("name=secretkey", "Wizz0Wizz"): null

2018-09-20 11:20:19 - [TEST_STEP][PASSED] - Statement - selenium.click("xpath=(.//*[normalize-space(text()) and normalize-space(.)='Password:'])[1]/following::input[4]"): null

2018-09-20 11:20:20 - [TEST_STEP][PASSED] - Statement - selenium.selectFrame("index=1"): null

2018-09-20 11:20:20 - [TEST_STEP][PASSED] - Statement - selenium.click("link=Wizards Account Verification"): null

2018-09-20 11:20:20 - [TEST_STEP][PASSED] - switchToWindowTitle: Switched to window with title: 'SquirrelMail 1.4.8-5.el5.centos.10'

2018-09-20 11:20:20 - [MESSAGE][PASSED] - Switched to window with title: 'SquirrelMail 1.4.8-5.el5.centos.10'

2018-09-20 11:20:20 - [TEST_STEP][PASSED] - click: Object: 'Object Repository/AccCreateNonCoppaAccount/Page_SquirrelMail 1.4.8-5.el5.cento/a_Click here to activate your' is clicked on

2018-09-20 11:20:21 - [MESSAGE][PASSED] - Object: 'Object Repository/AccCreateNonCoppaAccount/Page_SquirrelMail 1.4.8-5.el5.cento/a_Click here to activate your' is clicked on]]></system-out>
         <system-err><![CDATA[]]></system-err>
      </testcase>
      <testcase name="Test Cases/AccLoginValidLoginValidPwd/AccLoginValidLoginValidPwd" classname="Test Cases/AccLoginValidLoginValidPwd/AccLoginValidLoginValidPwd" status="PASSED">
         <system-out><![CDATA[2018-09-20 11:20:23 - [TEST_CASE][PASSED] - Test Cases/AccLoginValidLoginValidPwd/AccLoginValidLoginValidPwd: Test Cases/AccLoginValidLoginValidPwd/AccLoginValidLoginValidPwd

2018-09-20 11:20:24 - [TEST_STEP][PASSED] - openBrowser: Browser is opened with url: ''

2018-09-20 11:20:24 - [MESSAGE][WARNING] - A browser is already opened. Closing browser and opening a new one

2018-09-20 11:20:28 - [MESSAGE][PASSED] - Browser is opened with url: ''

2018-09-20 11:20:28 - [TEST_STEP][PASSED] - navigateToUrl: Navigate to 'https://webr12accounts.wizards.com/' successfully

2018-09-20 11:20:30 - [MESSAGE][PASSED] - Navigate to 'https://webr12accounts.wizards.com/' successfully

2018-09-20 11:20:30 - [TEST_STEP][PASSED] - click: Object: 'Object Repository/AccLoginValidLoginValidPwd/Page_Create Your Wizards Account/button_Login' is clicked on

2018-09-20 11:20:30 - [MESSAGE][PASSED] - Object: 'Object Repository/AccLoginValidLoginValidPwd/Page_Create Your Wizards Account/button_Login' is clicked on

2018-09-20 11:20:30 - [TEST_STEP][PASSED] - delay: Delayed 8 second(s)

2018-09-20 11:20:38 - [MESSAGE][PASSED] - Delayed 8 second(s)

2018-09-20 11:20:38 - [TEST_STEP][PASSED] - waitForPageLoad: Wait for page load successfully

2018-09-20 11:20:38 - [MESSAGE][PASSED] - Wait for page load successfully

2018-09-20 11:20:38 - [TEST_STEP][PASSED] - switchToFrame: Switched to iframe: 'Object Repository/AccCreateNonCoppaAccount/iframe_wotcAccountWidgetModalIframe'

2018-09-20 11:20:38 - [TEST_STEP][PASSED] - switchToWindowIndex: Unable to switch to window with index: 'TestObject - 'Object Repository/AccCreateNonCoppaAccount/iframe_wotcAccountWidgetModalIframe'' (Root cause: java.lang.NumberFormatException: For input string: "TestObject - 'Object Repository/AccCreateNonCoppaAccount/iframe_wotcAccountWidgetModalIframe'")

2018-09-20 11:20:39 - [MESSAGE][WARNING] - Unable to switch to window with index: 'TestObject - 'Object Repository/AccCreateNonCoppaAccount/iframe_wotcAccountWidgetModalIframe'' (Root cause: java.lang.NumberFormatException: For input string: "TestObject - 'Object Repository/AccCreateNonCoppaAccount/iframe_wotcAccountWidgetModalIframe'")
[[ATTACHMENT|C:\\WZ\\New folder\\AccountsHealthCheck\\AccountsHealthCheck\\Reports\\AccountsHealthCheck\\20180920_111921\\1537467638591.png]]

2018-09-20 11:20:39 - [TEST_STEP][PASSED] - setText: Text '0test726' is set on object 'Object Repository/AccLoginValidLoginValidPwd/Page_Create Your Wizards Account/input_Login ID_username'

2018-09-20 11:20:39 - [MESSAGE][PASSED] - Text '0test726' is set on object 'Object Repository/AccLoginValidLoginValidPwd/Page_Create Your Wizards Account/input_Login ID_username'

2018-09-20 11:20:39 - [TEST_STEP][PASSED] - setEncryptedText: Text ****** has been set on object 'Object Repository/AccLoginValidLoginValidPwd/Page_Create Your Wizards Account/input_Password_password'

2018-09-20 11:20:40 - [MESSAGE][PASSED] - Text ****** has been set on object 'Object Repository/AccLoginValidLoginValidPwd/Page_Create Your Wizards Account/input_Password_password'

2018-09-20 11:20:40 - [TEST_STEP][PASSED] - focus: Object: 'Object Repository/AccLoginValidLoginValidPwd/Page_Create Your Wizards Account/button_Login (1)' is focused

2018-09-20 11:20:40 - [MESSAGE][PASSED] - Object: 'Object Repository/AccLoginValidLoginValidPwd/Page_Create Your Wizards Account/button_Login (1)' is focused

2018-09-20 11:20:40 - [TEST_STEP][PASSED] - click: Object: 'Object Repository/AccLoginValidLoginValidPwd/Page_Create Your Wizards Account/button_Login (1)' is clicked on

2018-09-20 11:20:40 - [MESSAGE][PASSED] - Object: 'Object Repository/AccLoginValidLoginValidPwd/Page_Create Your Wizards Account/button_Login (1)' is clicked on]]></system-out>
         <system-err><![CDATA[]]></system-err>
      </testcase>
      <system-out><![CDATA[2018-09-20 11:19:27 - [TEST_SUITE][PASSED] - AccountsHealthCheck: Test Cases/AccLoginValidLoginValidPwd/AccLoginValidLoginValidPwd]]></system-out>
      <system-err><![CDATA[]]></system-err>
   </testsuite>
</testsuites>
