<?xml version="1.0" encoding="UTF-8"?>
<testsuites name="AccountsHealthCheck" time="216" tests="6" failures="0" errors="0">
   <testsuite name="AccountsHealthCheck" tests="6" failures="0" errors="0" time="216" timestamp="2018-11-15 11:34:10" hostname="dast - WS-124157L.wz.hasbro.com" id="Test Suites/AccountsHealthCheck">
      <properties>
         <property name="deviceName" value=""/>
         <property name="devicePlatform" value=""/>
         <property name="logFolder" value="C:\\Katalon Automation\\AccountsHealthCheck\\Reports\\AccountsHealthCheck\\20181115_113404"/>
         <property name="logFiles" value="C:\\Katalon Automation\\AccountsHealthCheck\\Reports\\AccountsHealthCheck\\20181115_113404\\execution0.log"/>
         <property name="attachments" value="C:\\Katalon Automation\\AccountsHealthCheck\\Reports\\AccountsHealthCheck\\20181115_113404\\1542310472072.png, C:\\Katalon Automation\\AccountsHealthCheck\\Reports\\AccountsHealthCheck\\20181115_113404\\1542310543124.png, C:\\Katalon Automation\\AccountsHealthCheck\\Reports\\AccountsHealthCheck\\20181115_113404\\1542310619282.png, C:\\Katalon Automation\\AccountsHealthCheck\\Reports\\AccountsHealthCheck\\20181115_113404\\1542310651785.png"/>
         <property name="hostName" value="dast - WS-124157L.wz.hasbro.com"/>
         <property name="os" value="Windows 10 64bit"/>
         <property name="katalonVersion" value="5.8.6.1"/>
         <property name="browser" value="Chrome 70.0.3538.102"/>
         <property name="hostAddress" value="192.168.99.1"/>
         <property name="sessionId" value="6b833fa432312b8ee8ad2958c8dace48"/>
         <property name="seleniumVersion" value="3.7.1"/>
         <property name="proxyInformation" value="ProxyInformation{proxyOption=NO_PROXY, proxyServerType=HTTP, password=, proxyServerAddress=, proxyServerPort=0}"/>
         <property name="platform" value="Windows 10"/>
      </properties>
      <testcase name="Test Cases/AccCreateNonCoppaAccount/AccCreateNonCoppaAccount" classname="Test Cases/AccCreateNonCoppaAccount/AccCreateNonCoppaAccount" status="PASSED">
         <system-out><![CDATA[2018-11-15 11:34:11 - [TEST_CASE][PASSED] - Test Cases/AccCreateNonCoppaAccount/AccCreateNonCoppaAccount: Test Cases/AccCreateNonCoppaAccount/AccCreateNonCoppaAccount

2018-11-15 11:34:12 - [TEST_STEP][PASSED] - openBrowser: Browser is opened with url: 'https://webr20accounts.wizards.com/'

2018-11-15 11:34:17 - [MESSAGE][PASSED] - Browser is opened with url: 'https://webr20accounts.wizards.com/'

2018-11-15 11:34:17 - [TEST_STEP][PASSED] - maximizeWindow: Current window maximized

2018-11-15 11:34:18 - [MESSAGE][PASSED] - Current window maximized

2018-11-15 11:34:18 - [TEST_STEP][PASSED] - Statement - driver = com.kms.katalon.core.webui.driver.DriverFactory.getWebDriver(): null

2018-11-15 11:34:18 - [TEST_STEP][PASSED] - Statement - baseUrl = "https://webr20accounts.wizards.com/": null

2018-11-15 11:34:18 - [TEST_STEP][PASSED] - Statement - selenium = new com.thoughtworks.selenium.webdriven.WebDriverBackedSelenium(driver, baseUrl): null

2018-11-15 11:34:18 - [TEST_STEP][PASSED] - Statement - selenium.open("https://webr20accounts.wizards.com/"): null

2018-11-15 11:34:19 - [TEST_STEP][PASSED] - waitForPageLoad: Wait for page load successfully

2018-11-15 11:34:19 - [MESSAGE][PASSED] - Wait for page load successfully

2018-11-15 11:34:19 - [TEST_STEP][PASSED] - delay: Delayed 10 second(s)

2018-11-15 11:34:29 - [MESSAGE][PASSED] - Delayed 10 second(s)

2018-11-15 11:34:29 - [TEST_STEP][PASSED] - Statement - selenium.click("id=join"): null

2018-11-15 11:34:31 - [TEST_STEP][PASSED] - switchToFrame: Switched to iframe: 'Object Repository/AccCreateNonCoppaAccount/iframe_wotcAccountWidgetModalIframe'

2018-11-15 11:34:32 - [TEST_STEP][PASSED] - switchToWindowIndex: Unable to switch to window with index: 'TestObject - 'Object Repository/AccCreateNonCoppaAccount/iframe_wotcAccountWidgetModalIframe'' (Root cause: java.lang.NumberFormatException: For input string: "TestObject - 'Object Repository/AccCreateNonCoppaAccount/iframe_wotcAccountWidgetModalIframe'")

2018-11-15 11:34:33 - [MESSAGE][WARNING] - Unable to switch to window with index: 'TestObject - 'Object Repository/AccCreateNonCoppaAccount/iframe_wotcAccountWidgetModalIframe'' (Root cause: java.lang.NumberFormatException: For input string: "TestObject - 'Object Repository/AccCreateNonCoppaAccount/iframe_wotcAccountWidgetModalIframe'")
[[ATTACHMENT|C:\\Katalon Automation\\AccountsHealthCheck\\Reports\\AccountsHealthCheck\\20181115_113404\\1542310472072.png]]

2018-11-15 11:34:33 - [TEST_STEP][PASSED] - delay: Delayed 8 second(s)

2018-11-15 11:34:41 - [MESSAGE][PASSED] - Delayed 8 second(s)

2018-11-15 11:34:41 - [TEST_STEP][PASSED] - waitForPageLoad: Wait for page load successfully

2018-11-15 11:34:41 - [MESSAGE][PASSED] - Wait for page load successfully

2018-11-15 11:34:41 - [TEST_STEP][PASSED] - Statement - selenium.type("id=firstname", "sdss"): null

2018-11-15 11:34:41 - [TEST_STEP][PASSED] - Statement - selenium.type("id=lastname", "test"): null

2018-11-15 11:34:41 - [TEST_STEP][PASSED] - Statement - selenium.click("id=dob_Year"): null

2018-11-15 11:34:41 - [TEST_STEP][PASSED] - Statement - selenium.select("id=dob_Year", "label=2003"): null

2018-11-15 11:34:41 - [TEST_STEP][PASSED] - Statement - selenium.click("id=dob_Year"): null

2018-11-15 11:34:42 - [TEST_STEP][PASSED] - Statement - selenium.click("id=dob_Month"): null

2018-11-15 11:34:42 - [TEST_STEP][PASSED] - Statement - selenium.select("id=dob_Month", "label=12"): null

2018-11-15 11:34:42 - [TEST_STEP][PASSED] - Statement - selenium.click("id=dob_Month"): null

2018-11-15 11:34:42 - [TEST_STEP][PASSED] - Statement - selenium.click("id=dob_Day"): null

2018-11-15 11:34:42 - [TEST_STEP][PASSED] - Statement - selenium.select("id=dob_Day", "label=18"): null

2018-11-15 11:34:42 - [TEST_STEP][PASSED] - Statement - selenium.click("id=dob_Day"): null

2018-11-15 11:34:42 - [TEST_STEP][PASSED] - Statement - selenium.click("id=email"): null

2018-11-15 11:34:43 - [TEST_STEP][PASSED] - Statement - selenium.type("id=email", org.apache.commons.lang.RandomStringUtils.randomNumeric(5) + com.kms.katalon.core.testdata.TestDataFactory.findTestData(InputData).getValue(2, 1)): Reading excel file with source file 'C:\WZ\New folder\AccountsHealthCheck\AccountsHealthCheck\Data Files\InputEmail.xlsx' and sheet name 'Sheet1'

2018-11-15 11:34:43 - [TEST_STEP][PASSED] - Statement - selenium.click("id=username"): null

2018-11-15 11:34:44 - [TEST_STEP][PASSED] - Statement - selenium.type("id=username", org.apache.commons.lang.RandomStringUtils.randomNumeric(5) + com.kms.katalon.core.testdata.TestDataFactory.findTestData(InputData).getValue(3, 1)): Reading excel file with source file 'C:\WZ\New folder\AccountsHealthCheck\AccountsHealthCheck\Data Files\InputEmail.xlsx' and sheet name 'Sheet1'

2018-11-15 11:34:44 - [TEST_STEP][PASSED] - Statement - selenium.type("id=password", "Password1!"): null

2018-11-15 11:34:44 - [TEST_STEP][PASSED] - Statement - selenium.type("id=confirmPassword", "Password1!"): null

2018-11-15 11:34:44 - [TEST_STEP][PASSED] - Statement - selenium.type("id=joinCaptchaAnswer", "TEST"): null

2018-11-15 11:34:44 - [TEST_STEP][PASSED] - Statement - selenium.click("id=next"): null

2018-11-15 11:34:46 - [TEST_STEP][PASSED] - delay: Delayed 10 second(s)

2018-11-15 11:34:56 - [MESSAGE][PASSED] - Delayed 10 second(s)

2018-11-15 11:34:56 - [TEST_STEP][PASSED] - closeBrowser: Browser is closed

2018-11-15 11:34:57 - [MESSAGE][PASSED] - Browser is closed]]></system-out>
         <system-err><![CDATA[]]></system-err>
      </testcase>
      <testcase name="Test Cases/AccCreateNonCoppaAccount/squirrelmailNonCoppaAccount" classname="Test Cases/AccCreateNonCoppaAccount/squirrelmailNonCoppaAccount" status="PASSED">
         <system-out><![CDATA[2018-11-15 11:35:00 - [TEST_CASE][PASSED] - Test Cases/AccCreateNonCoppaAccount/squirrelmailNonCoppaAccount: Test Cases/AccCreateNonCoppaAccount/squirrelmailNonCoppaAccount

2018-11-15 11:35:00 - [TEST_STEP][PASSED] - openBrowser: Browser is opened with url: 'http://rntmailtest01/webmail/src/login.php'

2018-11-15 11:35:04 - [MESSAGE][PASSED] - Browser is opened with url: 'http://rntmailtest01/webmail/src/login.php'

2018-11-15 11:35:04 - [TEST_STEP][PASSED] - Statement - driver = com.kms.katalon.core.webui.driver.DriverFactory.getWebDriver(): null

2018-11-15 11:35:04 - [TEST_STEP][PASSED] - Statement - baseUrl = "http://rntmailtest01/webmail/src/login.php": null

2018-11-15 11:35:04 - [TEST_STEP][PASSED] - Statement - selenium = new com.thoughtworks.selenium.webdriven.WebDriverBackedSelenium(driver, baseUrl): null

2018-11-15 11:35:04 - [TEST_STEP][PASSED] - Statement - selenium.open("http://rntmailtest01/webmail/src/login.php"): null

2018-11-15 11:35:04 - [TEST_STEP][PASSED] - Statement - selenium.type("name=login_username", "loadtest"): null

2018-11-15 11:35:04 - [TEST_STEP][PASSED] - Statement - selenium.click("//center/table"): null

2018-11-15 11:35:04 - [TEST_STEP][PASSED] - Statement - selenium.click("name=secretkey"): null

2018-11-15 11:35:04 - [TEST_STEP][PASSED] - Statement - selenium.type("name=secretkey", "Wizz0Wizz"): null

2018-11-15 11:35:05 - [TEST_STEP][PASSED] - Statement - selenium.click("xpath=(.//*[normalize-space(text()) and normalize-space(.)='Password:'])[1]/following::input[4]"): null

2018-11-15 11:35:05 - [TEST_STEP][PASSED] - Statement - selenium.selectFrame("index=1"): null

2018-11-15 11:35:05 - [TEST_STEP][PASSED] - Statement - selenium.click("link=Wizards Account Verification"): null

2018-11-15 11:35:06 - [TEST_STEP][PASSED] - switchToWindowTitle: Switched to window with title: 'SquirrelMail 1.4.8-5.el5.centos.10'

2018-11-15 11:35:06 - [MESSAGE][PASSED] - Switched to window with title: 'SquirrelMail 1.4.8-5.el5.centos.10'

2018-11-15 11:35:06 - [TEST_STEP][PASSED] - click: Object: 'Object Repository/AccCreateNonCoppaAccount/Page_SquirrelMail 1.4.8-5.el5.cento/a_Click here to activate your' is clicked on

2018-11-15 11:35:06 - [MESSAGE][PASSED] - Object: 'Object Repository/AccCreateNonCoppaAccount/Page_SquirrelMail 1.4.8-5.el5.cento/a_Click here to activate your' is clicked on

2018-11-15 11:35:06 - [TEST_STEP][PASSED] - delay: Delayed 14 second(s)

2018-11-15 11:35:20 - [MESSAGE][PASSED] - Delayed 14 second(s)

2018-11-15 11:35:20 - [TEST_STEP][PASSED] - closeBrowser: Browser is closed

2018-11-15 11:35:22 - [MESSAGE][PASSED] - Browser is closed]]></system-out>
         <system-err><![CDATA[]]></system-err>
      </testcase>
      <testcase name="Test Cases/AccCreateCoppaAccount/AccCreateCoppaAccount" classname="Test Cases/AccCreateCoppaAccount/AccCreateCoppaAccount" status="PASSED">
         <system-out><![CDATA[2018-11-15 11:35:24 - [TEST_CASE][PASSED] - Test Cases/AccCreateCoppaAccount/AccCreateCoppaAccount: Test Cases/AccCreateCoppaAccount/AccCreateCoppaAccount

2018-11-15 11:35:25 - [TEST_STEP][PASSED] - openBrowser: Browser is opened with url: 'https://webr20accounts.wizards.com/'

2018-11-15 11:35:28 - [MESSAGE][PASSED] - Browser is opened with url: 'https://webr20accounts.wizards.com/'

2018-11-15 11:35:28 - [TEST_STEP][PASSED] - maximizeWindow: Current window maximized

2018-11-15 11:35:30 - [MESSAGE][PASSED] - Current window maximized

2018-11-15 11:35:30 - [TEST_STEP][PASSED] - Statement - driver = com.kms.katalon.core.webui.driver.DriverFactory.getWebDriver(): null

2018-11-15 11:35:30 - [TEST_STEP][PASSED] - Statement - baseUrl = "https://webr20accounts.wizards.com/": null

2018-11-15 11:35:30 - [TEST_STEP][PASSED] - Statement - selenium = new com.thoughtworks.selenium.webdriven.WebDriverBackedSelenium(driver, baseUrl): null

2018-11-15 11:35:30 - [TEST_STEP][PASSED] - Statement - selenium.open("https://webr20accounts.wizards.com/"): null

2018-11-15 11:35:31 - [TEST_STEP][PASSED] - waitForPageLoad: Wait for page load successfully

2018-11-15 11:35:31 - [MESSAGE][PASSED] - Wait for page load successfully

2018-11-15 11:35:31 - [TEST_STEP][PASSED] - delay: Delayed 10 second(s)

2018-11-15 11:35:41 - [MESSAGE][PASSED] - Delayed 10 second(s)

2018-11-15 11:35:41 - [TEST_STEP][PASSED] - Statement - selenium.click("id=join"): null

2018-11-15 11:35:43 - [TEST_STEP][PASSED] - switchToFrame: Switched to iframe: 'Object Repository/AccCreateNonCoppaAccount/iframe_wotcAccountWidgetModalIframe'

2018-11-15 11:35:43 - [TEST_STEP][PASSED] - switchToWindowIndex: Unable to switch to window with index: 'TestObject - 'Object Repository/AccCreateNonCoppaAccount/iframe_wotcAccountWidgetModalIframe'' (Root cause: java.lang.NumberFormatException: For input string: "TestObject - 'Object Repository/AccCreateNonCoppaAccount/iframe_wotcAccountWidgetModalIframe'")

2018-11-15 11:35:44 - [MESSAGE][WARNING] - Unable to switch to window with index: 'TestObject - 'Object Repository/AccCreateNonCoppaAccount/iframe_wotcAccountWidgetModalIframe'' (Root cause: java.lang.NumberFormatException: For input string: "TestObject - 'Object Repository/AccCreateNonCoppaAccount/iframe_wotcAccountWidgetModalIframe'")
[[ATTACHMENT|C:\\Katalon Automation\\AccountsHealthCheck\\Reports\\AccountsHealthCheck\\20181115_113404\\1542310543124.png]]

2018-11-15 11:35:44 - [TEST_STEP][PASSED] - delay: Delayed 8 second(s)

2018-11-15 11:35:52 - [MESSAGE][PASSED] - Delayed 8 second(s)

2018-11-15 11:35:52 - [TEST_STEP][PASSED] - waitForPageLoad: Wait for page load successfully

2018-11-15 11:35:52 - [MESSAGE][PASSED] - Wait for page load successfully

2018-11-15 11:35:52 - [TEST_STEP][PASSED] - Statement - selenium.type("id=firstname", "sdss"): null

2018-11-15 11:35:52 - [TEST_STEP][PASSED] - Statement - selenium.type("id=lastname", "test"): null

2018-11-15 11:35:52 - [TEST_STEP][PASSED] - Statement - selenium.click("id=countryCode"): null

2018-11-15 11:35:52 - [TEST_STEP][PASSED] - Statement - selenium.select("id=countryCode", "label=Austria"): null

2018-11-15 11:35:52 - [TEST_STEP][PASSED] - Statement - selenium.click("id=countryCode"): null

2018-11-15 11:35:53 - [TEST_STEP][PASSED] - Statement - selenium.click("id=dob_Year"): null

2018-11-15 11:35:53 - [TEST_STEP][PASSED] - Statement - selenium.select("id=dob_Year", "label=2005"): null

2018-11-15 11:35:53 - [TEST_STEP][PASSED] - Statement - selenium.click("id=dob_Year"): null

2018-11-15 11:35:53 - [TEST_STEP][PASSED] - Statement - selenium.click("id=dob_Month"): null

2018-11-15 11:35:53 - [TEST_STEP][PASSED] - Statement - selenium.select("id=dob_Month", "label=12"): null

2018-11-15 11:35:53 - [TEST_STEP][PASSED] - Statement - selenium.click("id=dob_Month"): null

2018-11-15 11:35:53 - [TEST_STEP][PASSED] - Statement - selenium.click("id=dob_Day"): null

2018-11-15 11:35:54 - [TEST_STEP][PASSED] - Statement - selenium.select("id=dob_Day", "label=18"): null

2018-11-15 11:35:54 - [TEST_STEP][PASSED] - Statement - selenium.click("id=dob_Day"): null

2018-11-15 11:35:54 - [TEST_STEP][PASSED] - Statement - selenium.click("id=email"): null

2018-11-15 11:35:54 - [TEST_STEP][PASSED] - Statement - var3 = java.lang.String.valueOf(org.apache.commons.lang.RandomStringUtils.randomNumeric(5) + com.kms.katalon.core.testdata.TestDataFactory.findTestData(InputData).getValue(1, 1)): Reading excel file with source file 'C:\WZ\New folder\AccountsHealthCheck\AccountsHealthCheck\Data Files\InputEmail.xlsx' and sheet name 'Sheet1'

2018-11-15 11:35:54 - [TEST_STEP][PASSED] - Statement - GlobalVariable3 = var3: null

2018-11-15 11:35:54 - [TEST_STEP][PASSED] - Statement - file = new java.io.FileInputStream(new java.io.File(C:\WZ\New folder\AccountsHealthCheck\AccountsHealthCheck\Data Files\InputEmail1.xlsx)): null

2018-11-15 11:35:54 - [TEST_STEP][PASSED] - Statement - workbook = new org.apache.poi.xssf.usermodel.XSSFWorkbook(file): null

2018-11-15 11:35:54 - [TEST_STEP][PASSED] - Statement - sheet = workbook.getSheetAt(0): null

2018-11-15 11:35:54 - [TEST_STEP][PASSED] - Statement - Data_fromCell = sheet.getRow(1).getCell(1).getStringCellValue(): null

2018-11-15 11:35:54 - [TEST_STEP][PASSED] - Statement - sheet.getRow(1).createCell(1).setCellValue(GlobalVariable3): null

2018-11-15 11:35:54 - [TEST_STEP][PASSED] - Statement - file.close(): null

2018-11-15 11:35:54 - [TEST_STEP][PASSED] - Statement - outFile = new java.io.FileOutputStream(new java.io.File(C:\WZ\New folder\AccountsHealthCheck\AccountsHealthCheck\Data Files\InputEmail1.xlsx)): null

2018-11-15 11:35:55 - [TEST_STEP][PASSED] - Statement - workbook.write(outFile): null

2018-11-15 11:35:55 - [TEST_STEP][PASSED] - Statement - outFile.close(): null

2018-11-15 11:35:55 - [TEST_STEP][PASSED] - Statement - selenium.type("id=email", GlobalVariable3): null

2018-11-15 11:35:55 - [TEST_STEP][PASSED] - Statement - selenium.click("id=username"): null

2018-11-15 11:35:55 - [TEST_STEP][PASSED] - Statement - var4 = java.lang.String.valueOf(org.apache.commons.lang.RandomStringUtils.randomNumeric(5) + com.kms.katalon.core.testdata.TestDataFactory.findTestData(InputData).getValue(3, 1)): Reading excel file with source file 'C:\WZ\New folder\AccountsHealthCheck\AccountsHealthCheck\Data Files\InputEmail.xlsx' and sheet name 'Sheet1'

2018-11-15 11:35:55 - [TEST_STEP][PASSED] - Statement - GlobalVariable4 = var4: null

2018-11-15 11:35:55 - [TEST_STEP][PASSED] - Statement - selenium.type("id=username", GlobalVariable4): null

2018-11-15 11:35:55 - [TEST_STEP][PASSED] - Statement - selenium.type("id=password", "Password1!"): null

2018-11-15 11:35:55 - [TEST_STEP][PASSED] - Statement - selenium.type("id=confirmPassword", "Password1!"): null

2018-11-15 11:35:55 - [TEST_STEP][PASSED] - Statement - selenium.type("id=joinCaptchaAnswer", "TEST"): null

2018-11-15 11:35:55 - [TEST_STEP][PASSED] - Statement - selenium.click("xpath=(.//*[normalize-space(text()) and normalize-space(.)='A drawing of your favorite Planeswalker'])[2]/following::label[1]"): null

2018-11-15 11:35:56 - [TEST_STEP][PASSED] - Statement - selenium.click("id=next"): null

2018-11-15 11:35:57 - [TEST_STEP][PASSED] - delay: Delayed 10 second(s)

2018-11-15 11:36:07 - [MESSAGE][PASSED] - Delayed 10 second(s)

2018-11-15 11:36:07 - [TEST_STEP][PASSED] - Statement - selenium.click("id=getForm"): null

2018-11-15 11:36:07 - [TEST_STEP][PASSED] - switchToWindowUrl: Switched to window with url: 'http://media.wizards.com/downloads/wizardsaccount/coppawizardsparentalconsentform_en.pdf'

2018-11-15 11:36:08 - [MESSAGE][PASSED] - Switched to window with url: 'http://media.wizards.com/downloads/wizardsaccount/coppawizardsparentalconsentform_en.pdf'

2018-11-15 11:36:08 - [TEST_STEP][PASSED] - delay: Delayed 10 second(s)

2018-11-15 11:36:18 - [MESSAGE][PASSED] - Delayed 10 second(s)

2018-11-15 11:36:18 - [TEST_STEP][PASSED] - closeBrowser: Browser is closed

2018-11-15 11:36:20 - [MESSAGE][PASSED] - Browser is closed]]></system-out>
         <system-err><![CDATA[]]></system-err>
      </testcase>
      <testcase name="Test Cases/AccCreateCoppaAccount/VerifyEscrowStatus" classname="Test Cases/AccCreateCoppaAccount/VerifyEscrowStatus" status="PASSED">
         <system-out><![CDATA[2018-11-15 11:36:22 - [TEST_CASE][PASSED] - Test Cases/AccCreateCoppaAccount/VerifyEscrowStatus: Test Cases/AccCreateCoppaAccount/VerifyEscrowStatus

2018-11-15 11:36:23 - [TEST_STEP][PASSED] - openBrowser: Browser is opened with url: 'https://r20-prime.wz.hasbro.com/search/Escrow'

2018-11-15 11:36:27 - [MESSAGE][PASSED] - Browser is opened with url: 'https://r20-prime.wz.hasbro.com/search/Escrow'

2018-11-15 11:36:27 - [TEST_STEP][PASSED] - Statement - driver = com.kms.katalon.core.webui.driver.DriverFactory.getWebDriver(): null

2018-11-15 11:36:27 - [TEST_STEP][PASSED] - Statement - baseUrl = "https://r20-prime.wz.hasbro.com/search/Escrow": null

2018-11-15 11:36:27 - [TEST_STEP][PASSED] - Statement - selenium = new com.thoughtworks.selenium.webdriven.WebDriverBackedSelenium(driver, baseUrl): null

2018-11-15 11:36:27 - [TEST_STEP][PASSED] - Statement - selenium.open("https://r20-prime.wz.hasbro.com/search/Escrow"): null

2018-11-15 11:36:28 - [TEST_STEP][PASSED] - Statement - selenium.click("id=EscrowEmail"): null

2018-11-15 11:36:28 - [TEST_STEP][PASSED] - Statement - selenium.type("id=EscrowEmail", com.kms.katalon.core.testdata.TestDataFactory.findTestData(EscrowInputData).getValue(2, 1)): Reading excel file with source file 'C:\WZ\New folder\AccountsHealthCheck\AccountsHealthCheck\Data Files\InputEmail1.xlsx' and sheet name 'Sheet1'

2018-11-15 11:36:28 - [TEST_STEP][PASSED] - Statement - selenium.click("id=Escrowsubmit"): null

2018-11-15 11:36:28 - [TEST_STEP][PASSED] - verifyElementVisible: Object 'Object Repository/AccCreateCoppaAccount/Page_Escrow/td_Coppa' is visible

2018-11-15 11:36:29 - [MESSAGE][PASSED] - Object 'Object Repository/AccCreateCoppaAccount/Page_Escrow/td_Coppa' is visible

2018-11-15 11:36:29 - [TEST_STEP][PASSED] - verifyElementText: Actual text and expected text of test object 'Object Repository/AccCreateCoppaAccount/Page_Escrow/td_Coppa' are matched.

2018-11-15 11:36:29 - [MESSAGE][PASSED] - Actual text and expected text of test object 'Object Repository/AccCreateCoppaAccount/Page_Escrow/td_Coppa' are matched.

2018-11-15 11:36:29 - [TEST_STEP][PASSED] - delay: Delayed 10 second(s)

2018-11-15 11:36:39 - [MESSAGE][PASSED] - Delayed 10 second(s)

2018-11-15 11:36:39 - [TEST_STEP][PASSED] - closeBrowser: Browser is closed

2018-11-15 11:36:40 - [MESSAGE][PASSED] - Browser is closed]]></system-out>
         <system-err><![CDATA[]]></system-err>
      </testcase>
      <testcase name="Test Cases/AccLoginValidLoginValidPwd/AccLoginValidLoginValidPwd" classname="Test Cases/AccLoginValidLoginValidPwd/AccLoginValidLoginValidPwd" status="PASSED">
         <system-out><![CDATA[2018-11-15 11:36:42 - [TEST_CASE][PASSED] - Test Cases/AccLoginValidLoginValidPwd/AccLoginValidLoginValidPwd: Test Cases/AccLoginValidLoginValidPwd/AccLoginValidLoginValidPwd

2018-11-15 11:36:43 - [TEST_STEP][PASSED] - openBrowser: Browser is opened with url: ''

2018-11-15 11:36:46 - [MESSAGE][PASSED] - Browser is opened with url: ''

2018-11-15 11:36:46 - [TEST_STEP][PASSED] - navigateToUrl: Navigate to 'https://webr20accounts.wizards.com/' successfully

2018-11-15 11:36:49 - [MESSAGE][PASSED] - Navigate to 'https://webr20accounts.wizards.com/' successfully

2018-11-15 11:36:49 - [TEST_STEP][PASSED] - maximizeWindow: Current window maximized

2018-11-15 11:36:50 - [MESSAGE][PASSED] - Current window maximized

2018-11-15 11:36:50 - [TEST_STEP][PASSED] - click: Object: 'Object Repository/AccLoginValidLoginValidPwd/Page_Create Your Wizards Account/button_Login' is clicked on

2018-11-15 11:36:51 - [MESSAGE][PASSED] - Object: 'Object Repository/AccLoginValidLoginValidPwd/Page_Create Your Wizards Account/button_Login' is clicked on

2018-11-15 11:36:51 - [TEST_STEP][PASSED] - delay: Delayed 8 second(s)

2018-11-15 11:36:59 - [MESSAGE][PASSED] - Delayed 8 second(s)

2018-11-15 11:36:59 - [TEST_STEP][PASSED] - waitForPageLoad: Wait for page load successfully

2018-11-15 11:36:59 - [MESSAGE][PASSED] - Wait for page load successfully

2018-11-15 11:36:59 - [TEST_STEP][PASSED] - switchToFrame: Switched to iframe: 'Object Repository/AccCreateNonCoppaAccount/iframe_wotcAccountWidgetModalIframe'

2018-11-15 11:36:59 - [TEST_STEP][PASSED] - switchToWindowIndex: Unable to switch to window with index: 'TestObject - 'Object Repository/AccCreateNonCoppaAccount/iframe_wotcAccountWidgetModalIframe'' (Root cause: java.lang.NumberFormatException: For input string: "TestObject - 'Object Repository/AccCreateNonCoppaAccount/iframe_wotcAccountWidgetModalIframe'")

2018-11-15 11:37:00 - [MESSAGE][WARNING] - Unable to switch to window with index: 'TestObject - 'Object Repository/AccCreateNonCoppaAccount/iframe_wotcAccountWidgetModalIframe'' (Root cause: java.lang.NumberFormatException: For input string: "TestObject - 'Object Repository/AccCreateNonCoppaAccount/iframe_wotcAccountWidgetModalIframe'")
[[ATTACHMENT|C:\\Katalon Automation\\AccountsHealthCheck\\Reports\\AccountsHealthCheck\\20181115_113404\\1542310619282.png]]

2018-11-15 11:37:00 - [TEST_STEP][PASSED] - setText: Text 'RafaelTest' is set on object 'Object Repository/AccLoginValidLoginValidPwd/Page_Create Your Wizards Account/input_Login ID_username'

2018-11-15 11:37:00 - [MESSAGE][PASSED] - Text 'RafaelTest' is set on object 'Object Repository/AccLoginValidLoginValidPwd/Page_Create Your Wizards Account/input_Login ID_username'

2018-11-15 11:37:00 - [TEST_STEP][PASSED] - setEncryptedText: Text ****** has been set on object 'Object Repository/AccLoginValidLoginValidPwd/Page_Create Your Wizards Account/input_Password_password'

2018-11-15 11:37:00 - [MESSAGE][PASSED] - Text ****** has been set on object 'Object Repository/AccLoginValidLoginValidPwd/Page_Create Your Wizards Account/input_Password_password'

2018-11-15 11:37:00 - [TEST_STEP][PASSED] - focus: Object: 'Object Repository/AccLoginValidLoginValidPwd/Page_Create Your Wizards Account/button_Login _LogOut' is focused

2018-11-15 11:37:00 - [MESSAGE][PASSED] - Object: 'Object Repository/AccLoginValidLoginValidPwd/Page_Create Your Wizards Account/button_Login _LogOut' is focused

2018-11-15 11:37:00 - [TEST_STEP][PASSED] - click: Object: 'Object Repository/AccLoginValidLoginValidPwd/Page_Create Your Wizards Account/button_Login _LogOut' is clicked on

2018-11-15 11:37:02 - [MESSAGE][PASSED] - Object: 'Object Repository/AccLoginValidLoginValidPwd/Page_Create Your Wizards Account/button_Login _LogOut' is clicked on

2018-11-15 11:37:02 - [TEST_STEP][PASSED] - verifyElementVisible: Object 'Object Repository/AccLoginValidLoginValidPwd/Page_Account Details/label_Screen Name' is visible

2018-11-15 11:37:03 - [MESSAGE][PASSED] - Object 'Object Repository/AccLoginValidLoginValidPwd/Page_Account Details/label_Screen Name' is visible

2018-11-15 11:37:03 - [TEST_STEP][PASSED] - verifyElementText: Actual text and expected text of test object 'Object Repository/AccLogout/Page_Account Details/div_Rafael Test' are matched.

2018-11-15 11:37:03 - [MESSAGE][PASSED] - Actual text and expected text of test object 'Object Repository/AccLogout/Page_Account Details/div_Rafael Test' are matched.

2018-11-15 11:37:03 - [TEST_STEP][PASSED] - delay: Delayed 10 second(s)

2018-11-15 11:37:13 - [MESSAGE][PASSED] - Delayed 10 second(s)

2018-11-15 11:37:13 - [TEST_STEP][PASSED] - closeBrowser: Browser is closed

2018-11-15 11:37:15 - [MESSAGE][PASSED] - Browser is closed]]></system-out>
         <system-err><![CDATA[]]></system-err>
      </testcase>
      <testcase name="Test Cases/AccLogout/AccLogout" classname="Test Cases/AccLogout/AccLogout" status="PASSED">
         <system-out><![CDATA[2018-11-15 11:37:17 - [TEST_CASE][PASSED] - Test Cases/AccLogout/AccLogout: Test Cases/AccLogout/AccLogout

2018-11-15 11:37:17 - [TEST_STEP][PASSED] - openBrowser: Browser is opened with url: ''

2018-11-15 11:37:21 - [MESSAGE][PASSED] - Browser is opened with url: ''

2018-11-15 11:37:21 - [TEST_STEP][PASSED] - navigateToUrl: Navigate to 'https://webr20accounts.wizards.com/' successfully

2018-11-15 11:37:22 - [MESSAGE][PASSED] - Navigate to 'https://webr20accounts.wizards.com/' successfully

2018-11-15 11:37:22 - [TEST_STEP][PASSED] - maximizeWindow: Current window maximized

2018-11-15 11:37:23 - [MESSAGE][PASSED] - Current window maximized

2018-11-15 11:37:23 - [TEST_STEP][PASSED] - click: Object: 'Object Repository/AccLoginValidLoginValidPwd/Page_Create Your Wizards Account/button_Login' is clicked on

2018-11-15 11:37:23 - [MESSAGE][PASSED] - Object: 'Object Repository/AccLoginValidLoginValidPwd/Page_Create Your Wizards Account/button_Login' is clicked on

2018-11-15 11:37:23 - [TEST_STEP][PASSED] - delay: Delayed 8 second(s)

2018-11-15 11:37:31 - [MESSAGE][PASSED] - Delayed 8 second(s)

2018-11-15 11:37:31 - [TEST_STEP][PASSED] - waitForPageLoad: Wait for page load successfully

2018-11-15 11:37:31 - [MESSAGE][PASSED] - Wait for page load successfully

2018-11-15 11:37:31 - [TEST_STEP][PASSED] - switchToFrame: Switched to iframe: 'Object Repository/AccCreateNonCoppaAccount/iframe_wotcAccountWidgetModalIframe'

2018-11-15 11:37:31 - [TEST_STEP][PASSED] - switchToWindowIndex: Unable to switch to window with index: 'TestObject - 'Object Repository/AccCreateNonCoppaAccount/iframe_wotcAccountWidgetModalIframe'' (Root cause: java.lang.NumberFormatException: For input string: "TestObject - 'Object Repository/AccCreateNonCoppaAccount/iframe_wotcAccountWidgetModalIframe'")

2018-11-15 11:37:32 - [MESSAGE][WARNING] - Unable to switch to window with index: 'TestObject - 'Object Repository/AccCreateNonCoppaAccount/iframe_wotcAccountWidgetModalIframe'' (Root cause: java.lang.NumberFormatException: For input string: "TestObject - 'Object Repository/AccCreateNonCoppaAccount/iframe_wotcAccountWidgetModalIframe'")
[[ATTACHMENT|C:\\Katalon Automation\\AccountsHealthCheck\\Reports\\AccountsHealthCheck\\20181115_113404\\1542310651785.png]]

2018-11-15 11:37:32 - [TEST_STEP][PASSED] - setText: Text 'RafaelTest' is set on object 'Object Repository/AccLoginValidLoginValidPwd/Page_Create Your Wizards Account/input_Login ID_username'

2018-11-15 11:37:33 - [MESSAGE][PASSED] - Text 'RafaelTest' is set on object 'Object Repository/AccLoginValidLoginValidPwd/Page_Create Your Wizards Account/input_Login ID_username'

2018-11-15 11:37:33 - [TEST_STEP][PASSED] - setEncryptedText: Text ****** has been set on object 'Object Repository/AccLoginValidLoginValidPwd/Page_Create Your Wizards Account/input_Password_password'

2018-11-15 11:37:33 - [MESSAGE][PASSED] - Text ****** has been set on object 'Object Repository/AccLoginValidLoginValidPwd/Page_Create Your Wizards Account/input_Password_password'

2018-11-15 11:37:33 - [TEST_STEP][PASSED] - focus: Object: 'Object Repository/AccLoginValidLoginValidPwd/Page_Create Your Wizards Account/button_Login _LogOut' is focused

2018-11-15 11:37:33 - [MESSAGE][PASSED] - Object: 'Object Repository/AccLoginValidLoginValidPwd/Page_Create Your Wizards Account/button_Login _LogOut' is focused

2018-11-15 11:37:33 - [TEST_STEP][PASSED] - click: Object: 'Object Repository/AccLoginValidLoginValidPwd/Page_Create Your Wizards Account/button_Login _LogOut' is clicked on

2018-11-15 11:37:34 - [MESSAGE][PASSED] - Object: 'Object Repository/AccLoginValidLoginValidPwd/Page_Create Your Wizards Account/button_Login _LogOut' is clicked on

2018-11-15 11:37:34 - [TEST_STEP][PASSED] - verifyElementVisible: Object 'Object Repository/AccLoginValidLoginValidPwd/Page_Account Details/label_Screen Name' is visible

2018-11-15 11:37:35 - [MESSAGE][PASSED] - Object 'Object Repository/AccLoginValidLoginValidPwd/Page_Account Details/label_Screen Name' is visible

2018-11-15 11:37:35 - [TEST_STEP][PASSED] - verifyElementText: Actual text and expected text of test object 'Object Repository/AccLogout/Page_Account Details/div_Rafael Test' are matched.

2018-11-15 11:37:35 - [MESSAGE][PASSED] - Actual text and expected text of test object 'Object Repository/AccLogout/Page_Account Details/div_Rafael Test' are matched.

2018-11-15 11:37:35 - [TEST_STEP][PASSED] - click: Object: 'Object Repository/AccLogout/Page_Account Details/span_Sign Out ' is clicked on

2018-11-15 11:37:35 - [MESSAGE][PASSED] - Object: 'Object Repository/AccLogout/Page_Account Details/span_Sign Out ' is clicked on

2018-11-15 11:37:35 - [TEST_STEP][PASSED] - delay: Delayed 8 second(s)

2018-11-15 11:37:43 - [MESSAGE][PASSED] - Delayed 8 second(s)

2018-11-15 11:37:43 - [TEST_STEP][PASSED] - closeBrowser: Browser is closed

2018-11-15 11:37:45 - [MESSAGE][PASSED] - Browser is closed]]></system-out>
         <system-err><![CDATA[]]></system-err>
      </testcase>
      <system-out><![CDATA[2018-11-15 11:34:10 - [TEST_SUITE][PASSED] - AccountsHealthCheck: Test Cases/AccLogout/AccLogout]]></system-out>
      <system-err><![CDATA[]]></system-err>
   </testsuite>
</testsuites>
