<?xml version="1.0" encoding="UTF-8"?>
<testsuites name="AccountsHealthCheck" time="218" tests="5" failures="1" errors="0">
   <testsuite name="AccountsHealthCheck" tests="5" failures="1" errors="0" time="218" timestamp="2018-09-23 08:59:07" hostname="dast - WS-124157L.wz.hasbro.com" id="Test Suites/AccountsHealthCheck">
      <properties>
         <property name="deviceName" value=""/>
         <property name="devicePlatform" value=""/>
         <property name="logFolder" value="C:\\WZ\\New folder\\AccountsHealthCheck\\AccountsHealthCheck\\Reports\\AccountsHealthCheck\\20180923_085900"/>
         <property name="logFiles" value="C:\\WZ\\New folder\\AccountsHealthCheck\\AccountsHealthCheck\\Reports\\AccountsHealthCheck\\20180923_085900\\execution0.log"/>
         <property name="attachments" value="C:\\WZ\\New folder\\AccountsHealthCheck\\AccountsHealthCheck\\Reports\\AccountsHealthCheck\\20180923_085900\\1537718369924.png, C:\\WZ\\New folder\\AccountsHealthCheck\\AccountsHealthCheck\\Reports\\AccountsHealthCheck\\20180923_085900\\1537718434615.png, C:\\WZ\\New folder\\AccountsHealthCheck\\AccountsHealthCheck\\Reports\\AccountsHealthCheck\\20180923_085900\\1537718513669.png, C:\\WZ\\New folder\\AccountsHealthCheck\\AccountsHealthCheck\\Reports\\AccountsHealthCheck\\20180923_085900\\1537718547078.png"/>
         <property name="hostName" value="dast - WS-124157L.wz.hasbro.com"/>
         <property name="os" value="Windows 10 64bit"/>
         <property name="katalonVersion" value="5.7.1.1"/>
         <property name="browser" value="Chrome 69.0.3497.100"/>
         <property name="hostAddress" value="192.168.56.1"/>
         <property name="sessionId" value="9e2d471449db34058468b24aeebfe70c"/>
         <property name="seleniumVersion" value="3.7.1"/>
         <property name="proxyInformation" value="ProxyInformation{proxyOption=NO_PROXY, proxyServerType=HTTP, password=, proxyServerAddress=, proxyServerPort=0}"/>
         <property name="platform" value="Windows 10"/>
      </properties>
      <testcase name="Test Cases/AccCreateNonCoppaAccount/AccCreateNonCoppaAccount" classname="Test Cases/AccCreateNonCoppaAccount/AccCreateNonCoppaAccount" status="PASSED">
         <system-out><![CDATA[2018-09-23 08:59:08 - [TEST_CASE][PASSED] - Test Cases/AccCreateNonCoppaAccount/AccCreateNonCoppaAccount: Test Cases/AccCreateNonCoppaAccount/AccCreateNonCoppaAccount

2018-09-23 08:59:09 - [TEST_STEP][PASSED] - openBrowser: Browser is opened with url: 'https://webr12accounts.wizards.com/'

2018-09-23 08:59:15 - [MESSAGE][PASSED] - Browser is opened with url: 'https://webr12accounts.wizards.com/'

2018-09-23 08:59:15 - [TEST_STEP][PASSED] - maximizeWindow: Current window maximized

2018-09-23 08:59:17 - [MESSAGE][PASSED] - Current window maximized

2018-09-23 08:59:17 - [TEST_STEP][PASSED] - Statement - driver = com.kms.katalon.core.webui.driver.DriverFactory.getWebDriver(): null

2018-09-23 08:59:17 - [TEST_STEP][PASSED] - Statement - baseUrl = "https://webr12accounts.wizards.com/": null

2018-09-23 08:59:17 - [TEST_STEP][PASSED] - Statement - selenium = new com.thoughtworks.selenium.webdriven.WebDriverBackedSelenium(driver, baseUrl): null

2018-09-23 08:59:17 - [TEST_STEP][PASSED] - Statement - selenium.open("https://webr12accounts.wizards.com/"): null

2018-09-23 08:59:19 - [TEST_STEP][PASSED] - waitForPageLoad: Wait for page load successfully

2018-09-23 08:59:19 - [MESSAGE][PASSED] - Wait for page load successfully

2018-09-23 08:59:19 - [TEST_STEP][PASSED] - delay: Delayed 10 second(s)

2018-09-23 08:59:29 - [MESSAGE][PASSED] - Delayed 10 second(s)

2018-09-23 08:59:29 - [TEST_STEP][PASSED] - Statement - selenium.click("id=join"): null

2018-09-23 08:59:29 - [TEST_STEP][PASSED] - switchToFrame: Switched to iframe: 'Object Repository/AccCreateNonCoppaAccount/iframe_wotcAccountWidgetModalIframe'

2018-09-23 08:59:29 - [TEST_STEP][PASSED] - switchToWindowIndex: Unable to switch to window with index: 'TestObject - 'Object Repository/AccCreateNonCoppaAccount/iframe_wotcAccountWidgetModalIframe'' (Root cause: java.lang.NumberFormatException: For input string: "TestObject - 'Object Repository/AccCreateNonCoppaAccount/iframe_wotcAccountWidgetModalIframe'")

2018-09-23 08:59:30 - [MESSAGE][WARNING] - Unable to switch to window with index: 'TestObject - 'Object Repository/AccCreateNonCoppaAccount/iframe_wotcAccountWidgetModalIframe'' (Root cause: java.lang.NumberFormatException: For input string: "TestObject - 'Object Repository/AccCreateNonCoppaAccount/iframe_wotcAccountWidgetModalIframe'")
[[ATTACHMENT|C:\\WZ\\New folder\\AccountsHealthCheck\\AccountsHealthCheck\\Reports\\AccountsHealthCheck\\20180923_085900\\1537718369924.png]]

2018-09-23 08:59:30 - [TEST_STEP][PASSED] - delay: Delayed 8 second(s)

2018-09-23 08:59:38 - [MESSAGE][PASSED] - Delayed 8 second(s)

2018-09-23 08:59:38 - [TEST_STEP][PASSED] - waitForPageLoad: Wait for page load successfully

2018-09-23 08:59:38 - [MESSAGE][PASSED] - Wait for page load successfully

2018-09-23 08:59:38 - [TEST_STEP][PASSED] - Statement - selenium.type("id=firstname", "sdss"): null

2018-09-23 08:59:38 - [TEST_STEP][PASSED] - Statement - selenium.type("id=lastname", "test"): null

2018-09-23 08:59:38 - [TEST_STEP][PASSED] - Statement - selenium.click("id=dob_Year"): null

2018-09-23 08:59:39 - [TEST_STEP][PASSED] - Statement - selenium.select("id=dob_Year", "label=2003"): null

2018-09-23 08:59:39 - [TEST_STEP][PASSED] - Statement - selenium.click("id=dob_Year"): null

2018-09-23 08:59:39 - [TEST_STEP][PASSED] - Statement - selenium.click("id=dob_Month"): null

2018-09-23 08:59:39 - [TEST_STEP][PASSED] - Statement - selenium.select("id=dob_Month", "label=12"): null

2018-09-23 08:59:39 - [TEST_STEP][PASSED] - Statement - selenium.click("id=dob_Month"): null

2018-09-23 08:59:39 - [TEST_STEP][PASSED] - Statement - selenium.click("id=dob_Day"): null

2018-09-23 08:59:40 - [TEST_STEP][PASSED] - Statement - selenium.select("id=dob_Day", "label=18"): null

2018-09-23 08:59:40 - [TEST_STEP][PASSED] - Statement - selenium.click("id=dob_Day"): null

2018-09-23 08:59:40 - [TEST_STEP][PASSED] - Statement - selenium.click("id=email"): null

2018-09-23 08:59:40 - [TEST_STEP][PASSED] - Statement - selenium.type("id=email", org.apache.commons.lang.RandomStringUtils.randomNumeric(5) + com.kms.katalon.core.testdata.TestDataFactory.findTestData(InputData).getValue(2, 1)): Reading excel file with source file 'C:\WZ\New folder\AccountsHealthCheck\AccountsHealthCheck\Data Files\InputEmail.xlsx' and sheet name 'Sheet1'

2018-09-23 08:59:41 - [TEST_STEP][PASSED] - Statement - selenium.click("id=username"): null

2018-09-23 08:59:41 - [TEST_STEP][PASSED] - Statement - selenium.type("id=username", org.apache.commons.lang.RandomStringUtils.randomNumeric(5) + com.kms.katalon.core.testdata.TestDataFactory.findTestData(InputData).getValue(3, 1)): Reading excel file with source file 'C:\WZ\New folder\AccountsHealthCheck\AccountsHealthCheck\Data Files\InputEmail.xlsx' and sheet name 'Sheet1'

2018-09-23 08:59:41 - [TEST_STEP][PASSED] - Statement - selenium.type("id=password", "Password1!"): null

2018-09-23 08:59:41 - [TEST_STEP][PASSED] - Statement - selenium.type("id=confirmPassword", "Password1!"): null

2018-09-23 08:59:41 - [TEST_STEP][PASSED] - Statement - selenium.type("id=joinCaptchaAnswer", "TEST"): null

2018-09-23 08:59:42 - [TEST_STEP][PASSED] - Statement - selenium.click("id=next"): null

2018-09-23 08:59:42 - [TEST_STEP][PASSED] - delay: Delayed 10 second(s)

2018-09-23 08:59:52 - [MESSAGE][PASSED] - Delayed 10 second(s)

2018-09-23 08:59:52 - [TEST_STEP][PASSED] - closeBrowser: Browser is closed

2018-09-23 08:59:53 - [MESSAGE][PASSED] - Browser is closed]]></system-out>
         <system-err><![CDATA[]]></system-err>
      </testcase>
      <testcase name="Test Cases/AccCreateNonCoppaAccount/squirrelmailNonCoppaAccount" classname="Test Cases/AccCreateNonCoppaAccount/squirrelmailNonCoppaAccount" status="PASSED">
         <system-out><![CDATA[2018-09-23 08:59:56 - [TEST_CASE][PASSED] - Test Cases/AccCreateNonCoppaAccount/squirrelmailNonCoppaAccount: Test Cases/AccCreateNonCoppaAccount/squirrelmailNonCoppaAccount

2018-09-23 08:59:56 - [TEST_STEP][PASSED] - openBrowser: Browser is opened with url: 'http://rntmailtest01/webmail/src/login.php'

2018-09-23 09:00:00 - [MESSAGE][PASSED] - Browser is opened with url: 'http://rntmailtest01/webmail/src/login.php'

2018-09-23 09:00:00 - [TEST_STEP][PASSED] - Statement - driver = com.kms.katalon.core.webui.driver.DriverFactory.getWebDriver(): null

2018-09-23 09:00:00 - [TEST_STEP][PASSED] - Statement - baseUrl = "http://rntmailtest01/webmail/src/login.php": null

2018-09-23 09:00:00 - [TEST_STEP][PASSED] - Statement - selenium = new com.thoughtworks.selenium.webdriven.WebDriverBackedSelenium(driver, baseUrl): null

2018-09-23 09:00:00 - [TEST_STEP][PASSED] - Statement - selenium.open("http://rntmailtest01/webmail/src/login.php"): null

2018-09-23 09:00:00 - [TEST_STEP][PASSED] - Statement - selenium.type("name=login_username", "loadtest"): null

2018-09-23 09:00:00 - [TEST_STEP][PASSED] - Statement - selenium.click("//center/table"): null

2018-09-23 09:00:01 - [TEST_STEP][PASSED] - Statement - selenium.click("name=secretkey"): null

2018-09-23 09:00:01 - [TEST_STEP][PASSED] - Statement - selenium.type("name=secretkey", "Wizz0Wizz"): null

2018-09-23 09:00:01 - [TEST_STEP][PASSED] - Statement - selenium.click("xpath=(.//*[normalize-space(text()) and normalize-space(.)='Password:'])[1]/following::input[4]"): null

2018-09-23 09:00:02 - [TEST_STEP][PASSED] - Statement - selenium.selectFrame("index=1"): null

2018-09-23 09:00:02 - [TEST_STEP][PASSED] - Statement - selenium.click("link=Wizards Account Verification"): null

2018-09-23 09:00:02 - [TEST_STEP][PASSED] - switchToWindowTitle: Switched to window with title: 'SquirrelMail 1.4.8-5.el5.centos.10'

2018-09-23 09:00:02 - [MESSAGE][PASSED] - Switched to window with title: 'SquirrelMail 1.4.8-5.el5.centos.10'

2018-09-23 09:00:02 - [TEST_STEP][PASSED] - click: Object: 'Object Repository/AccCreateNonCoppaAccount/Page_SquirrelMail 1.4.8-5.el5.cento/a_Click here to activate your' is clicked on

2018-09-23 09:00:03 - [MESSAGE][PASSED] - Object: 'Object Repository/AccCreateNonCoppaAccount/Page_SquirrelMail 1.4.8-5.el5.cento/a_Click here to activate your' is clicked on

2018-09-23 09:00:03 - [TEST_STEP][PASSED] - delay: Delayed 10 second(s)

2018-09-23 09:00:13 - [MESSAGE][PASSED] - Delayed 10 second(s)

2018-09-23 09:00:13 - [TEST_STEP][PASSED] - closeBrowser: Browser is closed

2018-09-23 09:00:14 - [MESSAGE][PASSED] - Browser is closed]]></system-out>
         <system-err><![CDATA[]]></system-err>
      </testcase>
      <testcase name="Test Cases/AccCreateCoppaAccount/AccCreateCoppaAccount" classname="Test Cases/AccCreateCoppaAccount/AccCreateCoppaAccount" status="PASSED">
         <system-out><![CDATA[2018-09-23 09:00:16 - [TEST_CASE][PASSED] - Test Cases/AccCreateCoppaAccount/AccCreateCoppaAccount: Test Cases/AccCreateCoppaAccount/AccCreateCoppaAccount

2018-09-23 09:00:17 - [TEST_STEP][PASSED] - openBrowser: Browser is opened with url: 'https://webr12accounts.wizards.com/'

2018-09-23 09:00:21 - [MESSAGE][PASSED] - Browser is opened with url: 'https://webr12accounts.wizards.com/'

2018-09-23 09:00:21 - [TEST_STEP][PASSED] - maximizeWindow: Current window maximized

2018-09-23 09:00:22 - [MESSAGE][PASSED] - Current window maximized

2018-09-23 09:00:22 - [TEST_STEP][PASSED] - Statement - driver = com.kms.katalon.core.webui.driver.DriverFactory.getWebDriver(): null

2018-09-23 09:00:22 - [TEST_STEP][PASSED] - Statement - baseUrl = "https://webr12accounts.wizards.com/": null

2018-09-23 09:00:22 - [TEST_STEP][PASSED] - Statement - selenium = new com.thoughtworks.selenium.webdriven.WebDriverBackedSelenium(driver, baseUrl): null

2018-09-23 09:00:22 - [TEST_STEP][PASSED] - Statement - selenium.open("https://webr12accounts.wizards.com/"): null

2018-09-23 09:00:24 - [TEST_STEP][PASSED] - waitForPageLoad: Wait for page load successfully

2018-09-23 09:00:24 - [MESSAGE][PASSED] - Wait for page load successfully

2018-09-23 09:00:24 - [TEST_STEP][PASSED] - delay: Delayed 10 second(s)

2018-09-23 09:00:34 - [MESSAGE][PASSED] - Delayed 10 second(s)

2018-09-23 09:00:34 - [TEST_STEP][PASSED] - Statement - selenium.click("id=join"): null

2018-09-23 09:00:34 - [TEST_STEP][PASSED] - switchToFrame: Switched to iframe: 'Object Repository/AccCreateNonCoppaAccount/iframe_wotcAccountWidgetModalIframe'

2018-09-23 09:00:34 - [TEST_STEP][PASSED] - switchToWindowIndex: Unable to switch to window with index: 'TestObject - 'Object Repository/AccCreateNonCoppaAccount/iframe_wotcAccountWidgetModalIframe'' (Root cause: java.lang.NumberFormatException: For input string: "TestObject - 'Object Repository/AccCreateNonCoppaAccount/iframe_wotcAccountWidgetModalIframe'")

2018-09-23 09:00:35 - [MESSAGE][WARNING] - Unable to switch to window with index: 'TestObject - 'Object Repository/AccCreateNonCoppaAccount/iframe_wotcAccountWidgetModalIframe'' (Root cause: java.lang.NumberFormatException: For input string: "TestObject - 'Object Repository/AccCreateNonCoppaAccount/iframe_wotcAccountWidgetModalIframe'")
[[ATTACHMENT|C:\\WZ\\New folder\\AccountsHealthCheck\\AccountsHealthCheck\\Reports\\AccountsHealthCheck\\20180923_085900\\1537718434615.png]]

2018-09-23 09:00:35 - [TEST_STEP][PASSED] - delay: Delayed 8 second(s)

2018-09-23 09:00:43 - [MESSAGE][PASSED] - Delayed 8 second(s)

2018-09-23 09:00:43 - [TEST_STEP][PASSED] - waitForPageLoad: Wait for page load successfully

2018-09-23 09:00:43 - [MESSAGE][PASSED] - Wait for page load successfully

2018-09-23 09:00:43 - [TEST_STEP][PASSED] - Statement - selenium.type("id=firstname", "sdss"): null

2018-09-23 09:00:43 - [TEST_STEP][PASSED] - Statement - selenium.type("id=lastname", "test"): null

2018-09-23 09:00:43 - [TEST_STEP][PASSED] - Statement - selenium.click("id=countryCode"): null

2018-09-23 09:00:43 - [TEST_STEP][PASSED] - Statement - selenium.select("id=countryCode", "label=Austria"): null

2018-09-23 09:00:43 - [TEST_STEP][PASSED] - Statement - selenium.click("id=countryCode"): null

2018-09-23 09:00:44 - [TEST_STEP][PASSED] - Statement - selenium.click("id=dob_Year"): null

2018-09-23 09:00:44 - [TEST_STEP][PASSED] - Statement - selenium.select("id=dob_Year", "label=2005"): null

2018-09-23 09:00:44 - [TEST_STEP][PASSED] - Statement - selenium.click("id=dob_Year"): null

2018-09-23 09:00:44 - [TEST_STEP][PASSED] - Statement - selenium.click("id=dob_Month"): null

2018-09-23 09:00:44 - [TEST_STEP][PASSED] - Statement - selenium.select("id=dob_Month", "label=12"): null

2018-09-23 09:00:44 - [TEST_STEP][PASSED] - Statement - selenium.click("id=dob_Month"): null

2018-09-23 09:00:45 - [TEST_STEP][PASSED] - Statement - selenium.click("id=dob_Day"): null

2018-09-23 09:00:45 - [TEST_STEP][PASSED] - Statement - selenium.select("id=dob_Day", "label=18"): null

2018-09-23 09:00:45 - [TEST_STEP][PASSED] - Statement - selenium.click("id=dob_Day"): null

2018-09-23 09:00:45 - [TEST_STEP][PASSED] - Statement - selenium.click("id=email"): null

2018-09-23 09:00:45 - [TEST_STEP][PASSED] - Statement - var3 = java.lang.String.valueOf(org.apache.commons.lang.RandomStringUtils.randomNumeric(5) + com.kms.katalon.core.testdata.TestDataFactory.findTestData(InputData).getValue(1, 1)): Reading excel file with source file 'C:\WZ\New folder\AccountsHealthCheck\AccountsHealthCheck\Data Files\InputEmail.xlsx' and sheet name 'Sheet1'

2018-09-23 09:00:45 - [TEST_STEP][PASSED] - Statement - GlobalVariable3 = var3: null

2018-09-23 09:00:45 - [TEST_STEP][PASSED] - Statement - file = new java.io.FileInputStream(new java.io.File(C:\WZ\New folder\AccountsHealthCheck\AccountsHealthCheck\Data Files\InputEmail1.xlsx)): null

2018-09-23 09:00:45 - [TEST_STEP][PASSED] - Statement - workbook = new org.apache.poi.xssf.usermodel.XSSFWorkbook(file): null

2018-09-23 09:00:45 - [TEST_STEP][PASSED] - Statement - sheet = workbook.getSheetAt(0): null

2018-09-23 09:00:45 - [TEST_STEP][PASSED] - Statement - Data_fromCell = sheet.getRow(1).getCell(1).getStringCellValue(): null

2018-09-23 09:00:46 - [TEST_STEP][PASSED] - Statement - sheet.getRow(1).createCell(1).setCellValue(GlobalVariable3): null

2018-09-23 09:00:46 - [TEST_STEP][PASSED] - Statement - file.close(): null

2018-09-23 09:00:46 - [TEST_STEP][PASSED] - Statement - outFile = new java.io.FileOutputStream(new java.io.File(C:\WZ\New folder\AccountsHealthCheck\AccountsHealthCheck\Data Files\InputEmail1.xlsx)): null

2018-09-23 09:00:46 - [TEST_STEP][PASSED] - Statement - workbook.write(outFile): null

2018-09-23 09:00:46 - [TEST_STEP][PASSED] - Statement - outFile.close(): null

2018-09-23 09:00:46 - [TEST_STEP][PASSED] - Statement - selenium.type("id=email", GlobalVariable3): null

2018-09-23 09:00:46 - [TEST_STEP][PASSED] - Statement - selenium.click("id=username"): null

2018-09-23 09:00:46 - [TEST_STEP][PASSED] - Statement - var4 = java.lang.String.valueOf(org.apache.commons.lang.RandomStringUtils.randomNumeric(5) + com.kms.katalon.core.testdata.TestDataFactory.findTestData(InputData).getValue(3, 1)): Reading excel file with source file 'C:\WZ\New folder\AccountsHealthCheck\AccountsHealthCheck\Data Files\InputEmail.xlsx' and sheet name 'Sheet1'

2018-09-23 09:00:46 - [TEST_STEP][PASSED] - Statement - GlobalVariable4 = var4: null

2018-09-23 09:00:46 - [TEST_STEP][PASSED] - Statement - selenium.type("id=username", GlobalVariable4): null

2018-09-23 09:00:46 - [TEST_STEP][PASSED] - Statement - selenium.type("id=password", "Password1!"): null

2018-09-23 09:00:46 - [TEST_STEP][PASSED] - Statement - selenium.type("id=confirmPassword", "Password1!"): null

2018-09-23 09:00:46 - [TEST_STEP][PASSED] - Statement - selenium.type("id=joinCaptchaAnswer", "TEST"): null

2018-09-23 09:00:47 - [TEST_STEP][PASSED] - Statement - selenium.click("xpath=(.//*[normalize-space(text()) and normalize-space(.)='A drawing of your favorite Planeswalker'])[2]/following::label[1]"): null

2018-09-23 09:00:47 - [TEST_STEP][PASSED] - Statement - selenium.click("id=next"): null

2018-09-23 09:00:47 - [TEST_STEP][PASSED] - delay: Delayed 10 second(s)

2018-09-23 09:00:57 - [MESSAGE][PASSED] - Delayed 10 second(s)

2018-09-23 09:00:57 - [TEST_STEP][PASSED] - Statement - selenium.click("id=getForm"): null

2018-09-23 09:00:57 - [TEST_STEP][PASSED] - switchToWindowUrl: Switched to window with url: 'http://media.wizards.com/downloads/wizardsaccount/coppawizardsparentalconsentform_en.pdf'

2018-09-23 09:00:58 - [MESSAGE][PASSED] - Switched to window with url: 'http://media.wizards.com/downloads/wizardsaccount/coppawizardsparentalconsentform_en.pdf'

2018-09-23 09:00:58 - [TEST_STEP][PASSED] - delay: Delayed 10 second(s)

2018-09-23 09:01:08 - [MESSAGE][PASSED] - Delayed 10 second(s)

2018-09-23 09:01:08 - [TEST_STEP][PASSED] - closeBrowser: Browser is closed

2018-09-23 09:01:10 - [MESSAGE][PASSED] - Browser is closed]]></system-out>
         <system-err><![CDATA[]]></system-err>
      </testcase>
      <testcase name="Test Cases/AccCreateCoppaAccount/VerifyEscrowStatus" classname="Test Cases/AccCreateCoppaAccount/VerifyEscrowStatus" status="PASSED">
         <system-out><![CDATA[2018-09-23 09:01:12 - [TEST_CASE][PASSED] - Test Cases/AccCreateCoppaAccount/VerifyEscrowStatus: Test Cases/AccCreateCoppaAccount/VerifyEscrowStatus

2018-09-23 09:01:13 - [TEST_STEP][PASSED] - openBrowser: Browser is opened with url: 'https://r12-prime.wz.hasbro.com/search/Escrow'

2018-09-23 09:01:22 - [MESSAGE][PASSED] - Browser is opened with url: 'https://r12-prime.wz.hasbro.com/search/Escrow'

2018-09-23 09:01:22 - [TEST_STEP][PASSED] - Statement - driver = com.kms.katalon.core.webui.driver.DriverFactory.getWebDriver(): null

2018-09-23 09:01:22 - [TEST_STEP][PASSED] - Statement - baseUrl = "https://r12-prime.wz.hasbro.com/search/Escrow": null

2018-09-23 09:01:22 - [TEST_STEP][PASSED] - Statement - selenium = new com.thoughtworks.selenium.webdriven.WebDriverBackedSelenium(driver, baseUrl): null

2018-09-23 09:01:22 - [TEST_STEP][PASSED] - Statement - selenium.open("https://r12-prime.wz.hasbro.com/search/Escrow"): null

2018-09-23 09:01:22 - [TEST_STEP][PASSED] - Statement - selenium.click("id=EscrowEmail"): null

2018-09-23 09:01:22 - [TEST_STEP][PASSED] - Statement - selenium.type("id=EscrowEmail", com.kms.katalon.core.testdata.TestDataFactory.findTestData(EscrowInputData).getValue(2, 1)): Reading excel file with source file 'C:\WZ\New folder\AccountsHealthCheck\AccountsHealthCheck\Data Files\InputEmail1.xlsx' and sheet name 'Sheet1'

2018-09-23 09:01:22 - [TEST_STEP][PASSED] - Statement - selenium.click("id=Escrowsubmit"): null

2018-09-23 09:01:23 - [TEST_STEP][PASSED] - verifyElementVisible: Object 'Object Repository/AccCreateCoppaAccount/Page_Escrow/td_Coppa' is visible

2018-09-23 09:01:24 - [MESSAGE][PASSED] - Object 'Object Repository/AccCreateCoppaAccount/Page_Escrow/td_Coppa' is visible

2018-09-23 09:01:24 - [TEST_STEP][PASSED] - verifyElementText: Actual text and expected text of test object 'Object Repository/AccCreateCoppaAccount/Page_Escrow/td_Coppa' are matched.

2018-09-23 09:01:24 - [MESSAGE][PASSED] - Actual text and expected text of test object 'Object Repository/AccCreateCoppaAccount/Page_Escrow/td_Coppa' are matched.

2018-09-23 09:01:24 - [TEST_STEP][PASSED] - delay: Delayed 10 second(s)

2018-09-23 09:01:34 - [MESSAGE][PASSED] - Delayed 10 second(s)

2018-09-23 09:01:34 - [TEST_STEP][PASSED] - closeBrowser: Browser is closed

2018-09-23 09:01:35 - [MESSAGE][PASSED] - Browser is closed]]></system-out>
         <system-err><![CDATA[]]></system-err>
      </testcase>
      <testcase name="Test Cases/AccLoginValidLoginValidPwd/AccLoginValidLoginValidPwd" classname="Test Cases/AccLoginValidLoginValidPwd/AccLoginValidLoginValidPwd" status="PASSED">
         <system-out><![CDATA[2018-09-23 09:01:37 - [TEST_CASE][PASSED] - Test Cases/AccLoginValidLoginValidPwd/AccLoginValidLoginValidPwd: Test Cases/AccLoginValidLoginValidPwd/AccLoginValidLoginValidPwd

2018-09-23 09:01:38 - [TEST_STEP][PASSED] - openBrowser: Browser is opened with url: ''

2018-09-23 09:01:41 - [MESSAGE][PASSED] - Browser is opened with url: ''

2018-09-23 09:01:41 - [TEST_STEP][PASSED] - navigateToUrl: Navigate to 'https://webr12accounts.wizards.com/' successfully

2018-09-23 09:01:44 - [MESSAGE][PASSED] - Navigate to 'https://webr12accounts.wizards.com/' successfully

2018-09-23 09:01:44 - [TEST_STEP][PASSED] - maximizeWindow: Current window maximized

2018-09-23 09:01:45 - [MESSAGE][PASSED] - Current window maximized

2018-09-23 09:01:45 - [TEST_STEP][PASSED] - click: Object: 'Object Repository/AccLoginValidLoginValidPwd/Page_Create Your Wizards Account/button_Login' is clicked on

2018-09-23 09:01:45 - [MESSAGE][PASSED] - Object: 'Object Repository/AccLoginValidLoginValidPwd/Page_Create Your Wizards Account/button_Login' is clicked on

2018-09-23 09:01:45 - [TEST_STEP][PASSED] - delay: Delayed 8 second(s)

2018-09-23 09:01:53 - [MESSAGE][PASSED] - Delayed 8 second(s)

2018-09-23 09:01:53 - [TEST_STEP][PASSED] - waitForPageLoad: Wait for page load successfully

2018-09-23 09:01:53 - [MESSAGE][PASSED] - Wait for page load successfully

2018-09-23 09:01:53 - [TEST_STEP][PASSED] - switchToFrame: Switched to iframe: 'Object Repository/AccCreateNonCoppaAccount/iframe_wotcAccountWidgetModalIframe'

2018-09-23 09:01:53 - [TEST_STEP][PASSED] - switchToWindowIndex: Unable to switch to window with index: 'TestObject - 'Object Repository/AccCreateNonCoppaAccount/iframe_wotcAccountWidgetModalIframe'' (Root cause: java.lang.NumberFormatException: For input string: "TestObject - 'Object Repository/AccCreateNonCoppaAccount/iframe_wotcAccountWidgetModalIframe'")

2018-09-23 09:01:54 - [MESSAGE][WARNING] - Unable to switch to window with index: 'TestObject - 'Object Repository/AccCreateNonCoppaAccount/iframe_wotcAccountWidgetModalIframe'' (Root cause: java.lang.NumberFormatException: For input string: "TestObject - 'Object Repository/AccCreateNonCoppaAccount/iframe_wotcAccountWidgetModalIframe'")
[[ATTACHMENT|C:\\WZ\\New folder\\AccountsHealthCheck\\AccountsHealthCheck\\Reports\\AccountsHealthCheck\\20180923_085900\\1537718513669.png]]

2018-09-23 09:01:54 - [TEST_STEP][PASSED] - setText: Text '0test726' is set on object 'Object Repository/AccLoginValidLoginValidPwd/Page_Create Your Wizards Account/input_Login ID_username'

2018-09-23 09:01:54 - [MESSAGE][PASSED] - Text '0test726' is set on object 'Object Repository/AccLoginValidLoginValidPwd/Page_Create Your Wizards Account/input_Login ID_username'

2018-09-23 09:01:54 - [TEST_STEP][PASSED] - setEncryptedText: Text ****** has been set on object 'Object Repository/AccLoginValidLoginValidPwd/Page_Create Your Wizards Account/input_Password_password'

2018-09-23 09:01:54 - [MESSAGE][PASSED] - Text ****** has been set on object 'Object Repository/AccLoginValidLoginValidPwd/Page_Create Your Wizards Account/input_Password_password'

2018-09-23 09:01:54 - [TEST_STEP][PASSED] - focus: Object: 'Object Repository/AccLoginValidLoginValidPwd/Page_Create Your Wizards Account/button_Login (1)' is focused

2018-09-23 09:01:55 - [MESSAGE][PASSED] - Object: 'Object Repository/AccLoginValidLoginValidPwd/Page_Create Your Wizards Account/button_Login (1)' is focused

2018-09-23 09:01:55 - [TEST_STEP][PASSED] - click: Object: 'Object Repository/AccLoginValidLoginValidPwd/Page_Create Your Wizards Account/button_Login (1)' is clicked on

2018-09-23 09:01:55 - [MESSAGE][PASSED] - Object: 'Object Repository/AccLoginValidLoginValidPwd/Page_Create Your Wizards Account/button_Login (1)' is clicked on

2018-09-23 09:01:55 - [TEST_STEP][PASSED] - verifyElementVisible: Object 'Object Repository/AccLoginValidLoginValidPwd/Page_Account Details/label_Screen Name' is visible

2018-09-23 09:01:58 - [MESSAGE][PASSED] - Object 'Object Repository/AccLoginValidLoginValidPwd/Page_Account Details/label_Screen Name' is visible

2018-09-23 09:01:58 - [TEST_STEP][PASSED] - verifyElementText: Actual text and expected text of test object 'Object Repository/AccLoginValidLoginValidPwd/Page_Account Details/div_0test726' are matched.

2018-09-23 09:01:58 - [MESSAGE][PASSED] - Actual text and expected text of test object 'Object Repository/AccLoginValidLoginValidPwd/Page_Account Details/div_0test726' are matched.

2018-09-23 09:01:58 - [TEST_STEP][PASSED] - delay: Delayed 10 second(s)

2018-09-23 09:02:08 - [MESSAGE][PASSED] - Delayed 10 second(s)

2018-09-23 09:02:08 - [TEST_STEP][PASSED] - closeBrowser: Browser is closed

2018-09-23 09:02:09 - [MESSAGE][PASSED] - Browser is closed]]></system-out>
         <system-err><![CDATA[]]></system-err>
      </testcase>
      <testcase name="Test Cases/AccLogout/AccLogout" classname="Test Cases/AccLogout/AccLogout" status="FAILED">
         <failure type="FAILED" message="(Stack trace: com.kms.katalon.core.exception.StepFailedException: Unable to click on object 'Object Repository/AccLogout/Page_Account Details/span_Sign Out' (Root cause: com.kms.katalon.core.webui.exception.BrowserNotOpenedException: Browser is not opened
Build info: version: '3.7.1', revision: '8a0099a', time: '2017-11-06T21:07:36.161Z'
System info: host: 'WS-124157L', ip: '192.168.56.1', os.name: 'Windows 10', os.arch: 'amd64', os.version: '10.0', java.version: '1.8.0_181'
Driver info: driver.version: unknown)
	at com.kms.katalon.core.keyword.internal.KeywordMain.stepFailed(KeywordMain.groovy:36)
	at com.kms.katalon.core.webui.keyword.internal.WebUIKeywordMain.stepFailed(WebUIKeywordMain.groovy:65)
	at com.kms.katalon.core.webui.keyword.internal.WebUIKeywordMain.runKeyword(WebUIKeywordMain.groovy:27)
	at com.kms.katalon.core.webui.keyword.builtin.ClickKeyword.click(ClickKeyword.groovy:86)
	at com.kms.katalon.core.webui.keyword.builtin.ClickKeyword.execute(ClickKeyword.groovy:67)
	at com.kms.katalon.core.keyword.internal.KeywordExecutor.executeKeywordForPlatform(KeywordExecutor.groovy:53)
	at com.kms.katalon.core.webui.keyword.WebUiBuiltInKeywords.click(WebUiBuiltInKeywords.groovy:616)
	at com.kms.katalon.core.webui.keyword.WebUiBuiltInKeywords$click$6.call(Unknown Source)
	at org.codehaus.groovy.runtime.callsite.CallSiteArray.defaultCall(CallSiteArray.java:48)
	at org.codehaus.groovy.runtime.callsite.AbstractCallSite.call(AbstractCallSite.java:113)
	at org.codehaus.groovy.runtime.callsite.AbstractCallSite.call(AbstractCallSite.java:125)
	at Script1536857559040.run(Script1536857559040.groovy:33)
	at com.kms.katalon.core.main.ScriptEngine.run(ScriptEngine.java:183)
	at com.kms.katalon.core.main.ScriptEngine.runScriptAsRawText(ScriptEngine.java:108)
	at com.kms.katalon.core.main.TestCaseExecutor.runScript(TestCaseExecutor.java:294)
	at com.kms.katalon.core.main.TestCaseExecutor.doExecute(TestCaseExecutor.java:285)
	at com.kms.katalon.core.main.TestCaseExecutor.processExecutionPhase(TestCaseExecutor.java:264)
	at com.kms.katalon.core.main.TestCaseExecutor.accessMainPhase(TestCaseExecutor.java:256)
	at com.kms.katalon.core.main.TestCaseExecutor.execute(TestCaseExecutor.java:200)
	at com.kms.katalon.core.main.TestSuiteExecutor.accessTestCaseMainPhase(TestSuiteExecutor.java:129)
	at com.kms.katalon.core.main.TestSuiteExecutor.accessTestSuiteMainPhase(TestSuiteExecutor.java:112)
	at com.kms.katalon.core.main.TestSuiteExecutor.execute(TestSuiteExecutor.java:81)
	at com.kms.katalon.core.main.TestCaseMain.startTestSuite(TestCaseMain.java:142)
	at com.kms.katalon.core.main.TestCaseMain$startTestSuite$0.call(Unknown Source)
	at org.codehaus.groovy.runtime.callsite.CallSiteArray.defaultCall(CallSiteArray.java:48)
	at org.codehaus.groovy.runtime.callsite.AbstractCallSite.call(AbstractCallSite.java:113)
	at org.codehaus.groovy.runtime.callsite.AbstractCallSite.call(AbstractCallSite.java:141)
	at TempTestSuite1537718345077.run(TempTestSuite1537718345077.groovy:36)
	at groovy.lang.GroovyShell.runScriptOrMainOrTestOrRunnable(GroovyShell.java:263)
	at groovy.lang.GroovyShell.run(GroovyShell.java:518)
	at groovy.lang.GroovyShell.run(GroovyShell.java:507)
	at groovy.ui.GroovyMain.processOnce(GroovyMain.java:653)
	at groovy.ui.GroovyMain.run(GroovyMain.java:384)
	at groovy.ui.GroovyMain.process(GroovyMain.java:370)
	at groovy.ui.GroovyMain.processArgs(GroovyMain.java:129)
	at groovy.ui.GroovyMain.main(GroovyMain.java:109)
	at sun.reflect.NativeMethodAccessorImpl.invoke0(Native Method)
	at sun.reflect.NativeMethodAccessorImpl.invoke(NativeMethodAccessorImpl.java:62)
	at sun.reflect.DelegatingMethodAccessorImpl.invoke(DelegatingMethodAccessorImpl.java:43)
	at java.lang.reflect.Method.invoke(Method.java:498)
	at org.codehaus.groovy.tools.GroovyStarter.rootLoader(GroovyStarter.java:109)
	at org.codehaus.groovy.tools.GroovyStarter.main(GroovyStarter.java:131)
)"/>
         <system-out><![CDATA[2018-09-23 09:02:12 - [TEST_CASE][FAILED] - Test Cases/AccLogout/AccLogout: Test Cases/AccLogout/AccLogout FAILED because (of) (Stack trace: com.kms.katalon.core.exception.StepFailedException: Unable to click on object 'Object Repository/AccLogout/Page_Account Details/span_Sign Out' (Root cause: com.kms.katalon.core.webui.exception.BrowserNotOpenedException: Browser is not opened
Build info: version: '3.7.1', revision: '8a0099a', time: '2017-11-06T21:07:36.161Z'
System info: host: 'WS-124157L', ip: '192.168.56.1', os.name: 'Windows 10', os.arch: 'amd64', os.version: '10.0', java.version: '1.8.0_181'
Driver info: driver.version: unknown)
	at com.kms.katalon.core.keyword.internal.KeywordMain.stepFailed(KeywordMain.groovy:36)
	at com.kms.katalon.core.webui.keyword.internal.WebUIKeywordMain.stepFailed(WebUIKeywordMain.groovy:65)
	at com.kms.katalon.core.webui.keyword.internal.WebUIKeywordMain.runKeyword(WebUIKeywordMain.groovy:27)
	at com.kms.katalon.core.webui.keyword.builtin.ClickKeyword.click(ClickKeyword.groovy:86)
	at com.kms.katalon.core.webui.keyword.builtin.ClickKeyword.execute(ClickKeyword.groovy:67)
	at com.kms.katalon.core.keyword.internal.KeywordExecutor.executeKeywordForPlatform(KeywordExecutor.groovy:53)
	at com.kms.katalon.core.webui.keyword.WebUiBuiltInKeywords.click(WebUiBuiltInKeywords.groovy:616)
	at com.kms.katalon.core.webui.keyword.WebUiBuiltInKeywords$click$6.call(Unknown Source)
	at org.codehaus.groovy.runtime.callsite.CallSiteArray.defaultCall(CallSiteArray.java:48)
	at org.codehaus.groovy.runtime.callsite.AbstractCallSite.call(AbstractCallSite.java:113)
	at org.codehaus.groovy.runtime.callsite.AbstractCallSite.call(AbstractCallSite.java:125)
	at Script1536857559040.run(Script1536857559040.groovy:33)
	at com.kms.katalon.core.main.ScriptEngine.run(ScriptEngine.java:183)
	at com.kms.katalon.core.main.ScriptEngine.runScriptAsRawText(ScriptEngine.java:108)
	at com.kms.katalon.core.main.TestCaseExecutor.runScript(TestCaseExecutor.java:294)
	at com.kms.katalon.core.main.TestCaseExecutor.doExecute(TestCaseExecutor.java:285)
	at com.kms.katalon.core.main.TestCaseExecutor.processExecutionPhase(TestCaseExecutor.java:264)
	at com.kms.katalon.core.main.TestCaseExecutor.accessMainPhase(TestCaseExecutor.java:256)
	at com.kms.katalon.core.main.TestCaseExecutor.execute(TestCaseExecutor.java:200)
	at com.kms.katalon.core.main.TestSuiteExecutor.accessTestCaseMainPhase(TestSuiteExecutor.java:129)
	at com.kms.katalon.core.main.TestSuiteExecutor.accessTestSuiteMainPhase(TestSuiteExecutor.java:112)
	at com.kms.katalon.core.main.TestSuiteExecutor.execute(TestSuiteExecutor.java:81)
	at com.kms.katalon.core.main.TestCaseMain.startTestSuite(TestCaseMain.java:142)
	at com.kms.katalon.core.main.TestCaseMain$startTestSuite$0.call(Unknown Source)
	at org.codehaus.groovy.runtime.callsite.CallSiteArray.defaultCall(CallSiteArray.java:48)
	at org.codehaus.groovy.runtime.callsite.AbstractCallSite.call(AbstractCallSite.java:113)
	at org.codehaus.groovy.runtime.callsite.AbstractCallSite.call(AbstractCallSite.java:141)
	at TempTestSuite1537718345077.run(TempTestSuite1537718345077.groovy:36)
	at groovy.lang.GroovyShell.runScriptOrMainOrTestOrRunnable(GroovyShell.java:263)
	at groovy.lang.GroovyShell.run(GroovyShell.java:518)
	at groovy.lang.GroovyShell.run(GroovyShell.java:507)
	at groovy.ui.GroovyMain.processOnce(GroovyMain.java:653)
	at groovy.ui.GroovyMain.run(GroovyMain.java:384)
	at groovy.ui.GroovyMain.process(GroovyMain.java:370)
	at groovy.ui.GroovyMain.processArgs(GroovyMain.java:129)
	at groovy.ui.GroovyMain.main(GroovyMain.java:109)
	at sun.reflect.NativeMethodAccessorImpl.invoke0(Native Method)
	at sun.reflect.NativeMethodAccessorImpl.invoke(NativeMethodAccessorImpl.java:62)
	at sun.reflect.DelegatingMethodAccessorImpl.invoke(DelegatingMethodAccessorImpl.java:43)
	at java.lang.reflect.Method.invoke(Method.java:498)
	at org.codehaus.groovy.tools.GroovyStarter.rootLoader(GroovyStarter.java:109)
	at org.codehaus.groovy.tools.GroovyStarter.main(GroovyStarter.java:131)
)

2018-09-23 09:02:12 - [TEST_STEP][PASSED] - callTestCase: Call Test Case 'Test Cases/AccLoginValidLoginValidPwd/AccLoginValidLoginValidPwd' successfully

2018-09-23 09:02:12 - [TEST_CASE][PASSED] - Test Cases/AccLoginValidLoginValidPwd/AccLoginValidLoginValidPwd: Test Cases/AccLoginValidLoginValidPwd/AccLoginValidLoginValidPwd

2018-09-23 09:02:12 - [TEST_STEP][PASSED] - openBrowser: Browser is opened with url: ''

2018-09-23 09:02:15 - [MESSAGE][PASSED] - Browser is opened with url: ''

2018-09-23 09:02:15 - [TEST_STEP][PASSED] - navigateToUrl: Navigate to 'https://webr12accounts.wizards.com/' successfully

2018-09-23 09:02:17 - [MESSAGE][PASSED] - Navigate to 'https://webr12accounts.wizards.com/' successfully

2018-09-23 09:02:17 - [TEST_STEP][PASSED] - maximizeWindow: Current window maximized

2018-09-23 09:02:18 - [MESSAGE][PASSED] - Current window maximized

2018-09-23 09:02:18 - [TEST_STEP][PASSED] - click: Object: 'Object Repository/AccLoginValidLoginValidPwd/Page_Create Your Wizards Account/button_Login' is clicked on

2018-09-23 09:02:18 - [MESSAGE][PASSED] - Object: 'Object Repository/AccLoginValidLoginValidPwd/Page_Create Your Wizards Account/button_Login' is clicked on

2018-09-23 09:02:18 - [TEST_STEP][PASSED] - delay: Delayed 8 second(s)

2018-09-23 09:02:26 - [MESSAGE][PASSED] - Delayed 8 second(s)

2018-09-23 09:02:26 - [TEST_STEP][PASSED] - waitForPageLoad: Wait for page load successfully

2018-09-23 09:02:26 - [MESSAGE][PASSED] - Wait for page load successfully

2018-09-23 09:02:26 - [TEST_STEP][PASSED] - switchToFrame: Switched to iframe: 'Object Repository/AccCreateNonCoppaAccount/iframe_wotcAccountWidgetModalIframe'

2018-09-23 09:02:27 - [TEST_STEP][PASSED] - switchToWindowIndex: Unable to switch to window with index: 'TestObject - 'Object Repository/AccCreateNonCoppaAccount/iframe_wotcAccountWidgetModalIframe'' (Root cause: java.lang.NumberFormatException: For input string: "TestObject - 'Object Repository/AccCreateNonCoppaAccount/iframe_wotcAccountWidgetModalIframe'")

2018-09-23 09:02:27 - [MESSAGE][WARNING] - Unable to switch to window with index: 'TestObject - 'Object Repository/AccCreateNonCoppaAccount/iframe_wotcAccountWidgetModalIframe'' (Root cause: java.lang.NumberFormatException: For input string: "TestObject - 'Object Repository/AccCreateNonCoppaAccount/iframe_wotcAccountWidgetModalIframe'")
[[ATTACHMENT|C:\\WZ\\New folder\\AccountsHealthCheck\\AccountsHealthCheck\\Reports\\AccountsHealthCheck\\20180923_085900\\1537718547078.png]]

2018-09-23 09:02:27 - [TEST_STEP][PASSED] - setText: Text '0test726' is set on object 'Object Repository/AccLoginValidLoginValidPwd/Page_Create Your Wizards Account/input_Login ID_username'

2018-09-23 09:02:27 - [MESSAGE][PASSED] - Text '0test726' is set on object 'Object Repository/AccLoginValidLoginValidPwd/Page_Create Your Wizards Account/input_Login ID_username'

2018-09-23 09:02:27 - [TEST_STEP][PASSED] - setEncryptedText: Text ****** has been set on object 'Object Repository/AccLoginValidLoginValidPwd/Page_Create Your Wizards Account/input_Password_password'

2018-09-23 09:02:28 - [MESSAGE][PASSED] - Text ****** has been set on object 'Object Repository/AccLoginValidLoginValidPwd/Page_Create Your Wizards Account/input_Password_password'

2018-09-23 09:02:28 - [TEST_STEP][PASSED] - focus: Object: 'Object Repository/AccLoginValidLoginValidPwd/Page_Create Your Wizards Account/button_Login (1)' is focused

2018-09-23 09:02:28 - [MESSAGE][PASSED] - Object: 'Object Repository/AccLoginValidLoginValidPwd/Page_Create Your Wizards Account/button_Login (1)' is focused

2018-09-23 09:02:28 - [TEST_STEP][PASSED] - click: Object: 'Object Repository/AccLoginValidLoginValidPwd/Page_Create Your Wizards Account/button_Login (1)' is clicked on

2018-09-23 09:02:29 - [MESSAGE][PASSED] - Object: 'Object Repository/AccLoginValidLoginValidPwd/Page_Create Your Wizards Account/button_Login (1)' is clicked on

2018-09-23 09:02:29 - [TEST_STEP][PASSED] - verifyElementVisible: Object 'Object Repository/AccLoginValidLoginValidPwd/Page_Account Details/label_Screen Name' is visible

2018-09-23 09:02:31 - [MESSAGE][PASSED] - Object 'Object Repository/AccLoginValidLoginValidPwd/Page_Account Details/label_Screen Name' is visible

2018-09-23 09:02:31 - [TEST_STEP][PASSED] - verifyElementText: Actual text and expected text of test object 'Object Repository/AccLoginValidLoginValidPwd/Page_Account Details/div_0test726' are matched.

2018-09-23 09:02:31 - [MESSAGE][PASSED] - Actual text and expected text of test object 'Object Repository/AccLoginValidLoginValidPwd/Page_Account Details/div_0test726' are matched.

2018-09-23 09:02:31 - [TEST_STEP][PASSED] - delay: Delayed 10 second(s)

2018-09-23 09:02:41 - [MESSAGE][PASSED] - Delayed 10 second(s)

2018-09-23 09:02:41 - [TEST_STEP][PASSED] - closeBrowser: Browser is closed

2018-09-23 09:02:43 - [MESSAGE][PASSED] - Browser is closed

2018-09-23 09:02:43 - [MESSAGE][PASSED] - Call Test Case 'Test Cases/AccLoginValidLoginValidPwd/AccLoginValidLoginValidPwd' successfully

2018-09-23 09:02:43 - [TEST_STEP][FAILED] - click: Unable to click on object 'Object Repository/AccLogout/Page_Account Details/span_Sign Out' (Root cause: com.kms.katalon.core.webui.exception.BrowserNotOpenedException: Browser is not opened
Build info: version: '3.7.1', revision: '8a0099a', time: '2017-11-06T21:07:36.161Z'
System info: host: 'WS-124157L', ip: '192.168.56.1', os.name: 'Windows 10', os.arch: 'amd64', os.version: '10.0', java.version: '1.8.0_181'
Driver info: driver.version: unknown)

2018-09-23 09:02:43 - [MESSAGE][WARNING] - Cannot take screenshot

2018-09-23 09:02:43 - [MESSAGE][FAILED] - Unable to click on object 'Object Repository/AccLogout/Page_Account Details/span_Sign Out' (Root cause: com.kms.katalon.core.webui.exception.BrowserNotOpenedException: Browser is not opened
Build info: version: '3.7.1', revision: '8a0099a', time: '2017-11-06T21:07:36.161Z'
System info: host: 'WS-124157L', ip: '192.168.56.1', os.name: 'Windows 10', os.arch: 'amd64', os.version: '10.0', java.version: '1.8.0_181'
Driver info: driver.version: unknown)]]></system-out>
         <system-err><![CDATA[2018-09-23 09:02:12 - [TEST_CASE][FAILED] - Test Cases/AccLogout/AccLogout: Test Cases/AccLogout/AccLogout FAILED because (of) (Stack trace: com.kms.katalon.core.exception.StepFailedException: Unable to click on object 'Object Repository/AccLogout/Page_Account Details/span_Sign Out' (Root cause: com.kms.katalon.core.webui.exception.BrowserNotOpenedException: Browser is not opened
Build info: version: '3.7.1', revision: '8a0099a', time: '2017-11-06T21:07:36.161Z'
System info: host: 'WS-124157L', ip: '192.168.56.1', os.name: 'Windows 10', os.arch: 'amd64', os.version: '10.0', java.version: '1.8.0_181'
Driver info: driver.version: unknown)
	at com.kms.katalon.core.keyword.internal.KeywordMain.stepFailed(KeywordMain.groovy:36)
	at com.kms.katalon.core.webui.keyword.internal.WebUIKeywordMain.stepFailed(WebUIKeywordMain.groovy:65)
	at com.kms.katalon.core.webui.keyword.internal.WebUIKeywordMain.runKeyword(WebUIKeywordMain.groovy:27)
	at com.kms.katalon.core.webui.keyword.builtin.ClickKeyword.click(ClickKeyword.groovy:86)
	at com.kms.katalon.core.webui.keyword.builtin.ClickKeyword.execute(ClickKeyword.groovy:67)
	at com.kms.katalon.core.keyword.internal.KeywordExecutor.executeKeywordForPlatform(KeywordExecutor.groovy:53)
	at com.kms.katalon.core.webui.keyword.WebUiBuiltInKeywords.click(WebUiBuiltInKeywords.groovy:616)
	at com.kms.katalon.core.webui.keyword.WebUiBuiltInKeywords$click$6.call(Unknown Source)
	at org.codehaus.groovy.runtime.callsite.CallSiteArray.defaultCall(CallSiteArray.java:48)
	at org.codehaus.groovy.runtime.callsite.AbstractCallSite.call(AbstractCallSite.java:113)
	at org.codehaus.groovy.runtime.callsite.AbstractCallSite.call(AbstractCallSite.java:125)
	at Script1536857559040.run(Script1536857559040.groovy:33)
	at com.kms.katalon.core.main.ScriptEngine.run(ScriptEngine.java:183)
	at com.kms.katalon.core.main.ScriptEngine.runScriptAsRawText(ScriptEngine.java:108)
	at com.kms.katalon.core.main.TestCaseExecutor.runScript(TestCaseExecutor.java:294)
	at com.kms.katalon.core.main.TestCaseExecutor.doExecute(TestCaseExecutor.java:285)
	at com.kms.katalon.core.main.TestCaseExecutor.processExecutionPhase(TestCaseExecutor.java:264)
	at com.kms.katalon.core.main.TestCaseExecutor.accessMainPhase(TestCaseExecutor.java:256)
	at com.kms.katalon.core.main.TestCaseExecutor.execute(TestCaseExecutor.java:200)
	at com.kms.katalon.core.main.TestSuiteExecutor.accessTestCaseMainPhase(TestSuiteExecutor.java:129)
	at com.kms.katalon.core.main.TestSuiteExecutor.accessTestSuiteMainPhase(TestSuiteExecutor.java:112)
	at com.kms.katalon.core.main.TestSuiteExecutor.execute(TestSuiteExecutor.java:81)
	at com.kms.katalon.core.main.TestCaseMain.startTestSuite(TestCaseMain.java:142)
	at com.kms.katalon.core.main.TestCaseMain$startTestSuite$0.call(Unknown Source)
	at org.codehaus.groovy.runtime.callsite.CallSiteArray.defaultCall(CallSiteArray.java:48)
	at org.codehaus.groovy.runtime.callsite.AbstractCallSite.call(AbstractCallSite.java:113)
	at org.codehaus.groovy.runtime.callsite.AbstractCallSite.call(AbstractCallSite.java:141)
	at TempTestSuite1537718345077.run(TempTestSuite1537718345077.groovy:36)
	at groovy.lang.GroovyShell.runScriptOrMainOrTestOrRunnable(GroovyShell.java:263)
	at groovy.lang.GroovyShell.run(GroovyShell.java:518)
	at groovy.lang.GroovyShell.run(GroovyShell.java:507)
	at groovy.ui.GroovyMain.processOnce(GroovyMain.java:653)
	at groovy.ui.GroovyMain.run(GroovyMain.java:384)
	at groovy.ui.GroovyMain.process(GroovyMain.java:370)
	at groovy.ui.GroovyMain.processArgs(GroovyMain.java:129)
	at groovy.ui.GroovyMain.main(GroovyMain.java:109)
	at sun.reflect.NativeMethodAccessorImpl.invoke0(Native Method)
	at sun.reflect.NativeMethodAccessorImpl.invoke(NativeMethodAccessorImpl.java:62)
	at sun.reflect.DelegatingMethodAccessorImpl.invoke(DelegatingMethodAccessorImpl.java:43)
	at java.lang.reflect.Method.invoke(Method.java:498)
	at org.codehaus.groovy.tools.GroovyStarter.rootLoader(GroovyStarter.java:109)
	at org.codehaus.groovy.tools.GroovyStarter.main(GroovyStarter.java:131)
)]]></system-err>
      </testcase>
      <system-out><![CDATA[2018-09-23 08:59:07 - [TEST_SUITE][FAILED] - AccountsHealthCheck: Test Cases/AccLogout/AccLogout FAILED because (of) (Stack trace: com.kms.katalon.core.exception.StepFailedException: Unable to click on object 'Object Repository/AccLogout/Page_Account Details/span_Sign Out' (Root cause: com.kms.katalon.core.webui.exception.BrowserNotOpenedException: Browser is not opened
Build info: version: '3.7.1', revision: '8a0099a', time: '2017-11-06T21:07:36.161Z'
System info: host: 'WS-124157L', ip: '192.168.56.1', os.name: 'Windows 10', os.arch: 'amd64', os.version: '10.0', java.version: '1.8.0_181'
Driver info: driver.version: unknown)
	at com.kms.katalon.core.keyword.internal.KeywordMain.stepFailed(KeywordMain.groovy:36)
	at com.kms.katalon.core.webui.keyword.internal.WebUIKeywordMain.stepFailed(WebUIKeywordMain.groovy:65)
	at com.kms.katalon.core.webui.keyword.internal.WebUIKeywordMain.runKeyword(WebUIKeywordMain.groovy:27)
	at com.kms.katalon.core.webui.keyword.builtin.ClickKeyword.click(ClickKeyword.groovy:86)
	at com.kms.katalon.core.webui.keyword.builtin.ClickKeyword.execute(ClickKeyword.groovy:67)
	at com.kms.katalon.core.keyword.internal.KeywordExecutor.executeKeywordForPlatform(KeywordExecutor.groovy:53)
	at com.kms.katalon.core.webui.keyword.WebUiBuiltInKeywords.click(WebUiBuiltInKeywords.groovy:616)
	at com.kms.katalon.core.webui.keyword.WebUiBuiltInKeywords$click$6.call(Unknown Source)
	at org.codehaus.groovy.runtime.callsite.CallSiteArray.defaultCall(CallSiteArray.java:48)
	at org.codehaus.groovy.runtime.callsite.AbstractCallSite.call(AbstractCallSite.java:113)
	at org.codehaus.groovy.runtime.callsite.AbstractCallSite.call(AbstractCallSite.java:125)
	at Script1536857559040.run(Script1536857559040.groovy:33)
	at com.kms.katalon.core.main.ScriptEngine.run(ScriptEngine.java:183)
	at com.kms.katalon.core.main.ScriptEngine.runScriptAsRawText(ScriptEngine.java:108)
	at com.kms.katalon.core.main.TestCaseExecutor.runScript(TestCaseExecutor.java:294)
	at com.kms.katalon.core.main.TestCaseExecutor.doExecute(TestCaseExecutor.java:285)
	at com.kms.katalon.core.main.TestCaseExecutor.processExecutionPhase(TestCaseExecutor.java:264)
	at com.kms.katalon.core.main.TestCaseExecutor.accessMainPhase(TestCaseExecutor.java:256)
	at com.kms.katalon.core.main.TestCaseExecutor.execute(TestCaseExecutor.java:200)
	at com.kms.katalon.core.main.TestSuiteExecutor.accessTestCaseMainPhase(TestSuiteExecutor.java:129)
	at com.kms.katalon.core.main.TestSuiteExecutor.accessTestSuiteMainPhase(TestSuiteExecutor.java:112)
	at com.kms.katalon.core.main.TestSuiteExecutor.execute(TestSuiteExecutor.java:81)
	at com.kms.katalon.core.main.TestCaseMain.startTestSuite(TestCaseMain.java:142)
	at com.kms.katalon.core.main.TestCaseMain$startTestSuite$0.call(Unknown Source)
	at org.codehaus.groovy.runtime.callsite.CallSiteArray.defaultCall(CallSiteArray.java:48)
	at org.codehaus.groovy.runtime.callsite.AbstractCallSite.call(AbstractCallSite.java:113)
	at org.codehaus.groovy.runtime.callsite.AbstractCallSite.call(AbstractCallSite.java:141)
	at TempTestSuite1537718345077.run(TempTestSuite1537718345077.groovy:36)
	at groovy.lang.GroovyShell.runScriptOrMainOrTestOrRunnable(GroovyShell.java:263)
	at groovy.lang.GroovyShell.run(GroovyShell.java:518)
	at groovy.lang.GroovyShell.run(GroovyShell.java:507)
	at groovy.ui.GroovyMain.processOnce(GroovyMain.java:653)
	at groovy.ui.GroovyMain.run(GroovyMain.java:384)
	at groovy.ui.GroovyMain.process(GroovyMain.java:370)
	at groovy.ui.GroovyMain.processArgs(GroovyMain.java:129)
	at groovy.ui.GroovyMain.main(GroovyMain.java:109)
	at sun.reflect.NativeMethodAccessorImpl.invoke0(Native Method)
	at sun.reflect.NativeMethodAccessorImpl.invoke(NativeMethodAccessorImpl.java:62)
	at sun.reflect.DelegatingMethodAccessorImpl.invoke(DelegatingMethodAccessorImpl.java:43)
	at java.lang.reflect.Method.invoke(Method.java:498)
	at org.codehaus.groovy.tools.GroovyStarter.rootLoader(GroovyStarter.java:109)
	at org.codehaus.groovy.tools.GroovyStarter.main(GroovyStarter.java:131)
)]]></system-out>
      <system-err><![CDATA[2018-09-23 08:59:07 - [TEST_SUITE][FAILED] - AccountsHealthCheck: Test Cases/AccLogout/AccLogout FAILED because (of) (Stack trace: com.kms.katalon.core.exception.StepFailedException: Unable to click on object 'Object Repository/AccLogout/Page_Account Details/span_Sign Out' (Root cause: com.kms.katalon.core.webui.exception.BrowserNotOpenedException: Browser is not opened
Build info: version: '3.7.1', revision: '8a0099a', time: '2017-11-06T21:07:36.161Z'
System info: host: 'WS-124157L', ip: '192.168.56.1', os.name: 'Windows 10', os.arch: 'amd64', os.version: '10.0', java.version: '1.8.0_181'
Driver info: driver.version: unknown)
	at com.kms.katalon.core.keyword.internal.KeywordMain.stepFailed(KeywordMain.groovy:36)
	at com.kms.katalon.core.webui.keyword.internal.WebUIKeywordMain.stepFailed(WebUIKeywordMain.groovy:65)
	at com.kms.katalon.core.webui.keyword.internal.WebUIKeywordMain.runKeyword(WebUIKeywordMain.groovy:27)
	at com.kms.katalon.core.webui.keyword.builtin.ClickKeyword.click(ClickKeyword.groovy:86)
	at com.kms.katalon.core.webui.keyword.builtin.ClickKeyword.execute(ClickKeyword.groovy:67)
	at com.kms.katalon.core.keyword.internal.KeywordExecutor.executeKeywordForPlatform(KeywordExecutor.groovy:53)
	at com.kms.katalon.core.webui.keyword.WebUiBuiltInKeywords.click(WebUiBuiltInKeywords.groovy:616)
	at com.kms.katalon.core.webui.keyword.WebUiBuiltInKeywords$click$6.call(Unknown Source)
	at org.codehaus.groovy.runtime.callsite.CallSiteArray.defaultCall(CallSiteArray.java:48)
	at org.codehaus.groovy.runtime.callsite.AbstractCallSite.call(AbstractCallSite.java:113)
	at org.codehaus.groovy.runtime.callsite.AbstractCallSite.call(AbstractCallSite.java:125)
	at Script1536857559040.run(Script1536857559040.groovy:33)
	at com.kms.katalon.core.main.ScriptEngine.run(ScriptEngine.java:183)
	at com.kms.katalon.core.main.ScriptEngine.runScriptAsRawText(ScriptEngine.java:108)
	at com.kms.katalon.core.main.TestCaseExecutor.runScript(TestCaseExecutor.java:294)
	at com.kms.katalon.core.main.TestCaseExecutor.doExecute(TestCaseExecutor.java:285)
	at com.kms.katalon.core.main.TestCaseExecutor.processExecutionPhase(TestCaseExecutor.java:264)
	at com.kms.katalon.core.main.TestCaseExecutor.accessMainPhase(TestCaseExecutor.java:256)
	at com.kms.katalon.core.main.TestCaseExecutor.execute(TestCaseExecutor.java:200)
	at com.kms.katalon.core.main.TestSuiteExecutor.accessTestCaseMainPhase(TestSuiteExecutor.java:129)
	at com.kms.katalon.core.main.TestSuiteExecutor.accessTestSuiteMainPhase(TestSuiteExecutor.java:112)
	at com.kms.katalon.core.main.TestSuiteExecutor.execute(TestSuiteExecutor.java:81)
	at com.kms.katalon.core.main.TestCaseMain.startTestSuite(TestCaseMain.java:142)
	at com.kms.katalon.core.main.TestCaseMain$startTestSuite$0.call(Unknown Source)
	at org.codehaus.groovy.runtime.callsite.CallSiteArray.defaultCall(CallSiteArray.java:48)
	at org.codehaus.groovy.runtime.callsite.AbstractCallSite.call(AbstractCallSite.java:113)
	at org.codehaus.groovy.runtime.callsite.AbstractCallSite.call(AbstractCallSite.java:141)
	at TempTestSuite1537718345077.run(TempTestSuite1537718345077.groovy:36)
	at groovy.lang.GroovyShell.runScriptOrMainOrTestOrRunnable(GroovyShell.java:263)
	at groovy.lang.GroovyShell.run(GroovyShell.java:518)
	at groovy.lang.GroovyShell.run(GroovyShell.java:507)
	at groovy.ui.GroovyMain.processOnce(GroovyMain.java:653)
	at groovy.ui.GroovyMain.run(GroovyMain.java:384)
	at groovy.ui.GroovyMain.process(GroovyMain.java:370)
	at groovy.ui.GroovyMain.processArgs(GroovyMain.java:129)
	at groovy.ui.GroovyMain.main(GroovyMain.java:109)
	at sun.reflect.NativeMethodAccessorImpl.invoke0(Native Method)
	at sun.reflect.NativeMethodAccessorImpl.invoke(NativeMethodAccessorImpl.java:62)
	at sun.reflect.DelegatingMethodAccessorImpl.invoke(DelegatingMethodAccessorImpl.java:43)
	at java.lang.reflect.Method.invoke(Method.java:498)
	at org.codehaus.groovy.tools.GroovyStarter.rootLoader(GroovyStarter.java:109)
	at org.codehaus.groovy.tools.GroovyStarter.main(GroovyStarter.java:131)
)]]></system-err>
   </testsuite>
</testsuites>
