<?xml version="1.0" encoding="UTF-8"?>
<testsuites name="AccountsHealthCheck" time="172" tests="6" failures="0" errors="0">
   <testsuite name="AccountsHealthCheck" tests="6" failures="0" errors="0" time="172" timestamp="2018-09-21 09:34:44" hostname="dast - WS-124157L.wz.hasbro.com" id="Test Suites/AccountsHealthCheck">
      <properties>
         <property name="deviceName" value=""/>
         <property name="devicePlatform" value=""/>
         <property name="logFolder" value="C:\\WZ\\New folder\\AccountsHealthCheck\\AccountsHealthCheck\\Reports\\AccountsHealthCheck\\20180921_093437"/>
         <property name="logFiles" value="C:\\WZ\\New folder\\AccountsHealthCheck\\AccountsHealthCheck\\Reports\\AccountsHealthCheck\\20180921_093437\\execution0.log"/>
         <property name="attachments" value="C:\\WZ\\New folder\\AccountsHealthCheck\\AccountsHealthCheck\\Reports\\AccountsHealthCheck\\20180921_093437\\1537547705444.png, C:\\WZ\\New folder\\AccountsHealthCheck\\AccountsHealthCheck\\Reports\\AccountsHealthCheck\\20180921_093437\\1537547757539.png, C:\\WZ\\New folder\\AccountsHealthCheck\\AccountsHealthCheck\\Reports\\AccountsHealthCheck\\20180921_093437\\1537547816535.png, C:\\WZ\\New folder\\AccountsHealthCheck\\AccountsHealthCheck\\Reports\\AccountsHealthCheck\\20180921_093437\\1537547838880.png"/>
         <property name="hostName" value="dast - WS-124157L.wz.hasbro.com"/>
         <property name="os" value="Windows 10 64bit"/>
         <property name="katalonVersion" value="5.7.1.1"/>
         <property name="browser" value="Chrome 69.0.3497.100"/>
         <property name="hostAddress" value="192.168.56.1"/>
         <property name="sessionId" value="3f9e3551252ba7653cbed65e12b346a9"/>
         <property name="seleniumVersion" value="3.7.1"/>
         <property name="proxyInformation" value="ProxyInformation{proxyOption=NO_PROXY, proxyServerType=HTTP, password=, proxyServerAddress=, proxyServerPort=0}"/>
         <property name="platform" value="Windows 10"/>
      </properties>
      <testcase name="Test Cases/AccCreateNonCoppaAccount/AccCreateNonCoppaAccount" classname="Test Cases/AccCreateNonCoppaAccount/AccCreateNonCoppaAccount" status="PASSED">
         <system-out><![CDATA[2018-09-21 09:34:45 - [TEST_CASE][PASSED] - Test Cases/AccCreateNonCoppaAccount/AccCreateNonCoppaAccount: Test Cases/AccCreateNonCoppaAccount/AccCreateNonCoppaAccount

2018-09-21 09:34:45 - [TEST_STEP][PASSED] - openBrowser: Browser is opened with url: 'https://webr12accounts.wizards.com/'

2018-09-21 09:34:53 - [MESSAGE][PASSED] - Browser is opened with url: 'https://webr12accounts.wizards.com/'

2018-09-21 09:34:53 - [TEST_STEP][PASSED] - maximizeWindow: Current window maximized

2018-09-21 09:34:54 - [MESSAGE][PASSED] - Current window maximized

2018-09-21 09:34:54 - [TEST_STEP][PASSED] - Statement - driver = com.kms.katalon.core.webui.driver.DriverFactory.getWebDriver(): null

2018-09-21 09:34:54 - [TEST_STEP][PASSED] - Statement - baseUrl = "https://webr12accounts.wizards.com/": null

2018-09-21 09:34:54 - [TEST_STEP][PASSED] - Statement - selenium = new com.thoughtworks.selenium.webdriven.WebDriverBackedSelenium(driver, baseUrl): null

2018-09-21 09:34:54 - [TEST_STEP][PASSED] - Statement - selenium.open("https://webr12accounts.wizards.com/"): null

2018-09-21 09:34:54 - [TEST_STEP][PASSED] - waitForPageLoad: Wait for page load successfully

2018-09-21 09:34:54 - [MESSAGE][PASSED] - Wait for page load successfully

2018-09-21 09:34:54 - [TEST_STEP][PASSED] - delay: Delayed 10 second(s)

2018-09-21 09:35:05 - [MESSAGE][PASSED] - Delayed 10 second(s)

2018-09-21 09:35:05 - [TEST_STEP][PASSED] - Statement - selenium.click("id=join"): null

2018-09-21 09:35:05 - [TEST_STEP][PASSED] - switchToFrame: Switched to iframe: 'Object Repository/AccCreateNonCoppaAccount/iframe_wotcAccountWidgetModalIframe'

2018-09-21 09:35:05 - [TEST_STEP][PASSED] - switchToWindowIndex: Unable to switch to window with index: 'TestObject - 'Object Repository/AccCreateNonCoppaAccount/iframe_wotcAccountWidgetModalIframe'' (Root cause: java.lang.NumberFormatException: For input string: "TestObject - 'Object Repository/AccCreateNonCoppaAccount/iframe_wotcAccountWidgetModalIframe'")

2018-09-21 09:35:06 - [MESSAGE][WARNING] - Unable to switch to window with index: 'TestObject - 'Object Repository/AccCreateNonCoppaAccount/iframe_wotcAccountWidgetModalIframe'' (Root cause: java.lang.NumberFormatException: For input string: "TestObject - 'Object Repository/AccCreateNonCoppaAccount/iframe_wotcAccountWidgetModalIframe'")
[[ATTACHMENT|C:\\WZ\\New folder\\AccountsHealthCheck\\AccountsHealthCheck\\Reports\\AccountsHealthCheck\\20180921_093437\\1537547705444.png]]

2018-09-21 09:35:06 - [TEST_STEP][PASSED] - delay: Delayed 8 second(s)

2018-09-21 09:35:14 - [MESSAGE][PASSED] - Delayed 8 second(s)

2018-09-21 09:35:14 - [TEST_STEP][PASSED] - waitForPageLoad: Wait for page load successfully

2018-09-21 09:35:14 - [MESSAGE][PASSED] - Wait for page load successfully

2018-09-21 09:35:14 - [TEST_STEP][PASSED] - Statement - selenium.type("id=firstname", "sdss"): null

2018-09-21 09:35:14 - [TEST_STEP][PASSED] - Statement - selenium.type("id=lastname", "test"): null

2018-09-21 09:35:14 - [TEST_STEP][PASSED] - Statement - selenium.click("id=dob_Year"): null

2018-09-21 09:35:14 - [TEST_STEP][PASSED] - Statement - selenium.select("id=dob_Year", "label=2003"): null

2018-09-21 09:35:14 - [TEST_STEP][PASSED] - Statement - selenium.click("id=dob_Year"): null

2018-09-21 09:35:14 - [TEST_STEP][PASSED] - Statement - selenium.click("id=dob_Month"): null

2018-09-21 09:35:15 - [TEST_STEP][PASSED] - Statement - selenium.select("id=dob_Month", "label=12"): null

2018-09-21 09:35:15 - [TEST_STEP][PASSED] - Statement - selenium.click("id=dob_Month"): null

2018-09-21 09:35:15 - [TEST_STEP][PASSED] - Statement - selenium.click("id=dob_Day"): null

2018-09-21 09:35:15 - [TEST_STEP][PASSED] - Statement - selenium.select("id=dob_Day", "label=18"): null

2018-09-21 09:35:15 - [TEST_STEP][PASSED] - Statement - selenium.click("id=dob_Day"): null

2018-09-21 09:35:15 - [TEST_STEP][PASSED] - Statement - selenium.click("id=email"): null

2018-09-21 09:35:16 - [TEST_STEP][PASSED] - Statement - selenium.type("id=email", "raymantest7868@test.wizards.com"): null

2018-09-21 09:35:16 - [TEST_STEP][PASSED] - Statement - selenium.click("id=username"): null

2018-09-21 09:35:16 - [TEST_STEP][PASSED] - Statement - selenium.type("id=username", "raymantest7868"): null

2018-09-21 09:35:16 - [TEST_STEP][PASSED] - Statement - selenium.type("id=password", "Password1!"): null

2018-09-21 09:35:16 - [TEST_STEP][PASSED] - Statement - selenium.type("id=confirmPassword", "Password1!"): null

2018-09-21 09:35:16 - [TEST_STEP][PASSED] - Statement - selenium.type("id=joinCaptchaAnswer", "TEST"): null

2018-09-21 09:35:16 - [TEST_STEP][PASSED] - Statement - selenium.click("id=next"): null

2018-09-21 09:35:16 - [TEST_STEP][PASSED] - delay: Delayed 10 second(s)

2018-09-21 09:35:26 - [MESSAGE][PASSED] - Delayed 10 second(s)

2018-09-21 09:35:26 - [TEST_STEP][PASSED] - closeBrowser: Browser is closed

2018-09-21 09:35:28 - [MESSAGE][PASSED] - Browser is closed]]></system-out>
         <system-err><![CDATA[]]></system-err>
      </testcase>
      <testcase name="Test Cases/AccCreateNonCoppaAccount/squirrelmailNonCoppaAccount" classname="Test Cases/AccCreateNonCoppaAccount/squirrelmailNonCoppaAccount" status="PASSED">
         <system-out><![CDATA[2018-09-21 09:35:30 - [TEST_CASE][PASSED] - Test Cases/AccCreateNonCoppaAccount/squirrelmailNonCoppaAccount: Test Cases/AccCreateNonCoppaAccount/squirrelmailNonCoppaAccount

2018-09-21 09:35:31 - [TEST_STEP][PASSED] - openBrowser: Browser is opened with url: 'http://rntmailtest01/webmail/src/login.php'

2018-09-21 09:35:34 - [MESSAGE][PASSED] - Browser is opened with url: 'http://rntmailtest01/webmail/src/login.php'

2018-09-21 09:35:34 - [TEST_STEP][PASSED] - Statement - driver = com.kms.katalon.core.webui.driver.DriverFactory.getWebDriver(): null

2018-09-21 09:35:34 - [TEST_STEP][PASSED] - Statement - baseUrl = "http://rntmailtest01/webmail/src/login.php": null

2018-09-21 09:35:34 - [TEST_STEP][PASSED] - Statement - selenium = new com.thoughtworks.selenium.webdriven.WebDriverBackedSelenium(driver, baseUrl): null

2018-09-21 09:35:34 - [TEST_STEP][PASSED] - Statement - selenium.open("http://rntmailtest01/webmail/src/login.php"): null

2018-09-21 09:35:34 - [TEST_STEP][PASSED] - Statement - selenium.type("name=login_username", "loadtest"): null

2018-09-21 09:35:34 - [TEST_STEP][PASSED] - Statement - selenium.click("//center/table"): null

2018-09-21 09:35:34 - [TEST_STEP][PASSED] - Statement - selenium.click("name=secretkey"): null

2018-09-21 09:35:34 - [TEST_STEP][PASSED] - Statement - selenium.type("name=secretkey", "Wizz0Wizz"): null

2018-09-21 09:35:35 - [TEST_STEP][PASSED] - Statement - selenium.click("xpath=(.//*[normalize-space(text()) and normalize-space(.)='Password:'])[1]/following::input[4]"): null

2018-09-21 09:35:35 - [TEST_STEP][PASSED] - Statement - selenium.selectFrame("index=1"): null

2018-09-21 09:35:35 - [TEST_STEP][PASSED] - Statement - selenium.click("link=Wizards Account Verification"): null

2018-09-21 09:35:35 - [TEST_STEP][PASSED] - switchToWindowTitle: Switched to window with title: 'SquirrelMail 1.4.8-5.el5.centos.10'

2018-09-21 09:35:36 - [MESSAGE][PASSED] - Switched to window with title: 'SquirrelMail 1.4.8-5.el5.centos.10'

2018-09-21 09:35:36 - [TEST_STEP][PASSED] - click: Object: 'Object Repository/AccCreateNonCoppaAccount/Page_SquirrelMail 1.4.8-5.el5.cento/a_Click here to activate your' is clicked on

2018-09-21 09:35:36 - [MESSAGE][PASSED] - Object: 'Object Repository/AccCreateNonCoppaAccount/Page_SquirrelMail 1.4.8-5.el5.cento/a_Click here to activate your' is clicked on]]></system-out>
         <system-err><![CDATA[]]></system-err>
      </testcase>
      <testcase name="Test Cases/AccCreateCoppaAccount/AccCreateCoppaAccount" classname="Test Cases/AccCreateCoppaAccount/AccCreateCoppaAccount" status="PASSED">
         <system-out><![CDATA[2018-09-21 09:35:39 - [TEST_CASE][PASSED] - Test Cases/AccCreateCoppaAccount/AccCreateCoppaAccount: Test Cases/AccCreateCoppaAccount/AccCreateCoppaAccount

2018-09-21 09:35:39 - [TEST_STEP][PASSED] - openBrowser: Browser is opened with url: 'https://webr12accounts.wizards.com/'

2018-09-21 09:35:39 - [MESSAGE][WARNING] - A browser is already opened. Closing browser and opening a new one

2018-09-21 09:35:44 - [MESSAGE][PASSED] - Browser is opened with url: 'https://webr12accounts.wizards.com/'

2018-09-21 09:35:44 - [TEST_STEP][PASSED] - maximizeWindow: Current window maximized

2018-09-21 09:35:45 - [MESSAGE][PASSED] - Current window maximized

2018-09-21 09:35:45 - [TEST_STEP][PASSED] - Statement - driver = com.kms.katalon.core.webui.driver.DriverFactory.getWebDriver(): null

2018-09-21 09:35:45 - [TEST_STEP][PASSED] - Statement - baseUrl = "https://webr12accounts.wizards.com/": null

2018-09-21 09:35:45 - [TEST_STEP][PASSED] - Statement - selenium = new com.thoughtworks.selenium.webdriven.WebDriverBackedSelenium(driver, baseUrl): null

2018-09-21 09:35:45 - [TEST_STEP][PASSED] - Statement - selenium.open("https://webr12accounts.wizards.com/"): null

2018-09-21 09:35:47 - [TEST_STEP][PASSED] - waitForPageLoad: Wait for page load successfully

2018-09-21 09:35:47 - [MESSAGE][PASSED] - Wait for page load successfully

2018-09-21 09:35:47 - [TEST_STEP][PASSED] - delay: Delayed 10 second(s)

2018-09-21 09:35:57 - [MESSAGE][PASSED] - Delayed 10 second(s)

2018-09-21 09:35:57 - [TEST_STEP][PASSED] - Statement - selenium.click("id=join"): null

2018-09-21 09:35:57 - [TEST_STEP][PASSED] - switchToFrame: Switched to iframe: 'Object Repository/AccCreateNonCoppaAccount/iframe_wotcAccountWidgetModalIframe'

2018-09-21 09:35:57 - [TEST_STEP][PASSED] - switchToWindowIndex: Unable to switch to window with index: 'TestObject - 'Object Repository/AccCreateNonCoppaAccount/iframe_wotcAccountWidgetModalIframe'' (Root cause: java.lang.NumberFormatException: For input string: "TestObject - 'Object Repository/AccCreateNonCoppaAccount/iframe_wotcAccountWidgetModalIframe'")

2018-09-21 09:35:58 - [MESSAGE][WARNING] - Unable to switch to window with index: 'TestObject - 'Object Repository/AccCreateNonCoppaAccount/iframe_wotcAccountWidgetModalIframe'' (Root cause: java.lang.NumberFormatException: For input string: "TestObject - 'Object Repository/AccCreateNonCoppaAccount/iframe_wotcAccountWidgetModalIframe'")
[[ATTACHMENT|C:\\WZ\\New folder\\AccountsHealthCheck\\AccountsHealthCheck\\Reports\\AccountsHealthCheck\\20180921_093437\\1537547757539.png]]

2018-09-21 09:35:58 - [TEST_STEP][PASSED] - delay: Delayed 8 second(s)

2018-09-21 09:36:06 - [MESSAGE][PASSED] - Delayed 8 second(s)

2018-09-21 09:36:06 - [TEST_STEP][PASSED] - waitForPageLoad: Wait for page load successfully

2018-09-21 09:36:06 - [MESSAGE][PASSED] - Wait for page load successfully

2018-09-21 09:36:06 - [TEST_STEP][PASSED] - Statement - selenium.type("id=firstname", "sdss"): null

2018-09-21 09:36:06 - [TEST_STEP][PASSED] - Statement - selenium.type("id=lastname", "test"): null

2018-09-21 09:36:06 - [TEST_STEP][PASSED] - Statement - selenium.click("id=countryCode"): null

2018-09-21 09:36:06 - [TEST_STEP][PASSED] - Statement - selenium.select("id=countryCode", "label=Austria"): null

2018-09-21 09:36:06 - [TEST_STEP][PASSED] - Statement - selenium.click("id=countryCode"): null

2018-09-21 09:36:07 - [TEST_STEP][PASSED] - Statement - selenium.click("id=dob_Year"): null

2018-09-21 09:36:07 - [TEST_STEP][PASSED] - Statement - selenium.select("id=dob_Year", "label=2005"): null

2018-09-21 09:36:07 - [TEST_STEP][PASSED] - Statement - selenium.click("id=dob_Year"): null

2018-09-21 09:36:07 - [TEST_STEP][PASSED] - Statement - selenium.click("id=dob_Month"): null

2018-09-21 09:36:07 - [TEST_STEP][PASSED] - Statement - selenium.select("id=dob_Month", "label=12"): null

2018-09-21 09:36:07 - [TEST_STEP][PASSED] - Statement - selenium.click("id=dob_Month"): null

2018-09-21 09:36:07 - [TEST_STEP][PASSED] - Statement - selenium.click("id=dob_Day"): null

2018-09-21 09:36:08 - [TEST_STEP][PASSED] - Statement - selenium.select("id=dob_Day", "label=18"): null

2018-09-21 09:36:08 - [TEST_STEP][PASSED] - Statement - selenium.click("id=dob_Day"): null

2018-09-21 09:36:08 - [TEST_STEP][PASSED] - Statement - selenium.click("id=email"): null

2018-09-21 09:36:08 - [TEST_STEP][PASSED] - Statement - selenium.type("id=email", "raymantest7867@test.wizards.com"): null

2018-09-21 09:36:08 - [TEST_STEP][PASSED] - Statement - selenium.click("id=username"): null

2018-09-21 09:36:08 - [TEST_STEP][PASSED] - Statement - selenium.type("id=username", "raymantest7867"): null

2018-09-21 09:36:08 - [TEST_STEP][PASSED] - Statement - selenium.type("id=password", "Password1!"): null

2018-09-21 09:36:09 - [TEST_STEP][PASSED] - Statement - selenium.type("id=confirmPassword", "Password1!"): null

2018-09-21 09:36:09 - [TEST_STEP][PASSED] - Statement - selenium.type("id=joinCaptchaAnswer", "TEST"): null

2018-09-21 09:36:09 - [TEST_STEP][PASSED] - Statement - selenium.click("xpath=(.//*[normalize-space(text()) and normalize-space(.)='A drawing of your favorite Planeswalker'])[2]/following::label[1]"): null

2018-09-21 09:36:09 - [TEST_STEP][PASSED] - Statement - selenium.click("id=next"): null

2018-09-21 09:36:09 - [TEST_STEP][PASSED] - delay: Delayed 10 second(s)

2018-09-21 09:36:19 - [MESSAGE][PASSED] - Delayed 10 second(s)

2018-09-21 09:36:19 - [TEST_STEP][PASSED] - Statement - selenium.click("id=getForm"): null

2018-09-21 09:36:19 - [TEST_STEP][PASSED] - switchToWindowUrl: Switched to window with url: 'http://media.wizards.com/downloads/wizardsaccount/coppawizardsparentalconsentform_en.pdf'

2018-09-21 09:36:20 - [MESSAGE][PASSED] - Switched to window with url: 'http://media.wizards.com/downloads/wizardsaccount/coppawizardsparentalconsentform_en.pdf']]></system-out>
         <system-err><![CDATA[]]></system-err>
      </testcase>
      <testcase name="Test Cases/AccCreateCoppaAccount/VerifyEscrowStatus" classname="Test Cases/AccCreateCoppaAccount/VerifyEscrowStatus" status="PASSED">
         <system-out><![CDATA[2018-09-21 09:36:23 - [TEST_CASE][PASSED] - Test Cases/AccCreateCoppaAccount/VerifyEscrowStatus: Test Cases/AccCreateCoppaAccount/VerifyEscrowStatus

2018-09-21 09:36:23 - [TEST_STEP][PASSED] - openBrowser: Browser is opened with url: 'https://www.katalon.com/'

2018-09-21 09:36:23 - [MESSAGE][WARNING] - A browser is already opened. Closing browser and opening a new one

2018-09-21 09:36:31 - [MESSAGE][PASSED] - Browser is opened with url: 'https://www.katalon.com/'

2018-09-21 09:36:31 - [TEST_STEP][PASSED] - Statement - driver = com.kms.katalon.core.webui.driver.DriverFactory.getWebDriver(): null

2018-09-21 09:36:31 - [TEST_STEP][PASSED] - Statement - baseUrl = "https://www.katalon.com/": null

2018-09-21 09:36:31 - [TEST_STEP][PASSED] - Statement - selenium = new com.thoughtworks.selenium.webdriven.WebDriverBackedSelenium(driver, baseUrl): null

2018-09-21 09:36:31 - [TEST_STEP][PASSED] - Statement - selenium.open("https://r12-prime.wz.hasbro.com/search/Escrow"): null

2018-09-21 09:36:38 - [TEST_STEP][PASSED] - Statement - selenium.click("id=EscrowEmail"): null

2018-09-21 09:36:38 - [TEST_STEP][PASSED] - Statement - selenium.type("id=EscrowEmail", "raymantest7864@test.wizards.com"): null

2018-09-21 09:36:38 - [TEST_STEP][PASSED] - Statement - selenium.click("id=Escrowsubmit"): null]]></system-out>
         <system-err><![CDATA[]]></system-err>
      </testcase>
      <testcase name="Test Cases/AccLoginValidLoginValidPwd/AccLoginValidLoginValidPwd" classname="Test Cases/AccLoginValidLoginValidPwd/AccLoginValidLoginValidPwd" status="PASSED">
         <system-out><![CDATA[2018-09-21 09:36:41 - [TEST_CASE][PASSED] - Test Cases/AccLoginValidLoginValidPwd/AccLoginValidLoginValidPwd: Test Cases/AccLoginValidLoginValidPwd/AccLoginValidLoginValidPwd

2018-09-21 09:36:41 - [TEST_STEP][PASSED] - openBrowser: Browser is opened with url: ''

2018-09-21 09:36:41 - [MESSAGE][WARNING] - A browser is already opened. Closing browser and opening a new one

2018-09-21 09:36:45 - [MESSAGE][PASSED] - Browser is opened with url: ''

2018-09-21 09:36:45 - [TEST_STEP][PASSED] - navigateToUrl: Navigate to 'https://webr12accounts.wizards.com/' successfully

2018-09-21 09:36:47 - [MESSAGE][PASSED] - Navigate to 'https://webr12accounts.wizards.com/' successfully

2018-09-21 09:36:47 - [TEST_STEP][PASSED] - maximizeWindow: Current window maximized

2018-09-21 09:36:48 - [MESSAGE][PASSED] - Current window maximized

2018-09-21 09:36:48 - [TEST_STEP][PASSED] - click: Object: 'Object Repository/AccLoginValidLoginValidPwd/Page_Create Your Wizards Account/button_Login' is clicked on

2018-09-21 09:36:48 - [MESSAGE][PASSED] - Object: 'Object Repository/AccLoginValidLoginValidPwd/Page_Create Your Wizards Account/button_Login' is clicked on

2018-09-21 09:36:48 - [TEST_STEP][PASSED] - delay: Delayed 8 second(s)

2018-09-21 09:36:56 - [MESSAGE][PASSED] - Delayed 8 second(s)

2018-09-21 09:36:56 - [TEST_STEP][PASSED] - waitForPageLoad: Wait for page load successfully

2018-09-21 09:36:56 - [MESSAGE][PASSED] - Wait for page load successfully

2018-09-21 09:36:56 - [TEST_STEP][PASSED] - switchToFrame: Switched to iframe: 'Object Repository/AccCreateNonCoppaAccount/iframe_wotcAccountWidgetModalIframe'

2018-09-21 09:36:56 - [TEST_STEP][PASSED] - switchToWindowIndex: Unable to switch to window with index: 'TestObject - 'Object Repository/AccCreateNonCoppaAccount/iframe_wotcAccountWidgetModalIframe'' (Root cause: java.lang.NumberFormatException: For input string: "TestObject - 'Object Repository/AccCreateNonCoppaAccount/iframe_wotcAccountWidgetModalIframe'")

2018-09-21 09:36:57 - [MESSAGE][WARNING] - Unable to switch to window with index: 'TestObject - 'Object Repository/AccCreateNonCoppaAccount/iframe_wotcAccountWidgetModalIframe'' (Root cause: java.lang.NumberFormatException: For input string: "TestObject - 'Object Repository/AccCreateNonCoppaAccount/iframe_wotcAccountWidgetModalIframe'")
[[ATTACHMENT|C:\\WZ\\New folder\\AccountsHealthCheck\\AccountsHealthCheck\\Reports\\AccountsHealthCheck\\20180921_093437\\1537547816535.png]]

2018-09-21 09:36:57 - [TEST_STEP][PASSED] - setText: Text '0test726' is set on object 'Object Repository/AccLoginValidLoginValidPwd/Page_Create Your Wizards Account/input_Login ID_username'

2018-09-21 09:36:57 - [MESSAGE][PASSED] - Text '0test726' is set on object 'Object Repository/AccLoginValidLoginValidPwd/Page_Create Your Wizards Account/input_Login ID_username'

2018-09-21 09:36:57 - [TEST_STEP][PASSED] - setEncryptedText: Text ****** has been set on object 'Object Repository/AccLoginValidLoginValidPwd/Page_Create Your Wizards Account/input_Password_password'

2018-09-21 09:36:58 - [MESSAGE][PASSED] - Text ****** has been set on object 'Object Repository/AccLoginValidLoginValidPwd/Page_Create Your Wizards Account/input_Password_password'

2018-09-21 09:36:58 - [TEST_STEP][PASSED] - focus: Object: 'Object Repository/AccLoginValidLoginValidPwd/Page_Create Your Wizards Account/button_Login (1)' is focused

2018-09-21 09:36:58 - [MESSAGE][PASSED] - Object: 'Object Repository/AccLoginValidLoginValidPwd/Page_Create Your Wizards Account/button_Login (1)' is focused

2018-09-21 09:36:58 - [TEST_STEP][PASSED] - click: Object: 'Object Repository/AccLoginValidLoginValidPwd/Page_Create Your Wizards Account/button_Login (1)' is clicked on

2018-09-21 09:37:00 - [MESSAGE][PASSED] - Object: 'Object Repository/AccLoginValidLoginValidPwd/Page_Create Your Wizards Account/button_Login (1)' is clicked on]]></system-out>
         <system-err><![CDATA[]]></system-err>
      </testcase>
      <testcase name="Test Cases/AccLogout/AccLogout" classname="Test Cases/AccLogout/AccLogout" status="PASSED">
         <system-out><![CDATA[2018-09-21 09:37:03 - [TEST_CASE][PASSED] - Test Cases/AccLogout/AccLogout: Test Cases/AccLogout/AccLogout

2018-09-21 09:37:03 - [TEST_STEP][PASSED] - callTestCase: Call Test Case 'Test Cases/AccLoginValidLoginValidPwd/AccLoginValidLoginValidPwd' successfully

2018-09-21 09:37:03 - [TEST_CASE][PASSED] - Test Cases/AccLoginValidLoginValidPwd/AccLoginValidLoginValidPwd: Test Cases/AccLoginValidLoginValidPwd/AccLoginValidLoginValidPwd

2018-09-21 09:37:03 - [TEST_STEP][PASSED] - openBrowser: Browser is opened with url: ''

2018-09-21 09:37:03 - [MESSAGE][WARNING] - A browser is already opened. Closing browser and opening a new one

2018-09-21 09:37:08 - [MESSAGE][PASSED] - Browser is opened with url: ''

2018-09-21 09:37:08 - [TEST_STEP][PASSED] - navigateToUrl: Navigate to 'https://webr12accounts.wizards.com/' successfully

2018-09-21 09:37:09 - [MESSAGE][PASSED] - Navigate to 'https://webr12accounts.wizards.com/' successfully

2018-09-21 09:37:09 - [TEST_STEP][PASSED] - maximizeWindow: Current window maximized

2018-09-21 09:37:10 - [MESSAGE][PASSED] - Current window maximized

2018-09-21 09:37:10 - [TEST_STEP][PASSED] - click: Object: 'Object Repository/AccLoginValidLoginValidPwd/Page_Create Your Wizards Account/button_Login' is clicked on

2018-09-21 09:37:10 - [MESSAGE][PASSED] - Object: 'Object Repository/AccLoginValidLoginValidPwd/Page_Create Your Wizards Account/button_Login' is clicked on

2018-09-21 09:37:10 - [TEST_STEP][PASSED] - delay: Delayed 8 second(s)

2018-09-21 09:37:18 - [MESSAGE][PASSED] - Delayed 8 second(s)

2018-09-21 09:37:18 - [TEST_STEP][PASSED] - waitForPageLoad: Wait for page load successfully

2018-09-21 09:37:18 - [MESSAGE][PASSED] - Wait for page load successfully

2018-09-21 09:37:18 - [TEST_STEP][PASSED] - switchToFrame: Switched to iframe: 'Object Repository/AccCreateNonCoppaAccount/iframe_wotcAccountWidgetModalIframe'

2018-09-21 09:37:18 - [TEST_STEP][PASSED] - switchToWindowIndex: Unable to switch to window with index: 'TestObject - 'Object Repository/AccCreateNonCoppaAccount/iframe_wotcAccountWidgetModalIframe'' (Root cause: java.lang.NumberFormatException: For input string: "TestObject - 'Object Repository/AccCreateNonCoppaAccount/iframe_wotcAccountWidgetModalIframe'")

2018-09-21 09:37:19 - [MESSAGE][WARNING] - Unable to switch to window with index: 'TestObject - 'Object Repository/AccCreateNonCoppaAccount/iframe_wotcAccountWidgetModalIframe'' (Root cause: java.lang.NumberFormatException: For input string: "TestObject - 'Object Repository/AccCreateNonCoppaAccount/iframe_wotcAccountWidgetModalIframe'")
[[ATTACHMENT|C:\\WZ\\New folder\\AccountsHealthCheck\\AccountsHealthCheck\\Reports\\AccountsHealthCheck\\20180921_093437\\1537547838880.png]]

2018-09-21 09:37:19 - [TEST_STEP][PASSED] - setText: Text '0test726' is set on object 'Object Repository/AccLoginValidLoginValidPwd/Page_Create Your Wizards Account/input_Login ID_username'

2018-09-21 09:37:20 - [MESSAGE][PASSED] - Text '0test726' is set on object 'Object Repository/AccLoginValidLoginValidPwd/Page_Create Your Wizards Account/input_Login ID_username'

2018-09-21 09:37:20 - [TEST_STEP][PASSED] - setEncryptedText: Text ****** has been set on object 'Object Repository/AccLoginValidLoginValidPwd/Page_Create Your Wizards Account/input_Password_password'

2018-09-21 09:37:20 - [MESSAGE][PASSED] - Text ****** has been set on object 'Object Repository/AccLoginValidLoginValidPwd/Page_Create Your Wizards Account/input_Password_password'

2018-09-21 09:37:20 - [TEST_STEP][PASSED] - focus: Object: 'Object Repository/AccLoginValidLoginValidPwd/Page_Create Your Wizards Account/button_Login (1)' is focused

2018-09-21 09:37:20 - [MESSAGE][PASSED] - Object: 'Object Repository/AccLoginValidLoginValidPwd/Page_Create Your Wizards Account/button_Login (1)' is focused

2018-09-21 09:37:20 - [TEST_STEP][PASSED] - click: Object: 'Object Repository/AccLoginValidLoginValidPwd/Page_Create Your Wizards Account/button_Login (1)' is clicked on

2018-09-21 09:37:26 - [MESSAGE][PASSED] - Object: 'Object Repository/AccLoginValidLoginValidPwd/Page_Create Your Wizards Account/button_Login (1)' is clicked on

2018-09-21 09:37:26 - [MESSAGE][PASSED] - Call Test Case 'Test Cases/AccLoginValidLoginValidPwd/AccLoginValidLoginValidPwd' successfully

2018-09-21 09:37:26 - [TEST_STEP][PASSED] - click: Object: 'Object Repository/AccLogout/Page_Account Details/span_Sign Out' is clicked on

2018-09-21 09:37:28 - [MESSAGE][PASSED] - Object: 'Object Repository/AccLogout/Page_Account Details/span_Sign Out' is clicked on

2018-09-21 09:37:28 - [TEST_STEP][PASSED] - delay: Delayed 5 second(s)

2018-09-21 09:37:33 - [MESSAGE][PASSED] - Delayed 5 second(s)

2018-09-21 09:37:33 - [TEST_STEP][PASSED] - closeBrowser: Browser is closed

2018-09-21 09:37:34 - [MESSAGE][PASSED] - Browser is closed]]></system-out>
         <system-err><![CDATA[]]></system-err>
      </testcase>
      <system-out><![CDATA[2018-09-21 09:34:44 - [TEST_SUITE][PASSED] - AccountsHealthCheck: Test Cases/AccLogout/AccLogout]]></system-out>
      <system-err><![CDATA[]]></system-err>
   </testsuite>
</testsuites>
